The system is: Linux - 5.13.0-1023-azure - x86_64
Compiling the CXX compiler identification source file "CMakeCXXCompilerId.cpp" succeeded.
Compiler: /usr/bin/c++ 
Build flags: 
Id flags:  

The output was:
0


Compilation of the CXX compiler identification source "CMakeCXXCompilerId.cpp" produced "a.out"

The CXX compiler identification is GNU, found in "/github/home/telegram-bot-api/build/CMakeFiles/3.22.1/CompilerIdCXX/a.out"

Detecting CXX compiler ABI info compiled with the following output:
Change Dir: /github/home/telegram-bot-api/build/CMakeFiles/CMakeTmp

Run Build Command(s):/usr/bin/gmake -f Makefile cmTC_2a829/fast && /usr/bin/gmake  -f CMakeFiles/cmTC_2a829.dir/build.make CMakeFiles/cmTC_2a829.dir/build
gmake[1]: Entering directory '/github/home/telegram-bot-api/build/CMakeFiles/CMakeTmp'
Building CXX object CMakeFiles/cmTC_2a829.dir/CMakeCXXCompilerABI.cpp.o
/usr/bin/c++   -v -o CMakeFiles/cmTC_2a829.dir/CMakeCXXCompilerABI.cpp.o -c /usr/share/cmake-3.22/Modules/CMakeCXXCompilerABI.cpp
Using built-in specs.
COLLECT_GCC=/usr/bin/c++
OFFLOAD_TARGET_NAMES=nvptx-none:amdgcn-amdhsa
OFFLOAD_TARGET_DEFAULT=1
Target: x86_64-linux-gnu
Configured with: ../src/configure -v --with-pkgversion='Ubuntu 11.2.0-19ubuntu1' --with-bugurl=file:///usr/share/doc/gcc-11/README.Bugs --enable-languages=c,ada,c++,go,brig,d,fortran,objc,obj-c++,m2 --prefix=/usr --with-gcc-major-version-only --program-suffix=-11 --program-prefix=x86_64-linux-gnu- --enable-shared --enable-linker-build-id --libexecdir=/usr/lib --without-included-gettext --enable-threads=posix --libdir=/usr/lib --enable-nls --enable-bootstrap --enable-clocale=gnu --enable-libstdcxx-debug --enable-libstdcxx-time=yes --with-default-libstdcxx-abi=new --enable-gnu-unique-object --disable-vtable-verify --enable-plugin --enable-default-pie --with-system-zlib --enable-libphobos-checking=release --with-target-system-zlib=auto --enable-objc-gc=auto --enable-multiarch --disable-werror --enable-cet --with-arch-32=i686 --with-abi=m64 --with-multilib-list=m32,m64,mx32 --enable-multilib --with-tune=generic --enable-offload-targets=nvptx-none=/build/gcc-11-gBFGDP/gcc-11-11.2.0/debian/tmp-nvptx/usr,amdgcn-amdhsa=/build/gcc-11-gBFGDP/gcc-11-11.2.0/debian/tmp-gcn/usr --without-cuda-driver --enable-checking=release --build=x86_64-linux-gnu --host=x86_64-linux-gnu --target=x86_64-linux-gnu --with-build-config=bootstrap-lto-lean --enable-link-serialization=2
Thread model: posix
Supported LTO compression algorithms: zlib zstd
gcc version 11.2.0 (Ubuntu 11.2.0-19ubuntu1) 
COLLECT_GCC_OPTIONS='-v' '-o' 'CMakeFiles/cmTC_2a829.dir/CMakeCXXCompilerABI.cpp.o' '-c' '-shared-libgcc' '-mtune=generic' '-march=x86-64' '-dumpdir' 'CMakeFiles/cmTC_2a829.dir/'
 /usr/lib/gcc/x86_64-linux-gnu/11/cc1plus -quiet -v -imultiarch x86_64-linux-gnu -D_GNU_SOURCE /usr/share/cmake-3.22/Modules/CMakeCXXCompilerABI.cpp -quiet -dumpdir CMakeFiles/cmTC_2a829.dir/ -dumpbase CMakeCXXCompilerABI.cpp.cpp -dumpbase-ext .cpp -mtune=generic -march=x86-64 -version -fasynchronous-unwind-tables -fstack-protector-strong -Wformat -Wformat-security -fstack-clash-protection -fcf-protection -o /tmp/ccSkmTrK.s
GNU C++17 (Ubuntu 11.2.0-19ubuntu1) version 11.2.0 (x86_64-linux-gnu)
	compiled by GNU C version 11.2.0, GMP version 6.2.1, MPFR version 4.1.0, MPC version 1.2.1, isl version isl-0.24-GMP

GGC heuristics: --param ggc-min-expand=100 --param ggc-min-heapsize=131072
ignoring duplicate directory "/usr/include/x86_64-linux-gnu/c++/11"
ignoring nonexistent directory "/usr/local/include/x86_64-linux-gnu"
ignoring nonexistent directory "/usr/lib/gcc/x86_64-linux-gnu/11/include-fixed"
ignoring nonexistent directory "/usr/lib/gcc/x86_64-linux-gnu/11/../../../../x86_64-linux-gnu/include"
#include "..." search starts here:
#include <...> search starts here:
 /usr/include/c++/11
 /usr/include/x86_64-linux-gnu/c++/11
 /usr/include/c++/11/backward
 /usr/lib/gcc/x86_64-linux-gnu/11/include
 /usr/local/include
 /usr/include/x86_64-linux-gnu
 /usr/include
End of search list.
GNU C++17 (Ubuntu 11.2.0-19ubuntu1) version 11.2.0 (x86_64-linux-gnu)
	compiled by GNU C version 11.2.0, GMP version 6.2.1, MPFR version 4.1.0, MPC version 1.2.1, isl version isl-0.24-GMP

GGC heuristics: --param ggc-min-expand=100 --param ggc-min-heapsize=131072
Compiler executable checksum: 619370d92bf6efc3023abfa7394da0c1
COLLECT_GCC_OPTIONS='-v' '-o' 'CMakeFiles/cmTC_2a829.dir/CMakeCXXCompilerABI.cpp.o' '-c' '-shared-libgcc' '-mtune=generic' '-march=x86-64' '-dumpdir' 'CMakeFiles/cmTC_2a829.dir/'
 as -v --64 -o CMakeFiles/cmTC_2a829.dir/CMakeCXXCompilerABI.cpp.o /tmp/ccSkmTrK.s
GNU assembler version 2.38 (x86_64-linux-gnu) using BFD version (GNU Binutils for Ubuntu) 2.38
COMPILER_PATH=/usr/lib/gcc/x86_64-linux-gnu/11/:/usr/lib/gcc/x86_64-linux-gnu/11/:/usr/lib/gcc/x86_64-linux-gnu/:/usr/lib/gcc/x86_64-linux-gnu/11/:/usr/lib/gcc/x86_64-linux-gnu/
LIBRARY_PATH=/usr/lib/gcc/x86_64-linux-gnu/11/:/usr/lib/gcc/x86_64-linux-gnu/11/../../../x86_64-linux-gnu/:/usr/lib/gcc/x86_64-linux-gnu/11/../../../../lib/:/lib/x86_64-linux-gnu/:/lib/../lib/:/usr/lib/x86_64-linux-gnu/:/usr/lib/../lib/:/usr/lib/gcc/x86_64-linux-gnu/11/../../../:/lib/:/usr/lib/
COLLECT_GCC_OPTIONS='-v' '-o' 'CMakeFiles/cmTC_2a829.dir/CMakeCXXCompilerABI.cpp.o' '-c' '-shared-libgcc' '-mtune=generic' '-march=x86-64' '-dumpdir' 'CMakeFiles/cmTC_2a829.dir/CMakeCXXCompilerABI.cpp.'
Linking CXX executable cmTC_2a829
/usr/bin/cmake -E cmake_link_script CMakeFiles/cmTC_2a829.dir/link.txt --verbose=1
/usr/bin/c++  -v CMakeFiles/cmTC_2a829.dir/CMakeCXXCompilerABI.cpp.o -o cmTC_2a829 
Using built-in specs.
COLLECT_GCC=/usr/bin/c++
COLLECT_LTO_WRAPPER=/usr/lib/gcc/x86_64-linux-gnu/11/lto-wrapper
OFFLOAD_TARGET_NAMES=nvptx-none:amdgcn-amdhsa
OFFLOAD_TARGET_DEFAULT=1
Target: x86_64-linux-gnu
Configured with: ../src/configure -v --with-pkgversion='Ubuntu 11.2.0-19ubuntu1' --with-bugurl=file:///usr/share/doc/gcc-11/README.Bugs --enable-languages=c,ada,c++,go,brig,d,fortran,objc,obj-c++,m2 --prefix=/usr --with-gcc-major-version-only --program-suffix=-11 --program-prefix=x86_64-linux-gnu- --enable-shared --enable-linker-build-id --libexecdir=/usr/lib --without-included-gettext --enable-threads=posix --libdir=/usr/lib --enable-nls --enable-bootstrap --enable-clocale=gnu --enable-libstdcxx-debug --enable-libstdcxx-time=yes --with-default-libstdcxx-abi=new --enable-gnu-unique-object --disable-vtable-verify --enable-plugin --enable-default-pie --with-system-zlib --enable-libphobos-checking=release --with-target-system-zlib=auto --enable-objc-gc=auto --enable-multiarch --disable-werror --enable-cet --with-arch-32=i686 --with-abi=m64 --with-multilib-list=m32,m64,mx32 --enable-multilib --with-tune=generic --enable-offload-targets=nvptx-none=/build/gcc-11-gBFGDP/gcc-11-11.2.0/debian/tmp-nvptx/usr,amdgcn-amdhsa=/build/gcc-11-gBFGDP/gcc-11-11.2.0/debian/tmp-gcn/usr --without-cuda-driver --enable-checking=release --build=x86_64-linux-gnu --host=x86_64-linux-gnu --target=x86_64-linux-gnu --with-build-config=bootstrap-lto-lean --enable-link-serialization=2
Thread model: posix
Supported LTO compression algorithms: zlib zstd
gcc version 11.2.0 (Ubuntu 11.2.0-19ubuntu1) 
COMPILER_PATH=/usr/lib/gcc/x86_64-linux-gnu/11/:/usr/lib/gcc/x86_64-linux-gnu/11/:/usr/lib/gcc/x86_64-linux-gnu/:/usr/lib/gcc/x86_64-linux-gnu/11/:/usr/lib/gcc/x86_64-linux-gnu/
LIBRARY_PATH=/usr/lib/gcc/x86_64-linux-gnu/11/:/usr/lib/gcc/x86_64-linux-gnu/11/../../../x86_64-linux-gnu/:/usr/lib/gcc/x86_64-linux-gnu/11/../../../../lib/:/lib/x86_64-linux-gnu/:/lib/../lib/:/usr/lib/x86_64-linux-gnu/:/usr/lib/../lib/:/usr/lib/gcc/x86_64-linux-gnu/11/../../../:/lib/:/usr/lib/
COLLECT_GCC_OPTIONS='-v' '-o' 'cmTC_2a829' '-shared-libgcc' '-mtune=generic' '-march=x86-64' '-dumpdir' 'cmTC_2a829.'
 /usr/lib/gcc/x86_64-linux-gnu/11/collect2 -plugin /usr/lib/gcc/x86_64-linux-gnu/11/liblto_plugin.so -plugin-opt=/usr/lib/gcc/x86_64-linux-gnu/11/lto-wrapper -plugin-opt=-fresolution=/tmp/ccsUCrpJ.res -plugin-opt=-pass-through=-lgcc_s -plugin-opt=-pass-through=-lgcc -plugin-opt=-pass-through=-lc -plugin-opt=-pass-through=-lgcc_s -plugin-opt=-pass-through=-lgcc --build-id --eh-frame-hdr -m elf_x86_64 --hash-style=gnu --as-needed -dynamic-linker /lib64/ld-linux-x86-64.so.2 -pie -z now -z relro -o cmTC_2a829 /usr/lib/gcc/x86_64-linux-gnu/11/../../../x86_64-linux-gnu/Scrt1.o /usr/lib/gcc/x86_64-linux-gnu/11/../../../x86_64-linux-gnu/crti.o /usr/lib/gcc/x86_64-linux-gnu/11/crtbeginS.o -L/usr/lib/gcc/x86_64-linux-gnu/11 -L/usr/lib/gcc/x86_64-linux-gnu/11/../../../x86_64-linux-gnu -L/usr/lib/gcc/x86_64-linux-gnu/11/../../../../lib -L/lib/x86_64-linux-gnu -L/lib/../lib -L/usr/lib/x86_64-linux-gnu -L/usr/lib/../lib -L/usr/lib/gcc/x86_64-linux-gnu/11/../../.. CMakeFiles/cmTC_2a829.dir/CMakeCXXCompilerABI.cpp.o -lstdc++ -lm -lgcc_s -lgcc -lc -lgcc_s -lgcc /usr/lib/gcc/x86_64-linux-gnu/11/crtendS.o /usr/lib/gcc/x86_64-linux-gnu/11/../../../x86_64-linux-gnu/crtn.o
COLLECT_GCC_OPTIONS='-v' '-o' 'cmTC_2a829' '-shared-libgcc' '-mtune=generic' '-march=x86-64' '-dumpdir' 'cmTC_2a829.'
gmake[1]: Leaving directory '/github/home/telegram-bot-api/build/CMakeFiles/CMakeTmp'



Parsed CXX implicit include dir info from above output: rv=done
  found start of include info
  found start of implicit include info
    add: [/usr/include/c++/11]
    add: [/usr/include/x86_64-linux-gnu/c++/11]
    add: [/usr/include/c++/11/backward]
    add: [/usr/lib/gcc/x86_64-linux-gnu/11/include]
    add: [/usr/local/include]
    add: [/usr/include/x86_64-linux-gnu]
    add: [/usr/include]
  end of search list found
  collapse include dir [/usr/include/c++/11] ==> [/usr/include/c++/11]
  collapse include dir [/usr/include/x86_64-linux-gnu/c++/11] ==> [/usr/include/x86_64-linux-gnu/c++/11]
  collapse include dir [/usr/include/c++/11/backward] ==> [/usr/include/c++/11/backward]
  collapse include dir [/usr/lib/gcc/x86_64-linux-gnu/11/include] ==> [/usr/lib/gcc/x86_64-linux-gnu/11/include]
  collapse include dir [/usr/local/include] ==> [/usr/local/include]
  collapse include dir [/usr/include/x86_64-linux-gnu] ==> [/usr/include/x86_64-linux-gnu]
  collapse include dir [/usr/include] ==> [/usr/include]
  implicit include dirs: [/usr/include/c++/11;/usr/include/x86_64-linux-gnu/c++/11;/usr/include/c++/11/backward;/usr/lib/gcc/x86_64-linux-gnu/11/include;/usr/local/include;/usr/include/x86_64-linux-gnu;/usr/include]


Parsed CXX implicit link information from above output:
  link line regex: [^( *|.*[/\])(ld|CMAKE_LINK_STARTFILE-NOTFOUND|([^/\]+-)?ld|collect2)[^/\]*( |$)]
  ignore line: [Change Dir: /github/home/telegram-bot-api/build/CMakeFiles/CMakeTmp]
  ignore line: []
  ignore line: [Run Build Command(s):/usr/bin/gmake -f Makefile cmTC_2a829/fast && /usr/bin/gmake  -f CMakeFiles/cmTC_2a829.dir/build.make CMakeFiles/cmTC_2a829.dir/build]
  ignore line: [gmake[1]: Entering directory '/github/home/telegram-bot-api/build/CMakeFiles/CMakeTmp']
  ignore line: [Building CXX object CMakeFiles/cmTC_2a829.dir/CMakeCXXCompilerABI.cpp.o]
  ignore line: [/usr/bin/c++   -v -o CMakeFiles/cmTC_2a829.dir/CMakeCXXCompilerABI.cpp.o -c /usr/share/cmake-3.22/Modules/CMakeCXXCompilerABI.cpp]
  ignore line: [Using built-in specs.]
  ignore line: [COLLECT_GCC=/usr/bin/c++]
  ignore line: [OFFLOAD_TARGET_NAMES=nvptx-none:amdgcn-amdhsa]
  ignore line: [OFFLOAD_TARGET_DEFAULT=1]
  ignore line: [Target: x86_64-linux-gnu]
  ignore line: [Configured with: ../src/configure -v --with-pkgversion='Ubuntu 11.2.0-19ubuntu1' --with-bugurl=file:///usr/share/doc/gcc-11/README.Bugs --enable-languages=c ada c++ go brig d fortran objc obj-c++ m2 --prefix=/usr --with-gcc-major-version-only --program-suffix=-11 --program-prefix=x86_64-linux-gnu- --enable-shared --enable-linker-build-id --libexecdir=/usr/lib --without-included-gettext --enable-threads=posix --libdir=/usr/lib --enable-nls --enable-bootstrap --enable-clocale=gnu --enable-libstdcxx-debug --enable-libstdcxx-time=yes --with-default-libstdcxx-abi=new --enable-gnu-unique-object --disable-vtable-verify --enable-plugin --enable-default-pie --with-system-zlib --enable-libphobos-checking=release --with-target-system-zlib=auto --enable-objc-gc=auto --enable-multiarch --disable-werror --enable-cet --with-arch-32=i686 --with-abi=m64 --with-multilib-list=m32 m64 mx32 --enable-multilib --with-tune=generic --enable-offload-targets=nvptx-none=/build/gcc-11-gBFGDP/gcc-11-11.2.0/debian/tmp-nvptx/usr amdgcn-amdhsa=/build/gcc-11-gBFGDP/gcc-11-11.2.0/debian/tmp-gcn/usr --without-cuda-driver --enable-checking=release --build=x86_64-linux-gnu --host=x86_64-linux-gnu --target=x86_64-linux-gnu --with-build-config=bootstrap-lto-lean --enable-link-serialization=2]
  ignore line: [Thread model: posix]
  ignore line: [Supported LTO compression algorithms: zlib zstd]
  ignore line: [gcc version 11.2.0 (Ubuntu 11.2.0-19ubuntu1) ]
  ignore line: [COLLECT_GCC_OPTIONS='-v' '-o' 'CMakeFiles/cmTC_2a829.dir/CMakeCXXCompilerABI.cpp.o' '-c' '-shared-libgcc' '-mtune=generic' '-march=x86-64' '-dumpdir' 'CMakeFiles/cmTC_2a829.dir/']
  ignore line: [ /usr/lib/gcc/x86_64-linux-gnu/11/cc1plus -quiet -v -imultiarch x86_64-linux-gnu -D_GNU_SOURCE /usr/share/cmake-3.22/Modules/CMakeCXXCompilerABI.cpp -quiet -dumpdir CMakeFiles/cmTC_2a829.dir/ -dumpbase CMakeCXXCompilerABI.cpp.cpp -dumpbase-ext .cpp -mtune=generic -march=x86-64 -version -fasynchronous-unwind-tables -fstack-protector-strong -Wformat -Wformat-security -fstack-clash-protection -fcf-protection -o /tmp/ccSkmTrK.s]
  ignore line: [GNU C++17 (Ubuntu 11.2.0-19ubuntu1) version 11.2.0 (x86_64-linux-gnu)]
  ignore line: [	compiled by GNU C version 11.2.0  GMP version 6.2.1  MPFR version 4.1.0  MPC version 1.2.1  isl version isl-0.24-GMP]
  ignore line: []
  ignore line: [GGC heuristics: --param ggc-min-expand=100 --param ggc-min-heapsize=131072]
  ignore line: [ignoring duplicate directory "/usr/include/x86_64-linux-gnu/c++/11"]
  ignore line: [ignoring nonexistent directory "/usr/local/include/x86_64-linux-gnu"]
  ignore line: [ignoring nonexistent directory "/usr/lib/gcc/x86_64-linux-gnu/11/include-fixed"]
  ignore line: [ignoring nonexistent directory "/usr/lib/gcc/x86_64-linux-gnu/11/../../../../x86_64-linux-gnu/include"]
  ignore line: [#include "..." search starts here:]
  ignore line: [#include <...> search starts here:]
  ignore line: [ /usr/include/c++/11]
  ignore line: [ /usr/include/x86_64-linux-gnu/c++/11]
  ignore line: [ /usr/include/c++/11/backward]
  ignore line: [ /usr/lib/gcc/x86_64-linux-gnu/11/include]
  ignore line: [ /usr/local/include]
  ignore line: [ /usr/include/x86_64-linux-gnu]
  ignore line: [ /usr/include]
  ignore line: [End of search list.]
  ignore line: [GNU C++17 (Ubuntu 11.2.0-19ubuntu1) version 11.2.0 (x86_64-linux-gnu)]
  ignore line: [	compiled by GNU C version 11.2.0  GMP version 6.2.1  MPFR version 4.1.0  MPC version 1.2.1  isl version isl-0.24-GMP]
  ignore line: []
  ignore line: [GGC heuristics: --param ggc-min-expand=100 --param ggc-min-heapsize=131072]
  ignore line: [Compiler executable checksum: 619370d92bf6efc3023abfa7394da0c1]
  ignore line: [COLLECT_GCC_OPTIONS='-v' '-o' 'CMakeFiles/cmTC_2a829.dir/CMakeCXXCompilerABI.cpp.o' '-c' '-shared-libgcc' '-mtune=generic' '-march=x86-64' '-dumpdir' 'CMakeFiles/cmTC_2a829.dir/']
  ignore line: [ as -v --64 -o CMakeFiles/cmTC_2a829.dir/CMakeCXXCompilerABI.cpp.o /tmp/ccSkmTrK.s]
  ignore line: [GNU assembler version 2.38 (x86_64-linux-gnu) using BFD version (GNU Binutils for Ubuntu) 2.38]
  ignore line: [COMPILER_PATH=/usr/lib/gcc/x86_64-linux-gnu/11/:/usr/lib/gcc/x86_64-linux-gnu/11/:/usr/lib/gcc/x86_64-linux-gnu/:/usr/lib/gcc/x86_64-linux-gnu/11/:/usr/lib/gcc/x86_64-linux-gnu/]
  ignore line: [LIBRARY_PATH=/usr/lib/gcc/x86_64-linux-gnu/11/:/usr/lib/gcc/x86_64-linux-gnu/11/../../../x86_64-linux-gnu/:/usr/lib/gcc/x86_64-linux-gnu/11/../../../../lib/:/lib/x86_64-linux-gnu/:/lib/../lib/:/usr/lib/x86_64-linux-gnu/:/usr/lib/../lib/:/usr/lib/gcc/x86_64-linux-gnu/11/../../../:/lib/:/usr/lib/]
  ignore line: [COLLECT_GCC_OPTIONS='-v' '-o' 'CMakeFiles/cmTC_2a829.dir/CMakeCXXCompilerABI.cpp.o' '-c' '-shared-libgcc' '-mtune=generic' '-march=x86-64' '-dumpdir' 'CMakeFiles/cmTC_2a829.dir/CMakeCXXCompilerABI.cpp.']
  ignore line: [Linking CXX executable cmTC_2a829]
  ignore line: [/usr/bin/cmake -E cmake_link_script CMakeFiles/cmTC_2a829.dir/link.txt --verbose=1]
  ignore line: [/usr/bin/c++  -v CMakeFiles/cmTC_2a829.dir/CMakeCXXCompilerABI.cpp.o -o cmTC_2a829 ]
  ignore line: [Using built-in specs.]
  ignore line: [COLLECT_GCC=/usr/bin/c++]
  ignore line: [COLLECT_LTO_WRAPPER=/usr/lib/gcc/x86_64-linux-gnu/11/lto-wrapper]
  ignore line: [OFFLOAD_TARGET_NAMES=nvptx-none:amdgcn-amdhsa]
  ignore line: [OFFLOAD_TARGET_DEFAULT=1]
  ignore line: [Target: x86_64-linux-gnu]
  ignore line: [Configured with: ../src/configure -v --with-pkgversion='Ubuntu 11.2.0-19ubuntu1' --with-bugurl=file:///usr/share/doc/gcc-11/README.Bugs --enable-languages=c ada c++ go brig d fortran objc obj-c++ m2 --prefix=/usr --with-gcc-major-version-only --program-suffix=-11 --program-prefix=x86_64-linux-gnu- --enable-shared --enable-linker-build-id --libexecdir=/usr/lib --without-included-gettext --enable-threads=posix --libdir=/usr/lib --enable-nls --enable-bootstrap --enable-clocale=gnu --enable-libstdcxx-debug --enable-libstdcxx-time=yes --with-default-libstdcxx-abi=new --enable-gnu-unique-object --disable-vtable-verify --enable-plugin --enable-default-pie --with-system-zlib --enable-libphobos-checking=release --with-target-system-zlib=auto --enable-objc-gc=auto --enable-multiarch --disable-werror --enable-cet --with-arch-32=i686 --with-abi=m64 --with-multilib-list=m32 m64 mx32 --enable-multilib --with-tune=generic --enable-offload-targets=nvptx-none=/build/gcc-11-gBFGDP/gcc-11-11.2.0/debian/tmp-nvptx/usr amdgcn-amdhsa=/build/gcc-11-gBFGDP/gcc-11-11.2.0/debian/tmp-gcn/usr --without-cuda-driver --enable-checking=release --build=x86_64-linux-gnu --host=x86_64-linux-gnu --target=x86_64-linux-gnu --with-build-config=bootstrap-lto-lean --enable-link-serialization=2]
  ignore line: [Thread model: posix]
  ignore line: [Supported LTO compression algorithms: zlib zstd]
  ignore line: [gcc version 11.2.0 (Ubuntu 11.2.0-19ubuntu1) ]
  ignore line: [COMPILER_PATH=/usr/lib/gcc/x86_64-linux-gnu/11/:/usr/lib/gcc/x86_64-linux-gnu/11/:/usr/lib/gcc/x86_64-linux-gnu/:/usr/lib/gcc/x86_64-linux-gnu/11/:/usr/lib/gcc/x86_64-linux-gnu/]
  ignore line: [LIBRARY_PATH=/usr/lib/gcc/x86_64-linux-gnu/11/:/usr/lib/gcc/x86_64-linux-gnu/11/../../../x86_64-linux-gnu/:/usr/lib/gcc/x86_64-linux-gnu/11/../../../../lib/:/lib/x86_64-linux-gnu/:/lib/../lib/:/usr/lib/x86_64-linux-gnu/:/usr/lib/../lib/:/usr/lib/gcc/x86_64-linux-gnu/11/../../../:/lib/:/usr/lib/]
  ignore line: [COLLECT_GCC_OPTIONS='-v' '-o' 'cmTC_2a829' '-shared-libgcc' '-mtune=generic' '-march=x86-64' '-dumpdir' 'cmTC_2a829.']
  link line: [ /usr/lib/gcc/x86_64-linux-gnu/11/collect2 -plugin /usr/lib/gcc/x86_64-linux-gnu/11/liblto_plugin.so -plugin-opt=/usr/lib/gcc/x86_64-linux-gnu/11/lto-wrapper -plugin-opt=-fresolution=/tmp/ccsUCrpJ.res -plugin-opt=-pass-through=-lgcc_s -plugin-opt=-pass-through=-lgcc -plugin-opt=-pass-through=-lc -plugin-opt=-pass-through=-lgcc_s -plugin-opt=-pass-through=-lgcc --build-id --eh-frame-hdr -m elf_x86_64 --hash-style=gnu --as-needed -dynamic-linker /lib64/ld-linux-x86-64.so.2 -pie -z now -z relro -o cmTC_2a829 /usr/lib/gcc/x86_64-linux-gnu/11/../../../x86_64-linux-gnu/Scrt1.o /usr/lib/gcc/x86_64-linux-gnu/11/../../../x86_64-linux-gnu/crti.o /usr/lib/gcc/x86_64-linux-gnu/11/crtbeginS.o -L/usr/lib/gcc/x86_64-linux-gnu/11 -L/usr/lib/gcc/x86_64-linux-gnu/11/../../../x86_64-linux-gnu -L/usr/lib/gcc/x86_64-linux-gnu/11/../../../../lib -L/lib/x86_64-linux-gnu -L/lib/../lib -L/usr/lib/x86_64-linux-gnu -L/usr/lib/../lib -L/usr/lib/gcc/x86_64-linux-gnu/11/../../.. CMakeFiles/cmTC_2a829.dir/CMakeCXXCompilerABI.cpp.o -lstdc++ -lm -lgcc_s -lgcc -lc -lgcc_s -lgcc /usr/lib/gcc/x86_64-linux-gnu/11/crtendS.o /usr/lib/gcc/x86_64-linux-gnu/11/../../../x86_64-linux-gnu/crtn.o]
    arg [/usr/lib/gcc/x86_64-linux-gnu/11/collect2] ==> ignore
    arg [-plugin] ==> ignore
    arg [/usr/lib/gcc/x86_64-linux-gnu/11/liblto_plugin.so] ==> ignore
    arg [-plugin-opt=/usr/lib/gcc/x86_64-linux-gnu/11/lto-wrapper] ==> ignore
    arg [-plugin-opt=-fresolution=/tmp/ccsUCrpJ.res] ==> ignore
    arg [-plugin-opt=-pass-through=-lgcc_s] ==> ignore
    arg [-plugin-opt=-pass-through=-lgcc] ==> ignore
    arg [-plugin-opt=-pass-through=-lc] ==> ignore
    arg [-plugin-opt=-pass-through=-lgcc_s] ==> ignore
    arg [-plugin-opt=-pass-through=-lgcc] ==> ignore
    arg [--build-id] ==> ignore
    arg [--eh-frame-hdr] ==> ignore
    arg [-m] ==> ignore
    arg [elf_x86_64] ==> ignore
    arg [--hash-style=gnu] ==> ignore
    arg [--as-needed] ==> ignore
    arg [-dynamic-linker] ==> ignore
    arg [/lib64/ld-linux-x86-64.so.2] ==> ignore
    arg [-pie] ==> ignore
    arg [-znow] ==> ignore
    arg [-zrelro] ==> ignore
    arg [-o] ==> ignore
    arg [cmTC_2a829] ==> ignore
    arg [/usr/lib/gcc/x86_64-linux-gnu/11/../../../x86_64-linux-gnu/Scrt1.o] ==> obj [/usr/lib/gcc/x86_64-linux-gnu/11/../../../x86_64-linux-gnu/Scrt1.o]
    arg [/usr/lib/gcc/x86_64-linux-gnu/11/../../../x86_64-linux-gnu/crti.o] ==> obj [/usr/lib/gcc/x86_64-linux-gnu/11/../../../x86_64-linux-gnu/crti.o]
    arg [/usr/lib/gcc/x86_64-linux-gnu/11/crtbeginS.o] ==> obj [/usr/lib/gcc/x86_64-linux-gnu/11/crtbeginS.o]
    arg [-L/usr/lib/gcc/x86_64-linux-gnu/11] ==> dir [/usr/lib/gcc/x86_64-linux-gnu/11]
    arg [-L/usr/lib/gcc/x86_64-linux-gnu/11/../../../x86_64-linux-gnu] ==> dir [/usr/lib/gcc/x86_64-linux-gnu/11/../../../x86_64-linux-gnu]
    arg [-L/usr/lib/gcc/x86_64-linux-gnu/11/../../../../lib] ==> dir [/usr/lib/gcc/x86_64-linux-gnu/11/../../../../lib]
    arg [-L/lib/x86_64-linux-gnu] ==> dir [/lib/x86_64-linux-gnu]
    arg [-L/lib/../lib] ==> dir [/lib/../lib]
    arg [-L/usr/lib/x86_64-linux-gnu] ==> dir [/usr/lib/x86_64-linux-gnu]
    arg [-L/usr/lib/../lib] ==> dir [/usr/lib/../lib]
    arg [-L/usr/lib/gcc/x86_64-linux-gnu/11/../../..] ==> dir [/usr/lib/gcc/x86_64-linux-gnu/11/../../..]
    arg [CMakeFiles/cmTC_2a829.dir/CMakeCXXCompilerABI.cpp.o] ==> ignore
    arg [-lstdc++] ==> lib [stdc++]
    arg [-lm] ==> lib [m]
    arg [-lgcc_s] ==> lib [gcc_s]
    arg [-lgcc] ==> lib [gcc]
    arg [-lc] ==> lib [c]
    arg [-lgcc_s] ==> lib [gcc_s]
    arg [-lgcc] ==> lib [gcc]
    arg [/usr/lib/gcc/x86_64-linux-gnu/11/crtendS.o] ==> obj [/usr/lib/gcc/x86_64-linux-gnu/11/crtendS.o]
    arg [/usr/lib/gcc/x86_64-linux-gnu/11/../../../x86_64-linux-gnu/crtn.o] ==> obj [/usr/lib/gcc/x86_64-linux-gnu/11/../../../x86_64-linux-gnu/crtn.o]
  collapse obj [/usr/lib/gcc/x86_64-linux-gnu/11/../../../x86_64-linux-gnu/Scrt1.o] ==> [/usr/lib/x86_64-linux-gnu/Scrt1.o]
  collapse obj [/usr/lib/gcc/x86_64-linux-gnu/11/../../../x86_64-linux-gnu/crti.o] ==> [/usr/lib/x86_64-linux-gnu/crti.o]
  collapse obj [/usr/lib/gcc/x86_64-linux-gnu/11/../../../x86_64-linux-gnu/crtn.o] ==> [/usr/lib/x86_64-linux-gnu/crtn.o]
  collapse library dir [/usr/lib/gcc/x86_64-linux-gnu/11] ==> [/usr/lib/gcc/x86_64-linux-gnu/11]
  collapse library dir [/usr/lib/gcc/x86_64-linux-gnu/11/../../../x86_64-linux-gnu] ==> [/usr/lib/x86_64-linux-gnu]
  collapse library dir [/usr/lib/gcc/x86_64-linux-gnu/11/../../../../lib] ==> [/usr/lib]
  collapse library dir [/lib/x86_64-linux-gnu] ==> [/lib/x86_64-linux-gnu]
  collapse library dir [/lib/../lib] ==> [/lib]
  collapse library dir [/usr/lib/x86_64-linux-gnu] ==> [/usr/lib/x86_64-linux-gnu]
  collapse library dir [/usr/lib/../lib] ==> [/usr/lib]
  collapse library dir [/usr/lib/gcc/x86_64-linux-gnu/11/../../..] ==> [/usr/lib]
  implicit libs: [stdc++;m;gcc_s;gcc;c;gcc_s;gcc]
  implicit objs: [/usr/lib/x86_64-linux-gnu/Scrt1.o;/usr/lib/x86_64-linux-gnu/crti.o;/usr/lib/gcc/x86_64-linux-gnu/11/crtbeginS.o;/usr/lib/gcc/x86_64-linux-gnu/11/crtendS.o;/usr/lib/x86_64-linux-gnu/crtn.o]
  implicit dirs: [/usr/lib/gcc/x86_64-linux-gnu/11;/usr/lib/x86_64-linux-gnu;/usr/lib;/lib/x86_64-linux-gnu;/lib]
  implicit fwks: []


Compiling the C compiler identification source file "CMakeCCompilerId.c" succeeded.
Compiler: /usr/bin/cc 
Build flags: 
Id flags:  

The output was:
0


Compilation of the C compiler identification source "CMakeCCompilerId.c" produced "a.out"

The C compiler identification is GNU, found in "/github/home/telegram-bot-api/build/CMakeFiles/3.22.1/CompilerIdC/a.out"

Detecting C compiler ABI info compiled with the following output:
Change Dir: /github/home/telegram-bot-api/build/CMakeFiles/CMakeTmp

Run Build Command(s):/usr/bin/gmake -f Makefile cmTC_4810d/fast && /usr/bin/gmake  -f CMakeFiles/cmTC_4810d.dir/build.make CMakeFiles/cmTC_4810d.dir/build
gmake[1]: Entering directory '/github/home/telegram-bot-api/build/CMakeFiles/CMakeTmp'
Building C object CMakeFiles/cmTC_4810d.dir/CMakeCCompilerABI.c.o
/usr/bin/cc   -v -o CMakeFiles/cmTC_4810d.dir/CMakeCCompilerABI.c.o -c /usr/share/cmake-3.22/Modules/CMakeCCompilerABI.c
Using built-in specs.
COLLECT_GCC=/usr/bin/cc
OFFLOAD_TARGET_NAMES=nvptx-none:amdgcn-amdhsa
OFFLOAD_TARGET_DEFAULT=1
Target: x86_64-linux-gnu
Configured with: ../src/configure -v --with-pkgversion='Ubuntu 11.2.0-19ubuntu1' --with-bugurl=file:///usr/share/doc/gcc-11/README.Bugs --enable-languages=c,ada,c++,go,brig,d,fortran,objc,obj-c++,m2 --prefix=/usr --with-gcc-major-version-only --program-suffix=-11 --program-prefix=x86_64-linux-gnu- --enable-shared --enable-linker-build-id --libexecdir=/usr/lib --without-included-gettext --enable-threads=posix --libdir=/usr/lib --enable-nls --enable-bootstrap --enable-clocale=gnu --enable-libstdcxx-debug --enable-libstdcxx-time=yes --with-default-libstdcxx-abi=new --enable-gnu-unique-object --disable-vtable-verify --enable-plugin --enable-default-pie --with-system-zlib --enable-libphobos-checking=release --with-target-system-zlib=auto --enable-objc-gc=auto --enable-multiarch --disable-werror --enable-cet --with-arch-32=i686 --with-abi=m64 --with-multilib-list=m32,m64,mx32 --enable-multilib --with-tune=generic --enable-offload-targets=nvptx-none=/build/gcc-11-gBFGDP/gcc-11-11.2.0/debian/tmp-nvptx/usr,amdgcn-amdhsa=/build/gcc-11-gBFGDP/gcc-11-11.2.0/debian/tmp-gcn/usr --without-cuda-driver --enable-checking=release --build=x86_64-linux-gnu --host=x86_64-linux-gnu --target=x86_64-linux-gnu --with-build-config=bootstrap-lto-lean --enable-link-serialization=2
Thread model: posix
Supported LTO compression algorithms: zlib zstd
gcc version 11.2.0 (Ubuntu 11.2.0-19ubuntu1) 
COLLECT_GCC_OPTIONS='-v' '-o' 'CMakeFiles/cmTC_4810d.dir/CMakeCCompilerABI.c.o' '-c' '-mtune=generic' '-march=x86-64' '-dumpdir' 'CMakeFiles/cmTC_4810d.dir/'
 /usr/lib/gcc/x86_64-linux-gnu/11/cc1 -quiet -v -imultiarch x86_64-linux-gnu /usr/share/cmake-3.22/Modules/CMakeCCompilerABI.c -quiet -dumpdir CMakeFiles/cmTC_4810d.dir/ -dumpbase CMakeCCompilerABI.c.c -dumpbase-ext .c -mtune=generic -march=x86-64 -version -fasynchronous-unwind-tables -fstack-protector-strong -Wformat -Wformat-security -fstack-clash-protection -fcf-protection -o /tmp/cc1UcTr5.s
GNU C17 (Ubuntu 11.2.0-19ubuntu1) version 11.2.0 (x86_64-linux-gnu)
	compiled by GNU C version 11.2.0, GMP version 6.2.1, MPFR version 4.1.0, MPC version 1.2.1, isl version isl-0.24-GMP

GGC heuristics: --param ggc-min-expand=100 --param ggc-min-heapsize=131072
ignoring nonexistent directory "/usr/local/include/x86_64-linux-gnu"
ignoring nonexistent directory "/usr/lib/gcc/x86_64-linux-gnu/11/include-fixed"
ignoring nonexistent directory "/usr/lib/gcc/x86_64-linux-gnu/11/../../../../x86_64-linux-gnu/include"
#include "..." search starts here:
#include <...> search starts here:
 /usr/lib/gcc/x86_64-linux-gnu/11/include
 /usr/local/include
 /usr/include/x86_64-linux-gnu
 /usr/include
End of search list.
GNU C17 (Ubuntu 11.2.0-19ubuntu1) version 11.2.0 (x86_64-linux-gnu)
	compiled by GNU C version 11.2.0, GMP version 6.2.1, MPFR version 4.1.0, MPC version 1.2.1, isl version isl-0.24-GMP

GGC heuristics: --param ggc-min-expand=100 --param ggc-min-heapsize=131072
Compiler executable checksum: ead6677a8de2192bf1e5ee7b28d13856
COLLECT_GCC_OPTIONS='-v' '-o' 'CMakeFiles/cmTC_4810d.dir/CMakeCCompilerABI.c.o' '-c' '-mtune=generic' '-march=x86-64' '-dumpdir' 'CMakeFiles/cmTC_4810d.dir/'
 as -v --64 -o CMakeFiles/cmTC_4810d.dir/CMakeCCompilerABI.c.o /tmp/cc1UcTr5.s
GNU assembler version 2.38 (x86_64-linux-gnu) using BFD version (GNU Binutils for Ubuntu) 2.38
COMPILER_PATH=/usr/lib/gcc/x86_64-linux-gnu/11/:/usr/lib/gcc/x86_64-linux-gnu/11/:/usr/lib/gcc/x86_64-linux-gnu/:/usr/lib/gcc/x86_64-linux-gnu/11/:/usr/lib/gcc/x86_64-linux-gnu/
LIBRARY_PATH=/usr/lib/gcc/x86_64-linux-gnu/11/:/usr/lib/gcc/x86_64-linux-gnu/11/../../../x86_64-linux-gnu/:/usr/lib/gcc/x86_64-linux-gnu/11/../../../../lib/:/lib/x86_64-linux-gnu/:/lib/../lib/:/usr/lib/x86_64-linux-gnu/:/usr/lib/../lib/:/usr/lib/gcc/x86_64-linux-gnu/11/../../../:/lib/:/usr/lib/
COLLECT_GCC_OPTIONS='-v' '-o' 'CMakeFiles/cmTC_4810d.dir/CMakeCCompilerABI.c.o' '-c' '-mtune=generic' '-march=x86-64' '-dumpdir' 'CMakeFiles/cmTC_4810d.dir/CMakeCCompilerABI.c.'
Linking C executable cmTC_4810d
/usr/bin/cmake -E cmake_link_script CMakeFiles/cmTC_4810d.dir/link.txt --verbose=1
/usr/bin/cc  -v CMakeFiles/cmTC_4810d.dir/CMakeCCompilerABI.c.o -o cmTC_4810d 
Using built-in specs.
COLLECT_GCC=/usr/bin/cc
COLLECT_LTO_WRAPPER=/usr/lib/gcc/x86_64-linux-gnu/11/lto-wrapper
OFFLOAD_TARGET_NAMES=nvptx-none:amdgcn-amdhsa
OFFLOAD_TARGET_DEFAULT=1
Target: x86_64-linux-gnu
Configured with: ../src/configure -v --with-pkgversion='Ubuntu 11.2.0-19ubuntu1' --with-bugurl=file:///usr/share/doc/gcc-11/README.Bugs --enable-languages=c,ada,c++,go,brig,d,fortran,objc,obj-c++,m2 --prefix=/usr --with-gcc-major-version-only --program-suffix=-11 --program-prefix=x86_64-linux-gnu- --enable-shared --enable-linker-build-id --libexecdir=/usr/lib --without-included-gettext --enable-threads=posix --libdir=/usr/lib --enable-nls --enable-bootstrap --enable-clocale=gnu --enable-libstdcxx-debug --enable-libstdcxx-time=yes --with-default-libstdcxx-abi=new --enable-gnu-unique-object --disable-vtable-verify --enable-plugin --enable-default-pie --with-system-zlib --enable-libphobos-checking=release --with-target-system-zlib=auto --enable-objc-gc=auto --enable-multiarch --disable-werror --enable-cet --with-arch-32=i686 --with-abi=m64 --with-multilib-list=m32,m64,mx32 --enable-multilib --with-tune=generic --enable-offload-targets=nvptx-none=/build/gcc-11-gBFGDP/gcc-11-11.2.0/debian/tmp-nvptx/usr,amdgcn-amdhsa=/build/gcc-11-gBFGDP/gcc-11-11.2.0/debian/tmp-gcn/usr --without-cuda-driver --enable-checking=release --build=x86_64-linux-gnu --host=x86_64-linux-gnu --target=x86_64-linux-gnu --with-build-config=bootstrap-lto-lean --enable-link-serialization=2
Thread model: posix
Supported LTO compression algorithms: zlib zstd
gcc version 11.2.0 (Ubuntu 11.2.0-19ubuntu1) 
COMPILER_PATH=/usr/lib/gcc/x86_64-linux-gnu/11/:/usr/lib/gcc/x86_64-linux-gnu/11/:/usr/lib/gcc/x86_64-linux-gnu/:/usr/lib/gcc/x86_64-linux-gnu/11/:/usr/lib/gcc/x86_64-linux-gnu/
LIBRARY_PATH=/usr/lib/gcc/x86_64-linux-gnu/11/:/usr/lib/gcc/x86_64-linux-gnu/11/../../../x86_64-linux-gnu/:/usr/lib/gcc/x86_64-linux-gnu/11/../../../../lib/:/lib/x86_64-linux-gnu/:/lib/../lib/:/usr/lib/x86_64-linux-gnu/:/usr/lib/../lib/:/usr/lib/gcc/x86_64-linux-gnu/11/../../../:/lib/:/usr/lib/
COLLECT_GCC_OPTIONS='-v' '-o' 'cmTC_4810d' '-mtune=generic' '-march=x86-64' '-dumpdir' 'cmTC_4810d.'
 /usr/lib/gcc/x86_64-linux-gnu/11/collect2 -plugin /usr/lib/gcc/x86_64-linux-gnu/11/liblto_plugin.so -plugin-opt=/usr/lib/gcc/x86_64-linux-gnu/11/lto-wrapper -plugin-opt=-fresolution=/tmp/cc8C5QG7.res -plugin-opt=-pass-through=-lgcc -plugin-opt=-pass-through=-lgcc_s -plugin-opt=-pass-through=-lc -plugin-opt=-pass-through=-lgcc -plugin-opt=-pass-through=-lgcc_s --build-id --eh-frame-hdr -m elf_x86_64 --hash-style=gnu --as-needed -dynamic-linker /lib64/ld-linux-x86-64.so.2 -pie -z now -z relro -o cmTC_4810d /usr/lib/gcc/x86_64-linux-gnu/11/../../../x86_64-linux-gnu/Scrt1.o /usr/lib/gcc/x86_64-linux-gnu/11/../../../x86_64-linux-gnu/crti.o /usr/lib/gcc/x86_64-linux-gnu/11/crtbeginS.o -L/usr/lib/gcc/x86_64-linux-gnu/11 -L/usr/lib/gcc/x86_64-linux-gnu/11/../../../x86_64-linux-gnu -L/usr/lib/gcc/x86_64-linux-gnu/11/../../../../lib -L/lib/x86_64-linux-gnu -L/lib/../lib -L/usr/lib/x86_64-linux-gnu -L/usr/lib/../lib -L/usr/lib/gcc/x86_64-linux-gnu/11/../../.. CMakeFiles/cmTC_4810d.dir/CMakeCCompilerABI.c.o -lgcc --push-state --as-needed -lgcc_s --pop-state -lc -lgcc --push-state --as-needed -lgcc_s --pop-state /usr/lib/gcc/x86_64-linux-gnu/11/crtendS.o /usr/lib/gcc/x86_64-linux-gnu/11/../../../x86_64-linux-gnu/crtn.o
COLLECT_GCC_OPTIONS='-v' '-o' 'cmTC_4810d' '-mtune=generic' '-march=x86-64' '-dumpdir' 'cmTC_4810d.'
gmake[1]: Leaving directory '/github/home/telegram-bot-api/build/CMakeFiles/CMakeTmp'



Parsed C implicit include dir info from above output: rv=done
  found start of include info
  found start of implicit include info
    add: [/usr/lib/gcc/x86_64-linux-gnu/11/include]
    add: [/usr/local/include]
    add: [/usr/include/x86_64-linux-gnu]
    add: [/usr/include]
  end of search list found
  collapse include dir [/usr/lib/gcc/x86_64-linux-gnu/11/include] ==> [/usr/lib/gcc/x86_64-linux-gnu/11/include]
  collapse include dir [/usr/local/include] ==> [/usr/local/include]
  collapse include dir [/usr/include/x86_64-linux-gnu] ==> [/usr/include/x86_64-linux-gnu]
  collapse include dir [/usr/include] ==> [/usr/include]
  implicit include dirs: [/usr/lib/gcc/x86_64-linux-gnu/11/include;/usr/local/include;/usr/include/x86_64-linux-gnu;/usr/include]


Parsed C implicit link information from above output:
  link line regex: [^( *|.*[/\])(ld|CMAKE_LINK_STARTFILE-NOTFOUND|([^/\]+-)?ld|collect2)[^/\]*( |$)]
  ignore line: [Change Dir: /github/home/telegram-bot-api/build/CMakeFiles/CMakeTmp]
  ignore line: []
  ignore line: [Run Build Command(s):/usr/bin/gmake -f Makefile cmTC_4810d/fast && /usr/bin/gmake  -f CMakeFiles/cmTC_4810d.dir/build.make CMakeFiles/cmTC_4810d.dir/build]
  ignore line: [gmake[1]: Entering directory '/github/home/telegram-bot-api/build/CMakeFiles/CMakeTmp']
  ignore line: [Building C object CMakeFiles/cmTC_4810d.dir/CMakeCCompilerABI.c.o]
  ignore line: [/usr/bin/cc   -v -o CMakeFiles/cmTC_4810d.dir/CMakeCCompilerABI.c.o -c /usr/share/cmake-3.22/Modules/CMakeCCompilerABI.c]
  ignore line: [Using built-in specs.]
  ignore line: [COLLECT_GCC=/usr/bin/cc]
  ignore line: [OFFLOAD_TARGET_NAMES=nvptx-none:amdgcn-amdhsa]
  ignore line: [OFFLOAD_TARGET_DEFAULT=1]
  ignore line: [Target: x86_64-linux-gnu]
  ignore line: [Configured with: ../src/configure -v --with-pkgversion='Ubuntu 11.2.0-19ubuntu1' --with-bugurl=file:///usr/share/doc/gcc-11/README.Bugs --enable-languages=c ada c++ go brig d fortran objc obj-c++ m2 --prefix=/usr --with-gcc-major-version-only --program-suffix=-11 --program-prefix=x86_64-linux-gnu- --enable-shared --enable-linker-build-id --libexecdir=/usr/lib --without-included-gettext --enable-threads=posix --libdir=/usr/lib --enable-nls --enable-bootstrap --enable-clocale=gnu --enable-libstdcxx-debug --enable-libstdcxx-time=yes --with-default-libstdcxx-abi=new --enable-gnu-unique-object --disable-vtable-verify --enable-plugin --enable-default-pie --with-system-zlib --enable-libphobos-checking=release --with-target-system-zlib=auto --enable-objc-gc=auto --enable-multiarch --disable-werror --enable-cet --with-arch-32=i686 --with-abi=m64 --with-multilib-list=m32 m64 mx32 --enable-multilib --with-tune=generic --enable-offload-targets=nvptx-none=/build/gcc-11-gBFGDP/gcc-11-11.2.0/debian/tmp-nvptx/usr amdgcn-amdhsa=/build/gcc-11-gBFGDP/gcc-11-11.2.0/debian/tmp-gcn/usr --without-cuda-driver --enable-checking=release --build=x86_64-linux-gnu --host=x86_64-linux-gnu --target=x86_64-linux-gnu --with-build-config=bootstrap-lto-lean --enable-link-serialization=2]
  ignore line: [Thread model: posix]
  ignore line: [Supported LTO compression algorithms: zlib zstd]
  ignore line: [gcc version 11.2.0 (Ubuntu 11.2.0-19ubuntu1) ]
  ignore line: [COLLECT_GCC_OPTIONS='-v' '-o' 'CMakeFiles/cmTC_4810d.dir/CMakeCCompilerABI.c.o' '-c' '-mtune=generic' '-march=x86-64' '-dumpdir' 'CMakeFiles/cmTC_4810d.dir/']
  ignore line: [ /usr/lib/gcc/x86_64-linux-gnu/11/cc1 -quiet -v -imultiarch x86_64-linux-gnu /usr/share/cmake-3.22/Modules/CMakeCCompilerABI.c -quiet -dumpdir CMakeFiles/cmTC_4810d.dir/ -dumpbase CMakeCCompilerABI.c.c -dumpbase-ext .c -mtune=generic -march=x86-64 -version -fasynchronous-unwind-tables -fstack-protector-strong -Wformat -Wformat-security -fstack-clash-protection -fcf-protection -o /tmp/cc1UcTr5.s]
  ignore line: [GNU C17 (Ubuntu 11.2.0-19ubuntu1) version 11.2.0 (x86_64-linux-gnu)]
  ignore line: [	compiled by GNU C version 11.2.0  GMP version 6.2.1  MPFR version 4.1.0  MPC version 1.2.1  isl version isl-0.24-GMP]
  ignore line: []
  ignore line: [GGC heuristics: --param ggc-min-expand=100 --param ggc-min-heapsize=131072]
  ignore line: [ignoring nonexistent directory "/usr/local/include/x86_64-linux-gnu"]
  ignore line: [ignoring nonexistent directory "/usr/lib/gcc/x86_64-linux-gnu/11/include-fixed"]
  ignore line: [ignoring nonexistent directory "/usr/lib/gcc/x86_64-linux-gnu/11/../../../../x86_64-linux-gnu/include"]
  ignore line: [#include "..." search starts here:]
  ignore line: [#include <...> search starts here:]
  ignore line: [ /usr/lib/gcc/x86_64-linux-gnu/11/include]
  ignore line: [ /usr/local/include]
  ignore line: [ /usr/include/x86_64-linux-gnu]
  ignore line: [ /usr/include]
  ignore line: [End of search list.]
  ignore line: [GNU C17 (Ubuntu 11.2.0-19ubuntu1) version 11.2.0 (x86_64-linux-gnu)]
  ignore line: [	compiled by GNU C version 11.2.0  GMP version 6.2.1  MPFR version 4.1.0  MPC version 1.2.1  isl version isl-0.24-GMP]
  ignore line: []
  ignore line: [GGC heuristics: --param ggc-min-expand=100 --param ggc-min-heapsize=131072]
  ignore line: [Compiler executable checksum: ead6677a8de2192bf1e5ee7b28d13856]
  ignore line: [COLLECT_GCC_OPTIONS='-v' '-o' 'CMakeFiles/cmTC_4810d.dir/CMakeCCompilerABI.c.o' '-c' '-mtune=generic' '-march=x86-64' '-dumpdir' 'CMakeFiles/cmTC_4810d.dir/']
  ignore line: [ as -v --64 -o CMakeFiles/cmTC_4810d.dir/CMakeCCompilerABI.c.o /tmp/cc1UcTr5.s]
  ignore line: [GNU assembler version 2.38 (x86_64-linux-gnu) using BFD version (GNU Binutils for Ubuntu) 2.38]
  ignore line: [COMPILER_PATH=/usr/lib/gcc/x86_64-linux-gnu/11/:/usr/lib/gcc/x86_64-linux-gnu/11/:/usr/lib/gcc/x86_64-linux-gnu/:/usr/lib/gcc/x86_64-linux-gnu/11/:/usr/lib/gcc/x86_64-linux-gnu/]
  ignore line: [LIBRARY_PATH=/usr/lib/gcc/x86_64-linux-gnu/11/:/usr/lib/gcc/x86_64-linux-gnu/11/../../../x86_64-linux-gnu/:/usr/lib/gcc/x86_64-linux-gnu/11/../../../../lib/:/lib/x86_64-linux-gnu/:/lib/../lib/:/usr/lib/x86_64-linux-gnu/:/usr/lib/../lib/:/usr/lib/gcc/x86_64-linux-gnu/11/../../../:/lib/:/usr/lib/]
  ignore line: [COLLECT_GCC_OPTIONS='-v' '-o' 'CMakeFiles/cmTC_4810d.dir/CMakeCCompilerABI.c.o' '-c' '-mtune=generic' '-march=x86-64' '-dumpdir' 'CMakeFiles/cmTC_4810d.dir/CMakeCCompilerABI.c.']
  ignore line: [Linking C executable cmTC_4810d]
  ignore line: [/usr/bin/cmake -E cmake_link_script CMakeFiles/cmTC_4810d.dir/link.txt --verbose=1]
  ignore line: [/usr/bin/cc  -v CMakeFiles/cmTC_4810d.dir/CMakeCCompilerABI.c.o -o cmTC_4810d ]
  ignore line: [Using built-in specs.]
  ignore line: [COLLECT_GCC=/usr/bin/cc]
  ignore line: [COLLECT_LTO_WRAPPER=/usr/lib/gcc/x86_64-linux-gnu/11/lto-wrapper]
  ignore line: [OFFLOAD_TARGET_NAMES=nvptx-none:amdgcn-amdhsa]
  ignore line: [OFFLOAD_TARGET_DEFAULT=1]
  ignore line: [Target: x86_64-linux-gnu]
  ignore line: [Configured with: ../src/configure -v --with-pkgversion='Ubuntu 11.2.0-19ubuntu1' --with-bugurl=file:///usr/share/doc/gcc-11/README.Bugs --enable-languages=c ada c++ go brig d fortran objc obj-c++ m2 --prefix=/usr --with-gcc-major-version-only --program-suffix=-11 --program-prefix=x86_64-linux-gnu- --enable-shared --enable-linker-build-id --libexecdir=/usr/lib --without-included-gettext --enable-threads=posix --libdir=/usr/lib --enable-nls --enable-bootstrap --enable-clocale=gnu --enable-libstdcxx-debug --enable-libstdcxx-time=yes --with-default-libstdcxx-abi=new --enable-gnu-unique-object --disable-vtable-verify --enable-plugin --enable-default-pie --with-system-zlib --enable-libphobos-checking=release --with-target-system-zlib=auto --enable-objc-gc=auto --enable-multiarch --disable-werror --enable-cet --with-arch-32=i686 --with-abi=m64 --with-multilib-list=m32 m64 mx32 --enable-multilib --with-tune=generic --enable-offload-targets=nvptx-none=/build/gcc-11-gBFGDP/gcc-11-11.2.0/debian/tmp-nvptx/usr amdgcn-amdhsa=/build/gcc-11-gBFGDP/gcc-11-11.2.0/debian/tmp-gcn/usr --without-cuda-driver --enable-checking=release --build=x86_64-linux-gnu --host=x86_64-linux-gnu --target=x86_64-linux-gnu --with-build-config=bootstrap-lto-lean --enable-link-serialization=2]
  ignore line: [Thread model: posix]
  ignore line: [Supported LTO compression algorithms: zlib zstd]
  ignore line: [gcc version 11.2.0 (Ubuntu 11.2.0-19ubuntu1) ]
  ignore line: [COMPILER_PATH=/usr/lib/gcc/x86_64-linux-gnu/11/:/usr/lib/gcc/x86_64-linux-gnu/11/:/usr/lib/gcc/x86_64-linux-gnu/:/usr/lib/gcc/x86_64-linux-gnu/11/:/usr/lib/gcc/x86_64-linux-gnu/]
  ignore line: [LIBRARY_PATH=/usr/lib/gcc/x86_64-linux-gnu/11/:/usr/lib/gcc/x86_64-linux-gnu/11/../../../x86_64-linux-gnu/:/usr/lib/gcc/x86_64-linux-gnu/11/../../../../lib/:/lib/x86_64-linux-gnu/:/lib/../lib/:/usr/lib/x86_64-linux-gnu/:/usr/lib/../lib/:/usr/lib/gcc/x86_64-linux-gnu/11/../../../:/lib/:/usr/lib/]
  ignore line: [COLLECT_GCC_OPTIONS='-v' '-o' 'cmTC_4810d' '-mtune=generic' '-march=x86-64' '-dumpdir' 'cmTC_4810d.']
  link line: [ /usr/lib/gcc/x86_64-linux-gnu/11/collect2 -plugin /usr/lib/gcc/x86_64-linux-gnu/11/liblto_plugin.so -plugin-opt=/usr/lib/gcc/x86_64-linux-gnu/11/lto-wrapper -plugin-opt=-fresolution=/tmp/cc8C5QG7.res -plugin-opt=-pass-through=-lgcc -plugin-opt=-pass-through=-lgcc_s -plugin-opt=-pass-through=-lc -plugin-opt=-pass-through=-lgcc -plugin-opt=-pass-through=-lgcc_s --build-id --eh-frame-hdr -m elf_x86_64 --hash-style=gnu --as-needed -dynamic-linker /lib64/ld-linux-x86-64.so.2 -pie -z now -z relro -o cmTC_4810d /usr/lib/gcc/x86_64-linux-gnu/11/../../../x86_64-linux-gnu/Scrt1.o /usr/lib/gcc/x86_64-linux-gnu/11/../../../x86_64-linux-gnu/crti.o /usr/lib/gcc/x86_64-linux-gnu/11/crtbeginS.o -L/usr/lib/gcc/x86_64-linux-gnu/11 -L/usr/lib/gcc/x86_64-linux-gnu/11/../../../x86_64-linux-gnu -L/usr/lib/gcc/x86_64-linux-gnu/11/../../../../lib -L/lib/x86_64-linux-gnu -L/lib/../lib -L/usr/lib/x86_64-linux-gnu -L/usr/lib/../lib -L/usr/lib/gcc/x86_64-linux-gnu/11/../../.. CMakeFiles/cmTC_4810d.dir/CMakeCCompilerABI.c.o -lgcc --push-state --as-needed -lgcc_s --pop-state -lc -lgcc --push-state --as-needed -lgcc_s --pop-state /usr/lib/gcc/x86_64-linux-gnu/11/crtendS.o /usr/lib/gcc/x86_64-linux-gnu/11/../../../x86_64-linux-gnu/crtn.o]
    arg [/usr/lib/gcc/x86_64-linux-gnu/11/collect2] ==> ignore
    arg [-plugin] ==> ignore
    arg [/usr/lib/gcc/x86_64-linux-gnu/11/liblto_plugin.so] ==> ignore
    arg [-plugin-opt=/usr/lib/gcc/x86_64-linux-gnu/11/lto-wrapper] ==> ignore
    arg [-plugin-opt=-fresolution=/tmp/cc8C5QG7.res] ==> ignore
    arg [-plugin-opt=-pass-through=-lgcc] ==> ignore
    arg [-plugin-opt=-pass-through=-lgcc_s] ==> ignore
    arg [-plugin-opt=-pass-through=-lc] ==> ignore
    arg [-plugin-opt=-pass-through=-lgcc] ==> ignore
    arg [-plugin-opt=-pass-through=-lgcc_s] ==> ignore
    arg [--build-id] ==> ignore
    arg [--eh-frame-hdr] ==> ignore
    arg [-m] ==> ignore
    arg [elf_x86_64] ==> ignore
    arg [--hash-style=gnu] ==> ignore
    arg [--as-needed] ==> ignore
    arg [-dynamic-linker] ==> ignore
    arg [/lib64/ld-linux-x86-64.so.2] ==> ignore
    arg [-pie] ==> ignore
    arg [-znow] ==> ignore
    arg [-zrelro] ==> ignore
    arg [-o] ==> ignore
    arg [cmTC_4810d] ==> ignore
    arg [/usr/lib/gcc/x86_64-linux-gnu/11/../../../x86_64-linux-gnu/Scrt1.o] ==> obj [/usr/lib/gcc/x86_64-linux-gnu/11/../../../x86_64-linux-gnu/Scrt1.o]
    arg [/usr/lib/gcc/x86_64-linux-gnu/11/../../../x86_64-linux-gnu/crti.o] ==> obj [/usr/lib/gcc/x86_64-linux-gnu/11/../../../x86_64-linux-gnu/crti.o]
    arg [/usr/lib/gcc/x86_64-linux-gnu/11/crtbeginS.o] ==> obj [/usr/lib/gcc/x86_64-linux-gnu/11/crtbeginS.o]
    arg [-L/usr/lib/gcc/x86_64-linux-gnu/11] ==> dir [/usr/lib/gcc/x86_64-linux-gnu/11]
    arg [-L/usr/lib/gcc/x86_64-linux-gnu/11/../../../x86_64-linux-gnu] ==> dir [/usr/lib/gcc/x86_64-linux-gnu/11/../../../x86_64-linux-gnu]
    arg [-L/usr/lib/gcc/x86_64-linux-gnu/11/../../../../lib] ==> dir [/usr/lib/gcc/x86_64-linux-gnu/11/../../../../lib]
    arg [-L/lib/x86_64-linux-gnu] ==> dir [/lib/x86_64-linux-gnu]
    arg [-L/lib/../lib] ==> dir [/lib/../lib]
    arg [-L/usr/lib/x86_64-linux-gnu] ==> dir [/usr/lib/x86_64-linux-gnu]
    arg [-L/usr/lib/../lib] ==> dir [/usr/lib/../lib]
    arg [-L/usr/lib/gcc/x86_64-linux-gnu/11/../../..] ==> dir [/usr/lib/gcc/x86_64-linux-gnu/11/../../..]
    arg [CMakeFiles/cmTC_4810d.dir/CMakeCCompilerABI.c.o] ==> ignore
    arg [-lgcc] ==> lib [gcc]
    arg [--push-state] ==> ignore
    arg [--as-needed] ==> ignore
    arg [-lgcc_s] ==> lib [gcc_s]
    arg [--pop-state] ==> ignore
    arg [-lc] ==> lib [c]
    arg [-lgcc] ==> lib [gcc]
    arg [--push-state] ==> ignore
    arg [--as-needed] ==> ignore
    arg [-lgcc_s] ==> lib [gcc_s]
    arg [--pop-state] ==> ignore
    arg [/usr/lib/gcc/x86_64-linux-gnu/11/crtendS.o] ==> obj [/usr/lib/gcc/x86_64-linux-gnu/11/crtendS.o]
    arg [/usr/lib/gcc/x86_64-linux-gnu/11/../../../x86_64-linux-gnu/crtn.o] ==> obj [/usr/lib/gcc/x86_64-linux-gnu/11/../../../x86_64-linux-gnu/crtn.o]
  collapse obj [/usr/lib/gcc/x86_64-linux-gnu/11/../../../x86_64-linux-gnu/Scrt1.o] ==> [/usr/lib/x86_64-linux-gnu/Scrt1.o]
  collapse obj [/usr/lib/gcc/x86_64-linux-gnu/11/../../../x86_64-linux-gnu/crti.o] ==> [/usr/lib/x86_64-linux-gnu/crti.o]
  collapse obj [/usr/lib/gcc/x86_64-linux-gnu/11/../../../x86_64-linux-gnu/crtn.o] ==> [/usr/lib/x86_64-linux-gnu/crtn.o]
  collapse library dir [/usr/lib/gcc/x86_64-linux-gnu/11] ==> [/usr/lib/gcc/x86_64-linux-gnu/11]
  collapse library dir [/usr/lib/gcc/x86_64-linux-gnu/11/../../../x86_64-linux-gnu] ==> [/usr/lib/x86_64-linux-gnu]
  collapse library dir [/usr/lib/gcc/x86_64-linux-gnu/11/../../../../lib] ==> [/usr/lib]
  collapse library dir [/lib/x86_64-linux-gnu] ==> [/lib/x86_64-linux-gnu]
  collapse library dir [/lib/../lib] ==> [/lib]
  collapse library dir [/usr/lib/x86_64-linux-gnu] ==> [/usr/lib/x86_64-linux-gnu]
  collapse library dir [/usr/lib/../lib] ==> [/usr/lib]
  collapse library dir [/usr/lib/gcc/x86_64-linux-gnu/11/../../..] ==> [/usr/lib]
  implicit libs: [gcc;gcc_s;c;gcc;gcc_s]
  implicit objs: [/usr/lib/x86_64-linux-gnu/Scrt1.o;/usr/lib/x86_64-linux-gnu/crti.o;/usr/lib/gcc/x86_64-linux-gnu/11/crtbeginS.o;/usr/lib/gcc/x86_64-linux-gnu/11/crtendS.o;/usr/lib/x86_64-linux-gnu/crtn.o]
  implicit dirs: [/usr/lib/gcc/x86_64-linux-gnu/11;/usr/lib/x86_64-linux-gnu;/usr/lib;/lib/x86_64-linux-gnu;/lib]
  implicit fwks: []


Determining if the include file pthread.h exists passed with the following output:
Change Dir: /github/home/telegram-bot-api/build/CMakeFiles/CMakeTmp

Run Build Command(s):/usr/bin/gmake -f Makefile cmTC_87fcb/fast && /usr/bin/gmake  -f CMakeFiles/cmTC_87fcb.dir/build.make CMakeFiles/cmTC_87fcb.dir/build
gmake[1]: Entering directory '/github/home/telegram-bot-api/build/CMakeFiles/CMakeTmp'
Building C object CMakeFiles/cmTC_87fcb.dir/CheckIncludeFile.c.o
/usr/bin/cc    -o CMakeFiles/cmTC_87fcb.dir/CheckIncludeFile.c.o -c /github/home/telegram-bot-api/build/CMakeFiles/CMakeTmp/CheckIncludeFile.c
Linking C executable cmTC_87fcb
/usr/bin/cmake -E cmake_link_script CMakeFiles/cmTC_87fcb.dir/link.txt --verbose=1
/usr/bin/cc CMakeFiles/cmTC_87fcb.dir/CheckIncludeFile.c.o -o cmTC_87fcb 
gmake[1]: Leaving directory '/github/home/telegram-bot-api/build/CMakeFiles/CMakeTmp'



Performing C SOURCE FILE Test CMAKE_HAVE_LIBC_PTHREAD succeeded with the following output:
Change Dir: /github/home/telegram-bot-api/build/CMakeFiles/CMakeTmp

Run Build Command(s):/usr/bin/gmake -f Makefile cmTC_93341/fast && /usr/bin/gmake  -f CMakeFiles/cmTC_93341.dir/build.make CMakeFiles/cmTC_93341.dir/build
gmake[1]: Entering directory '/github/home/telegram-bot-api/build/CMakeFiles/CMakeTmp'
Building C object CMakeFiles/cmTC_93341.dir/src.c.o
/usr/bin/cc -DCMAKE_HAVE_LIBC_PTHREAD   -o CMakeFiles/cmTC_93341.dir/src.c.o -c /github/home/telegram-bot-api/build/CMakeFiles/CMakeTmp/src.c
Linking C executable cmTC_93341
/usr/bin/cmake -E cmake_link_script CMakeFiles/cmTC_93341.dir/link.txt --verbose=1
/usr/bin/cc CMakeFiles/cmTC_93341.dir/src.c.o -o cmTC_93341 
gmake[1]: Leaving directory '/github/home/telegram-bot-api/build/CMakeFiles/CMakeTmp'


Source file was:
#include <pthread.h>

static void* test_func(void* data)
{
  return data;
}

int main(void)
{
  pthread_t thread;
  pthread_create(&thread, NULL, test_func, NULL);
  pthread_detach(thread);
  pthread_cancel(thread);
  pthread_join(thread, NULL);
  pthread_atfork(NULL, NULL, NULL);
  pthread_exit(NULL);

  return 0;
}

Performing C++ SOURCE FILE Test HAVE_STD14 succeeded with the following output:
Change Dir: /github/home/telegram-bot-api/build/CMakeFiles/CMakeTmp

Run Build Command(s):/usr/bin/gmake -f Makefile cmTC_def9e/fast && /usr/bin/gmake  -f CMakeFiles/cmTC_def9e.dir/build.make CMakeFiles/cmTC_def9e.dir/build
gmake[1]: Entering directory '/github/home/telegram-bot-api/build/CMakeFiles/CMakeTmp'
Building CXX object CMakeFiles/cmTC_def9e.dir/src.cxx.o
/usr/bin/c++ -DHAVE_STD14  -std=c++14 -o CMakeFiles/cmTC_def9e.dir/src.cxx.o -c /github/home/telegram-bot-api/build/CMakeFiles/CMakeTmp/src.cxx
Linking CXX executable cmTC_def9e
/usr/bin/cmake -E cmake_link_script CMakeFiles/cmTC_def9e.dir/link.txt --verbose=1
/usr/bin/c++ CMakeFiles/cmTC_def9e.dir/src.cxx.o -o cmTC_def9e 
gmake[1]: Leaving directory '/github/home/telegram-bot-api/build/CMakeFiles/CMakeTmp'


Source file was:
int main() { return 0; }
Performing C++ SOURCE FILE Test HAVE_CXX_FLAG_WALL succeeded with the following output:
Change Dir: /github/home/telegram-bot-api/build/CMakeFiles/CMakeTmp

Run Build Command(s):/usr/bin/gmake -f Makefile cmTC_76554/fast && /usr/bin/gmake  -f CMakeFiles/cmTC_76554.dir/build.make CMakeFiles/cmTC_76554.dir/build
gmake[1]: Entering directory '/github/home/telegram-bot-api/build/CMakeFiles/CMakeTmp'
Building CXX object CMakeFiles/cmTC_76554.dir/src.cxx.o
/usr/bin/c++ -DHAVE_CXX_FLAG_WALL  -std=c++14 -fno-omit-frame-pointer -fno-exceptions -fno-rtti -ffunction-sections -fdata-sections -Wall   -Wall -o CMakeFiles/cmTC_76554.dir/src.cxx.o -c /github/home/telegram-bot-api/build/CMakeFiles/CMakeTmp/src.cxx
Linking CXX executable cmTC_76554
/usr/bin/cmake -E cmake_link_script CMakeFiles/cmTC_76554.dir/link.txt --verbose=1
/usr/bin/c++  -std=c++14 -fno-omit-frame-pointer -fno-exceptions -fno-rtti -ffunction-sections -fdata-sections -Wall CMakeFiles/cmTC_76554.dir/src.cxx.o -o cmTC_76554 
gmake[1]: Leaving directory '/github/home/telegram-bot-api/build/CMakeFiles/CMakeTmp'


Source file was:
int main() { return 0; }
Performing C++ SOURCE FILE Test HAVE_CXX_FLAG_WEXTRA succeeded with the following output:
Change Dir: /github/home/telegram-bot-api/build/CMakeFiles/CMakeTmp

Run Build Command(s):/usr/bin/gmake -f Makefile cmTC_2e870/fast && /usr/bin/gmake  -f CMakeFiles/cmTC_2e870.dir/build.make CMakeFiles/cmTC_2e870.dir/build
gmake[1]: Entering directory '/github/home/telegram-bot-api/build/CMakeFiles/CMakeTmp'
Building CXX object CMakeFiles/cmTC_2e870.dir/src.cxx.o
/usr/bin/c++ -DHAVE_CXX_FLAG_WEXTRA  -std=c++14 -fno-omit-frame-pointer -fno-exceptions -fno-rtti -ffunction-sections -fdata-sections -Wall -Wextra   -Wextra -o CMakeFiles/cmTC_2e870.dir/src.cxx.o -c /github/home/telegram-bot-api/build/CMakeFiles/CMakeTmp/src.cxx
Linking CXX executable cmTC_2e870
/usr/bin/cmake -E cmake_link_script CMakeFiles/cmTC_2e870.dir/link.txt --verbose=1
/usr/bin/c++  -std=c++14 -fno-omit-frame-pointer -fno-exceptions -fno-rtti -ffunction-sections -fdata-sections -Wall -Wextra CMakeFiles/cmTC_2e870.dir/src.cxx.o -o cmTC_2e870 
gmake[1]: Leaving directory '/github/home/telegram-bot-api/build/CMakeFiles/CMakeTmp'


Source file was:
int main() { return 0; }
Performing C++ SOURCE FILE Test HAVE_CXX_FLAG_WIMPLICIT_FALLTHROUGH_2 succeeded with the following output:
Change Dir: /github/home/telegram-bot-api/build/CMakeFiles/CMakeTmp

Run Build Command(s):/usr/bin/gmake -f Makefile cmTC_f95b8/fast && /usr/bin/gmake  -f CMakeFiles/cmTC_f95b8.dir/build.make CMakeFiles/cmTC_f95b8.dir/build
gmake[1]: Entering directory '/github/home/telegram-bot-api/build/CMakeFiles/CMakeTmp'
Building CXX object CMakeFiles/cmTC_f95b8.dir/src.cxx.o
/usr/bin/c++ -DHAVE_CXX_FLAG_WIMPLICIT_FALLTHROUGH_2  -std=c++14 -fno-omit-frame-pointer -fno-exceptions -fno-rtti -ffunction-sections -fdata-sections -Wall -Wextra -Wimplicit-fallthrough=2   -Wimplicit-fallthrough=2 -o CMakeFiles/cmTC_f95b8.dir/src.cxx.o -c /github/home/telegram-bot-api/build/CMakeFiles/CMakeTmp/src.cxx
Linking CXX executable cmTC_f95b8
/usr/bin/cmake -E cmake_link_script CMakeFiles/cmTC_f95b8.dir/link.txt --verbose=1
/usr/bin/c++  -std=c++14 -fno-omit-frame-pointer -fno-exceptions -fno-rtti -ffunction-sections -fdata-sections -Wall -Wextra -Wimplicit-fallthrough=2 CMakeFiles/cmTC_f95b8.dir/src.cxx.o -o cmTC_f95b8 
gmake[1]: Leaving directory '/github/home/telegram-bot-api/build/CMakeFiles/CMakeTmp'


Source file was:
int main() { return 0; }
Performing C++ SOURCE FILE Test HAVE_CXX_FLAG_WPOINTER_ARITH succeeded with the following output:
Change Dir: /github/home/telegram-bot-api/build/CMakeFiles/CMakeTmp

Run Build Command(s):/usr/bin/gmake -f Makefile cmTC_24736/fast && /usr/bin/gmake  -f CMakeFiles/cmTC_24736.dir/build.make CMakeFiles/cmTC_24736.dir/build
gmake[1]: Entering directory '/github/home/telegram-bot-api/build/CMakeFiles/CMakeTmp'
Building CXX object CMakeFiles/cmTC_24736.dir/src.cxx.o
/usr/bin/c++ -DHAVE_CXX_FLAG_WPOINTER_ARITH  -std=c++14 -fno-omit-frame-pointer -fno-exceptions -fno-rtti -ffunction-sections -fdata-sections -Wall -Wextra -Wimplicit-fallthrough=2 -Wpointer-arith   -Wpointer-arith -o CMakeFiles/cmTC_24736.dir/src.cxx.o -c /github/home/telegram-bot-api/build/CMakeFiles/CMakeTmp/src.cxx
Linking CXX executable cmTC_24736
/usr/bin/cmake -E cmake_link_script CMakeFiles/cmTC_24736.dir/link.txt --verbose=1
/usr/bin/c++  -std=c++14 -fno-omit-frame-pointer -fno-exceptions -fno-rtti -ffunction-sections -fdata-sections -Wall -Wextra -Wimplicit-fallthrough=2 -Wpointer-arith CMakeFiles/cmTC_24736.dir/src.cxx.o -o cmTC_24736 
gmake[1]: Leaving directory '/github/home/telegram-bot-api/build/CMakeFiles/CMakeTmp'


Source file was:
int main() { return 0; }
Performing C++ SOURCE FILE Test HAVE_CXX_FLAG_WCAST_QUAL succeeded with the following output:
Change Dir: /github/home/telegram-bot-api/build/CMakeFiles/CMakeTmp

Run Build Command(s):/usr/bin/gmake -f Makefile cmTC_b3049/fast && /usr/bin/gmake  -f CMakeFiles/cmTC_b3049.dir/build.make CMakeFiles/cmTC_b3049.dir/build
gmake[1]: Entering directory '/github/home/telegram-bot-api/build/CMakeFiles/CMakeTmp'
Building CXX object CMakeFiles/cmTC_b3049.dir/src.cxx.o
/usr/bin/c++ -DHAVE_CXX_FLAG_WCAST_QUAL  -std=c++14 -fno-omit-frame-pointer -fno-exceptions -fno-rtti -ffunction-sections -fdata-sections -Wall -Wextra -Wimplicit-fallthrough=2 -Wpointer-arith -Wcast-qual   -Wcast-qual -o CMakeFiles/cmTC_b3049.dir/src.cxx.o -c /github/home/telegram-bot-api/build/CMakeFiles/CMakeTmp/src.cxx
Linking CXX executable cmTC_b3049
/usr/bin/cmake -E cmake_link_script CMakeFiles/cmTC_b3049.dir/link.txt --verbose=1
/usr/bin/c++  -std=c++14 -fno-omit-frame-pointer -fno-exceptions -fno-rtti -ffunction-sections -fdata-sections -Wall -Wextra -Wimplicit-fallthrough=2 -Wpointer-arith -Wcast-qual CMakeFiles/cmTC_b3049.dir/src.cxx.o -o cmTC_b3049 
gmake[1]: Leaving directory '/github/home/telegram-bot-api/build/CMakeFiles/CMakeTmp'


Source file was:
int main() { return 0; }
Performing C++ SOURCE FILE Test HAVE_CXX_FLAG_WSIGN_COMPARE succeeded with the following output:
Change Dir: /github/home/telegram-bot-api/build/CMakeFiles/CMakeTmp

Run Build Command(s):/usr/bin/gmake -f Makefile cmTC_6bcd9/fast && /usr/bin/gmake  -f CMakeFiles/cmTC_6bcd9.dir/build.make CMakeFiles/cmTC_6bcd9.dir/build
gmake[1]: Entering directory '/github/home/telegram-bot-api/build/CMakeFiles/CMakeTmp'
Building CXX object CMakeFiles/cmTC_6bcd9.dir/src.cxx.o
/usr/bin/c++ -DHAVE_CXX_FLAG_WSIGN_COMPARE  -std=c++14 -fno-omit-frame-pointer -fno-exceptions -fno-rtti -ffunction-sections -fdata-sections -Wall -Wextra -Wimplicit-fallthrough=2 -Wpointer-arith -Wcast-qual -Wsign-compare   -Wsign-compare -o CMakeFiles/cmTC_6bcd9.dir/src.cxx.o -c /github/home/telegram-bot-api/build/CMakeFiles/CMakeTmp/src.cxx
Linking CXX executable cmTC_6bcd9
/usr/bin/cmake -E cmake_link_script CMakeFiles/cmTC_6bcd9.dir/link.txt --verbose=1
/usr/bin/c++  -std=c++14 -fno-omit-frame-pointer -fno-exceptions -fno-rtti -ffunction-sections -fdata-sections -Wall -Wextra -Wimplicit-fallthrough=2 -Wpointer-arith -Wcast-qual -Wsign-compare CMakeFiles/cmTC_6bcd9.dir/src.cxx.o -o cmTC_6bcd9 
gmake[1]: Leaving directory '/github/home/telegram-bot-api/build/CMakeFiles/CMakeTmp'


Source file was:
int main() { return 0; }
Performing C++ SOURCE FILE Test HAVE_CXX_FLAG_WDUPLICATED_BRANCHES succeeded with the following output:
Change Dir: /github/home/telegram-bot-api/build/CMakeFiles/CMakeTmp

Run Build Command(s):/usr/bin/gmake -f Makefile cmTC_22797/fast && /usr/bin/gmake  -f CMakeFiles/cmTC_22797.dir/build.make CMakeFiles/cmTC_22797.dir/build
gmake[1]: Entering directory '/github/home/telegram-bot-api/build/CMakeFiles/CMakeTmp'
Building CXX object CMakeFiles/cmTC_22797.dir/src.cxx.o
/usr/bin/c++ -DHAVE_CXX_FLAG_WDUPLICATED_BRANCHES  -std=c++14 -fno-omit-frame-pointer -fno-exceptions -fno-rtti -ffunction-sections -fdata-sections -Wall -Wextra -Wimplicit-fallthrough=2 -Wpointer-arith -Wcast-qual -Wsign-compare -Wduplicated-branches   -Wduplicated-branches -o CMakeFiles/cmTC_22797.dir/src.cxx.o -c /github/home/telegram-bot-api/build/CMakeFiles/CMakeTmp/src.cxx
Linking CXX executable cmTC_22797
/usr/bin/cmake -E cmake_link_script CMakeFiles/cmTC_22797.dir/link.txt --verbose=1
/usr/bin/c++  -std=c++14 -fno-omit-frame-pointer -fno-exceptions -fno-rtti -ffunction-sections -fdata-sections -Wall -Wextra -Wimplicit-fallthrough=2 -Wpointer-arith -Wcast-qual -Wsign-compare -Wduplicated-branches CMakeFiles/cmTC_22797.dir/src.cxx.o -o cmTC_22797 
gmake[1]: Leaving directory '/github/home/telegram-bot-api/build/CMakeFiles/CMakeTmp'


Source file was:
int main() { return 0; }
Performing C++ SOURCE FILE Test HAVE_CXX_FLAG_WDUPLICATED_COND succeeded with the following output:
Change Dir: /github/home/telegram-bot-api/build/CMakeFiles/CMakeTmp

Run Build Command(s):/usr/bin/gmake -f Makefile cmTC_8211a/fast && /usr/bin/gmake  -f CMakeFiles/cmTC_8211a.dir/build.make CMakeFiles/cmTC_8211a.dir/build
gmake[1]: Entering directory '/github/home/telegram-bot-api/build/CMakeFiles/CMakeTmp'
Building CXX object CMakeFiles/cmTC_8211a.dir/src.cxx.o
/usr/bin/c++ -DHAVE_CXX_FLAG_WDUPLICATED_COND  -std=c++14 -fno-omit-frame-pointer -fno-exceptions -fno-rtti -ffunction-sections -fdata-sections -Wall -Wextra -Wimplicit-fallthrough=2 -Wpointer-arith -Wcast-qual -Wsign-compare -Wduplicated-branches -Wduplicated-cond   -Wduplicated-cond -o CMakeFiles/cmTC_8211a.dir/src.cxx.o -c /github/home/telegram-bot-api/build/CMakeFiles/CMakeTmp/src.cxx
Linking CXX executable cmTC_8211a
/usr/bin/cmake -E cmake_link_script CMakeFiles/cmTC_8211a.dir/link.txt --verbose=1
/usr/bin/c++  -std=c++14 -fno-omit-frame-pointer -fno-exceptions -fno-rtti -ffunction-sections -fdata-sections -Wall -Wextra -Wimplicit-fallthrough=2 -Wpointer-arith -Wcast-qual -Wsign-compare -Wduplicated-branches -Wduplicated-cond CMakeFiles/cmTC_8211a.dir/src.cxx.o -o cmTC_8211a 
gmake[1]: Leaving directory '/github/home/telegram-bot-api/build/CMakeFiles/CMakeTmp'


Source file was:
int main() { return 0; }
Performing C++ SOURCE FILE Test HAVE_CXX_FLAG_WALLOC_ZERO succeeded with the following output:
Change Dir: /github/home/telegram-bot-api/build/CMakeFiles/CMakeTmp

Run Build Command(s):/usr/bin/gmake -f Makefile cmTC_6a61e/fast && /usr/bin/gmake  -f CMakeFiles/cmTC_6a61e.dir/build.make CMakeFiles/cmTC_6a61e.dir/build
gmake[1]: Entering directory '/github/home/telegram-bot-api/build/CMakeFiles/CMakeTmp'
Building CXX object CMakeFiles/cmTC_6a61e.dir/src.cxx.o
/usr/bin/c++ -DHAVE_CXX_FLAG_WALLOC_ZERO  -std=c++14 -fno-omit-frame-pointer -fno-exceptions -fno-rtti -ffunction-sections -fdata-sections -Wall -Wextra -Wimplicit-fallthrough=2 -Wpointer-arith -Wcast-qual -Wsign-compare -Wduplicated-branches -Wduplicated-cond -Walloc-zero   -Walloc-zero -o CMakeFiles/cmTC_6a61e.dir/src.cxx.o -c /github/home/telegram-bot-api/build/CMakeFiles/CMakeTmp/src.cxx
Linking CXX executable cmTC_6a61e
/usr/bin/cmake -E cmake_link_script CMakeFiles/cmTC_6a61e.dir/link.txt --verbose=1
/usr/bin/c++  -std=c++14 -fno-omit-frame-pointer -fno-exceptions -fno-rtti -ffunction-sections -fdata-sections -Wall -Wextra -Wimplicit-fallthrough=2 -Wpointer-arith -Wcast-qual -Wsign-compare -Wduplicated-branches -Wduplicated-cond -Walloc-zero CMakeFiles/cmTC_6a61e.dir/src.cxx.o -o cmTC_6a61e 
gmake[1]: Leaving directory '/github/home/telegram-bot-api/build/CMakeFiles/CMakeTmp'


Source file was:
int main() { return 0; }
Performing C++ SOURCE FILE Test HAVE_CXX_FLAG_WLOGICAL_OP succeeded with the following output:
Change Dir: /github/home/telegram-bot-api/build/CMakeFiles/CMakeTmp

Run Build Command(s):/usr/bin/gmake -f Makefile cmTC_1dfd5/fast && /usr/bin/gmake  -f CMakeFiles/cmTC_1dfd5.dir/build.make CMakeFiles/cmTC_1dfd5.dir/build
gmake[1]: Entering directory '/github/home/telegram-bot-api/build/CMakeFiles/CMakeTmp'
Building CXX object CMakeFiles/cmTC_1dfd5.dir/src.cxx.o
/usr/bin/c++ -DHAVE_CXX_FLAG_WLOGICAL_OP  -std=c++14 -fno-omit-frame-pointer -fno-exceptions -fno-rtti -ffunction-sections -fdata-sections -Wall -Wextra -Wimplicit-fallthrough=2 -Wpointer-arith -Wcast-qual -Wsign-compare -Wduplicated-branches -Wduplicated-cond -Walloc-zero -Wlogical-op   -Wlogical-op -o CMakeFiles/cmTC_1dfd5.dir/src.cxx.o -c /github/home/telegram-bot-api/build/CMakeFiles/CMakeTmp/src.cxx
Linking CXX executable cmTC_1dfd5
/usr/bin/cmake -E cmake_link_script CMakeFiles/cmTC_1dfd5.dir/link.txt --verbose=1
/usr/bin/c++  -std=c++14 -fno-omit-frame-pointer -fno-exceptions -fno-rtti -ffunction-sections -fdata-sections -Wall -Wextra -Wimplicit-fallthrough=2 -Wpointer-arith -Wcast-qual -Wsign-compare -Wduplicated-branches -Wduplicated-cond -Walloc-zero -Wlogical-op CMakeFiles/cmTC_1dfd5.dir/src.cxx.o -o cmTC_1dfd5 
gmake[1]: Leaving directory '/github/home/telegram-bot-api/build/CMakeFiles/CMakeTmp'


Source file was:
int main() { return 0; }
Performing C++ SOURCE FILE Test HAVE_CXX_FLAG_WTAUTOLOGICAL_COMPARE succeeded with the following output:
Change Dir: /github/home/telegram-bot-api/build/CMakeFiles/CMakeTmp

Run Build Command(s):/usr/bin/gmake -f Makefile cmTC_f1dd8/fast && /usr/bin/gmake  -f CMakeFiles/cmTC_f1dd8.dir/build.make CMakeFiles/cmTC_f1dd8.dir/build
gmake[1]: Entering directory '/github/home/telegram-bot-api/build/CMakeFiles/CMakeTmp'
Building CXX object CMakeFiles/cmTC_f1dd8.dir/src.cxx.o
/usr/bin/c++ -DHAVE_CXX_FLAG_WTAUTOLOGICAL_COMPARE  -std=c++14 -fno-omit-frame-pointer -fno-exceptions -fno-rtti -ffunction-sections -fdata-sections -Wall -Wextra -Wimplicit-fallthrough=2 -Wpointer-arith -Wcast-qual -Wsign-compare -Wduplicated-branches -Wduplicated-cond -Walloc-zero -Wlogical-op -Wno-tautological-compare   -Wtautological-compare -o CMakeFiles/cmTC_f1dd8.dir/src.cxx.o -c /github/home/telegram-bot-api/build/CMakeFiles/CMakeTmp/src.cxx
Linking CXX executable cmTC_f1dd8
/usr/bin/cmake -E cmake_link_script CMakeFiles/cmTC_f1dd8.dir/link.txt --verbose=1
/usr/bin/c++  -std=c++14 -fno-omit-frame-pointer -fno-exceptions -fno-rtti -ffunction-sections -fdata-sections -Wall -Wextra -Wimplicit-fallthrough=2 -Wpointer-arith -Wcast-qual -Wsign-compare -Wduplicated-branches -Wduplicated-cond -Walloc-zero -Wlogical-op -Wno-tautological-compare CMakeFiles/cmTC_f1dd8.dir/src.cxx.o -o cmTC_f1dd8 
gmake[1]: Leaving directory '/github/home/telegram-bot-api/build/CMakeFiles/CMakeTmp'


Source file was:
int main() { return 0; }
Performing C++ SOURCE FILE Test HAVE_CXX_FLAG_WVLA succeeded with the following output:
Change Dir: /github/home/telegram-bot-api/build/CMakeFiles/CMakeTmp

Run Build Command(s):/usr/bin/gmake -f Makefile cmTC_52fe0/fast && /usr/bin/gmake  -f CMakeFiles/cmTC_52fe0.dir/build.make CMakeFiles/cmTC_52fe0.dir/build
gmake[1]: Entering directory '/github/home/telegram-bot-api/build/CMakeFiles/CMakeTmp'
Building CXX object CMakeFiles/cmTC_52fe0.dir/src.cxx.o
/usr/bin/c++ -DHAVE_CXX_FLAG_WVLA  -std=c++14 -fno-omit-frame-pointer -fno-exceptions -fno-rtti -ffunction-sections -fdata-sections -Wall -Wextra -Wimplicit-fallthrough=2 -Wpointer-arith -Wcast-qual -Wsign-compare -Wduplicated-branches -Wduplicated-cond -Walloc-zero -Wlogical-op -Wno-tautological-compare -Wpointer-arith -Wvla   -Wvla -o CMakeFiles/cmTC_52fe0.dir/src.cxx.o -c /github/home/telegram-bot-api/build/CMakeFiles/CMakeTmp/src.cxx
Linking CXX executable cmTC_52fe0
/usr/bin/cmake -E cmake_link_script CMakeFiles/cmTC_52fe0.dir/link.txt --verbose=1
/usr/bin/c++  -std=c++14 -fno-omit-frame-pointer -fno-exceptions -fno-rtti -ffunction-sections -fdata-sections -Wall -Wextra -Wimplicit-fallthrough=2 -Wpointer-arith -Wcast-qual -Wsign-compare -Wduplicated-branches -Wduplicated-cond -Walloc-zero -Wlogical-op -Wno-tautological-compare -Wpointer-arith -Wvla CMakeFiles/cmTC_52fe0.dir/src.cxx.o -o cmTC_52fe0 
gmake[1]: Leaving directory '/github/home/telegram-bot-api/build/CMakeFiles/CMakeTmp'


Source file was:
int main() { return 0; }
Performing C++ SOURCE FILE Test HAVE_CXX_FLAG_WNON_VIRTUAL_DTOR succeeded with the following output:
Change Dir: /github/home/telegram-bot-api/build/CMakeFiles/CMakeTmp

Run Build Command(s):/usr/bin/gmake -f Makefile cmTC_b09bf/fast && /usr/bin/gmake  -f CMakeFiles/cmTC_b09bf.dir/build.make CMakeFiles/cmTC_b09bf.dir/build
gmake[1]: Entering directory '/github/home/telegram-bot-api/build/CMakeFiles/CMakeTmp'
Building CXX object CMakeFiles/cmTC_b09bf.dir/src.cxx.o
/usr/bin/c++ -DHAVE_CXX_FLAG_WNON_VIRTUAL_DTOR  -std=c++14 -fno-omit-frame-pointer -fno-exceptions -fno-rtti -ffunction-sections -fdata-sections -Wall -Wextra -Wimplicit-fallthrough=2 -Wpointer-arith -Wcast-qual -Wsign-compare -Wduplicated-branches -Wduplicated-cond -Walloc-zero -Wlogical-op -Wno-tautological-compare -Wpointer-arith -Wvla -Wnon-virtual-dtor   -Wnon-virtual-dtor -o CMakeFiles/cmTC_b09bf.dir/src.cxx.o -c /github/home/telegram-bot-api/build/CMakeFiles/CMakeTmp/src.cxx
Linking CXX executable cmTC_b09bf
/usr/bin/cmake -E cmake_link_script CMakeFiles/cmTC_b09bf.dir/link.txt --verbose=1
/usr/bin/c++  -std=c++14 -fno-omit-frame-pointer -fno-exceptions -fno-rtti -ffunction-sections -fdata-sections -Wall -Wextra -Wimplicit-fallthrough=2 -Wpointer-arith -Wcast-qual -Wsign-compare -Wduplicated-branches -Wduplicated-cond -Walloc-zero -Wlogical-op -Wno-tautological-compare -Wpointer-arith -Wvla -Wnon-virtual-dtor CMakeFiles/cmTC_b09bf.dir/src.cxx.o -o cmTC_b09bf 
gmake[1]: Leaving directory '/github/home/telegram-bot-api/build/CMakeFiles/CMakeTmp'


Source file was:
int main() { return 0; }
Performing C++ SOURCE FILE Test HAVE_CXX_FLAG_WUNUSED_PARAMETER succeeded with the following output:
Change Dir: /github/home/telegram-bot-api/build/CMakeFiles/CMakeTmp

Run Build Command(s):/usr/bin/gmake -f Makefile cmTC_dfc69/fast && /usr/bin/gmake  -f CMakeFiles/cmTC_dfc69.dir/build.make CMakeFiles/cmTC_dfc69.dir/build
gmake[1]: Entering directory '/github/home/telegram-bot-api/build/CMakeFiles/CMakeTmp'
Building CXX object CMakeFiles/cmTC_dfc69.dir/src.cxx.o
/usr/bin/c++ -DHAVE_CXX_FLAG_WUNUSED_PARAMETER  -std=c++14 -fno-omit-frame-pointer -fno-exceptions -fno-rtti -ffunction-sections -fdata-sections -Wall -Wextra -Wimplicit-fallthrough=2 -Wpointer-arith -Wcast-qual -Wsign-compare -Wduplicated-branches -Wduplicated-cond -Walloc-zero -Wlogical-op -Wno-tautological-compare -Wpointer-arith -Wvla -Wnon-virtual-dtor -Wno-unused-parameter   -Wunused-parameter -o CMakeFiles/cmTC_dfc69.dir/src.cxx.o -c /github/home/telegram-bot-api/build/CMakeFiles/CMakeTmp/src.cxx
Linking CXX executable cmTC_dfc69
/usr/bin/cmake -E cmake_link_script CMakeFiles/cmTC_dfc69.dir/link.txt --verbose=1
/usr/bin/c++  -std=c++14 -fno-omit-frame-pointer -fno-exceptions -fno-rtti -ffunction-sections -fdata-sections -Wall -Wextra -Wimplicit-fallthrough=2 -Wpointer-arith -Wcast-qual -Wsign-compare -Wduplicated-branches -Wduplicated-cond -Walloc-zero -Wlogical-op -Wno-tautological-compare -Wpointer-arith -Wvla -Wnon-virtual-dtor -Wno-unused-parameter CMakeFiles/cmTC_dfc69.dir/src.cxx.o -o cmTC_dfc69 
gmake[1]: Leaving directory '/github/home/telegram-bot-api/build/CMakeFiles/CMakeTmp'


Source file was:
int main() { return 0; }
Performing C++ SOURCE FILE Test HAVE_CXX_FLAG_WCONVERSION succeeded with the following output:
Change Dir: /github/home/telegram-bot-api/build/CMakeFiles/CMakeTmp

Run Build Command(s):/usr/bin/gmake -f Makefile cmTC_83da3/fast && /usr/bin/gmake  -f CMakeFiles/cmTC_83da3.dir/build.make CMakeFiles/cmTC_83da3.dir/build
gmake[1]: Entering directory '/github/home/telegram-bot-api/build/CMakeFiles/CMakeTmp'
Building CXX object CMakeFiles/cmTC_83da3.dir/src.cxx.o
/usr/bin/c++ -DHAVE_CXX_FLAG_WCONVERSION  -std=c++14 -fno-omit-frame-pointer -fno-exceptions -fno-rtti -ffunction-sections -fdata-sections -Wall -Wextra -Wimplicit-fallthrough=2 -Wpointer-arith -Wcast-qual -Wsign-compare -Wduplicated-branches -Wduplicated-cond -Walloc-zero -Wlogical-op -Wno-tautological-compare -Wpointer-arith -Wvla -Wnon-virtual-dtor -Wno-unused-parameter -Wconversion   -Wconversion -o CMakeFiles/cmTC_83da3.dir/src.cxx.o -c /github/home/telegram-bot-api/build/CMakeFiles/CMakeTmp/src.cxx
Linking CXX executable cmTC_83da3
/usr/bin/cmake -E cmake_link_script CMakeFiles/cmTC_83da3.dir/link.txt --verbose=1
/usr/bin/c++  -std=c++14 -fno-omit-frame-pointer -fno-exceptions -fno-rtti -ffunction-sections -fdata-sections -Wall -Wextra -Wimplicit-fallthrough=2 -Wpointer-arith -Wcast-qual -Wsign-compare -Wduplicated-branches -Wduplicated-cond -Walloc-zero -Wlogical-op -Wno-tautological-compare -Wpointer-arith -Wvla -Wnon-virtual-dtor -Wno-unused-parameter -Wconversion CMakeFiles/cmTC_83da3.dir/src.cxx.o -o cmTC_83da3 
gmake[1]: Leaving directory '/github/home/telegram-bot-api/build/CMakeFiles/CMakeTmp'


Source file was:
int main() { return 0; }
Performing C++ SOURCE FILE Test HAVE_CXX_FLAG_WSIGN_CONVERSION succeeded with the following output:
Change Dir: /github/home/telegram-bot-api/build/CMakeFiles/CMakeTmp

Run Build Command(s):/usr/bin/gmake -f Makefile cmTC_6b843/fast && /usr/bin/gmake  -f CMakeFiles/cmTC_6b843.dir/build.make CMakeFiles/cmTC_6b843.dir/build
gmake[1]: Entering directory '/github/home/telegram-bot-api/build/CMakeFiles/CMakeTmp'
Building CXX object CMakeFiles/cmTC_6b843.dir/src.cxx.o
/usr/bin/c++ -DHAVE_CXX_FLAG_WSIGN_CONVERSION  -std=c++14 -fno-omit-frame-pointer -fno-exceptions -fno-rtti -ffunction-sections -fdata-sections -Wall -Wextra -Wimplicit-fallthrough=2 -Wpointer-arith -Wcast-qual -Wsign-compare -Wduplicated-branches -Wduplicated-cond -Walloc-zero -Wlogical-op -Wno-tautological-compare -Wpointer-arith -Wvla -Wnon-virtual-dtor -Wno-unused-parameter -Wconversion -Wno-sign-conversion   -Wsign-conversion -o CMakeFiles/cmTC_6b843.dir/src.cxx.o -c /github/home/telegram-bot-api/build/CMakeFiles/CMakeTmp/src.cxx
Linking CXX executable cmTC_6b843
/usr/bin/cmake -E cmake_link_script CMakeFiles/cmTC_6b843.dir/link.txt --verbose=1
/usr/bin/c++  -std=c++14 -fno-omit-frame-pointer -fno-exceptions -fno-rtti -ffunction-sections -fdata-sections -Wall -Wextra -Wimplicit-fallthrough=2 -Wpointer-arith -Wcast-qual -Wsign-compare -Wduplicated-branches -Wduplicated-cond -Walloc-zero -Wlogical-op -Wno-tautological-compare -Wpointer-arith -Wvla -Wnon-virtual-dtor -Wno-unused-parameter -Wconversion -Wno-sign-conversion CMakeFiles/cmTC_6b843.dir/src.cxx.o -o cmTC_6b843 
gmake[1]: Leaving directory '/github/home/telegram-bot-api/build/CMakeFiles/CMakeTmp'


Source file was:
int main() { return 0; }
Performing C++ SOURCE FILE Test HAVE_CXX_FLAG_WDEPRECATED succeeded with the following output:
Change Dir: /github/home/telegram-bot-api/build/CMakeFiles/CMakeTmp

Run Build Command(s):/usr/bin/gmake -f Makefile cmTC_3f9f5/fast && /usr/bin/gmake  -f CMakeFiles/cmTC_3f9f5.dir/build.make CMakeFiles/cmTC_3f9f5.dir/build
gmake[1]: Entering directory '/github/home/telegram-bot-api/build/CMakeFiles/CMakeTmp'
Building CXX object CMakeFiles/cmTC_3f9f5.dir/src.cxx.o
/usr/bin/c++ -DHAVE_CXX_FLAG_WDEPRECATED  -std=c++14 -fno-omit-frame-pointer -fno-exceptions -fno-rtti -ffunction-sections -fdata-sections -Wall -Wextra -Wimplicit-fallthrough=2 -Wpointer-arith -Wcast-qual -Wsign-compare -Wduplicated-branches -Wduplicated-cond -Walloc-zero -Wlogical-op -Wno-tautological-compare -Wpointer-arith -Wvla -Wnon-virtual-dtor -Wno-unused-parameter -Wconversion -Wno-sign-conversion -Wdeprecated   -Wdeprecated -o CMakeFiles/cmTC_3f9f5.dir/src.cxx.o -c /github/home/telegram-bot-api/build/CMakeFiles/CMakeTmp/src.cxx
Linking CXX executable cmTC_3f9f5
/usr/bin/cmake -E cmake_link_script CMakeFiles/cmTC_3f9f5.dir/link.txt --verbose=1
/usr/bin/c++  -std=c++14 -fno-omit-frame-pointer -fno-exceptions -fno-rtti -ffunction-sections -fdata-sections -Wall -Wextra -Wimplicit-fallthrough=2 -Wpointer-arith -Wcast-qual -Wsign-compare -Wduplicated-branches -Wduplicated-cond -Walloc-zero -Wlogical-op -Wno-tautological-compare -Wpointer-arith -Wvla -Wnon-virtual-dtor -Wno-unused-parameter -Wconversion -Wno-sign-conversion -Wdeprecated CMakeFiles/cmTC_3f9f5.dir/src.cxx.o -o cmTC_3f9f5 
gmake[1]: Leaving directory '/github/home/telegram-bot-api/build/CMakeFiles/CMakeTmp'


Source file was:
int main() { return 0; }
Performing C++ SOURCE FILE Test HAVE_CXX_FLAG_WODR succeeded with the following output:
Change Dir: /github/home/telegram-bot-api/build/CMakeFiles/CMakeTmp

Run Build Command(s):/usr/bin/gmake -f Makefile cmTC_08101/fast && /usr/bin/gmake  -f CMakeFiles/cmTC_08101.dir/build.make CMakeFiles/cmTC_08101.dir/build
gmake[1]: Entering directory '/github/home/telegram-bot-api/build/CMakeFiles/CMakeTmp'
Building CXX object CMakeFiles/cmTC_08101.dir/src.cxx.o
/usr/bin/c++ -DHAVE_CXX_FLAG_WODR  -std=c++14 -fno-omit-frame-pointer -fno-exceptions -fno-rtti -ffunction-sections -fdata-sections -Wall -Wextra -Wimplicit-fallthrough=2 -Wpointer-arith -Wcast-qual -Wsign-compare -Wduplicated-branches -Wduplicated-cond -Walloc-zero -Wlogical-op -Wno-tautological-compare -Wpointer-arith -Wvla -Wnon-virtual-dtor -Wno-unused-parameter -Wconversion -Wno-sign-conversion -Wdeprecated -Wodr   -Wodr -o CMakeFiles/cmTC_08101.dir/src.cxx.o -c /github/home/telegram-bot-api/build/CMakeFiles/CMakeTmp/src.cxx
Linking CXX executable cmTC_08101
/usr/bin/cmake -E cmake_link_script CMakeFiles/cmTC_08101.dir/link.txt --verbose=1
/usr/bin/c++  -std=c++14 -fno-omit-frame-pointer -fno-exceptions -fno-rtti -ffunction-sections -fdata-sections -Wall -Wextra -Wimplicit-fallthrough=2 -Wpointer-arith -Wcast-qual -Wsign-compare -Wduplicated-branches -Wduplicated-cond -Walloc-zero -Wlogical-op -Wno-tautological-compare -Wpointer-arith -Wvla -Wnon-virtual-dtor -Wno-unused-parameter -Wconversion -Wno-sign-conversion -Wdeprecated -Wodr CMakeFiles/cmTC_08101.dir/src.cxx.o -o cmTC_08101 
gmake[1]: Leaving directory '/github/home/telegram-bot-api/build/CMakeFiles/CMakeTmp'


Source file was:
int main() { return 0; }
Performing C++ SOURCE FILE Test HAVE_CXX_FLAG_FLTO_ODR_TYPE_MERGING succeeded with the following output:
Change Dir: /github/home/telegram-bot-api/build/CMakeFiles/CMakeTmp

Run Build Command(s):/usr/bin/gmake -f Makefile cmTC_47f9c/fast && /usr/bin/gmake  -f CMakeFiles/cmTC_47f9c.dir/build.make CMakeFiles/cmTC_47f9c.dir/build
gmake[1]: Entering directory '/github/home/telegram-bot-api/build/CMakeFiles/CMakeTmp'
Building CXX object CMakeFiles/cmTC_47f9c.dir/src.cxx.o
/usr/bin/c++ -DHAVE_CXX_FLAG_FLTO_ODR_TYPE_MERGING  -std=c++14 -fno-omit-frame-pointer -fno-exceptions -fno-rtti -ffunction-sections -fdata-sections -Wall -Wextra -Wimplicit-fallthrough=2 -Wpointer-arith -Wcast-qual -Wsign-compare -Wduplicated-branches -Wduplicated-cond -Walloc-zero -Wlogical-op -Wno-tautological-compare -Wpointer-arith -Wvla -Wnon-virtual-dtor -Wno-unused-parameter -Wconversion -Wno-sign-conversion -Wdeprecated -Wodr -flto-odr-type-merging   -flto-odr-type-merging -o CMakeFiles/cmTC_47f9c.dir/src.cxx.o -c /github/home/telegram-bot-api/build/CMakeFiles/CMakeTmp/src.cxx
Linking CXX executable cmTC_47f9c
/usr/bin/cmake -E cmake_link_script CMakeFiles/cmTC_47f9c.dir/link.txt --verbose=1
/usr/bin/c++  -std=c++14 -fno-omit-frame-pointer -fno-exceptions -fno-rtti -ffunction-sections -fdata-sections -Wall -Wextra -Wimplicit-fallthrough=2 -Wpointer-arith -Wcast-qual -Wsign-compare -Wduplicated-branches -Wduplicated-cond -Walloc-zero -Wlogical-op -Wno-tautological-compare -Wpointer-arith -Wvla -Wnon-virtual-dtor -Wno-unused-parameter -Wconversion -Wno-sign-conversion -Wdeprecated -Wodr -flto-odr-type-merging CMakeFiles/cmTC_47f9c.dir/src.cxx.o -o cmTC_47f9c 
gmake[1]: Leaving directory '/github/home/telegram-bot-api/build/CMakeFiles/CMakeTmp'


Source file was:
int main() { return 0; }
Performing C++ SOURCE FILE Test HAVE_CXX_FLAG_WMAYBE_UNINITIALIZED succeeded with the following output:
Change Dir: /github/home/telegram-bot-api/build/CMakeFiles/CMakeTmp

Run Build Command(s):/usr/bin/gmake -f Makefile cmTC_a6393/fast && /usr/bin/gmake  -f CMakeFiles/cmTC_a6393.dir/build.make CMakeFiles/cmTC_a6393.dir/build
gmake[1]: Entering directory '/github/home/telegram-bot-api/build/CMakeFiles/CMakeTmp'
Building CXX object CMakeFiles/cmTC_a6393.dir/src.cxx.o
/usr/bin/c++ -DHAVE_CXX_FLAG_WMAYBE_UNINITIALIZED  -std=c++14 -fno-omit-frame-pointer -fno-exceptions -fno-rtti -ffunction-sections -fdata-sections -Wall -Wextra -Wimplicit-fallthrough=2 -Wpointer-arith -Wcast-qual -Wsign-compare -Wduplicated-branches -Wduplicated-cond -Walloc-zero -Wlogical-op -Wno-tautological-compare -Wpointer-arith -Wvla -Wnon-virtual-dtor -Wno-unused-parameter -Wconversion -Wno-sign-conversion -Wdeprecated -Wodr -flto-odr-type-merging -Wno-maybe-uninitialized   -Wmaybe-uninitialized -o CMakeFiles/cmTC_a6393.dir/src.cxx.o -c /github/home/telegram-bot-api/build/CMakeFiles/CMakeTmp/src.cxx
Linking CXX executable cmTC_a6393
/usr/bin/cmake -E cmake_link_script CMakeFiles/cmTC_a6393.dir/link.txt --verbose=1
/usr/bin/c++  -std=c++14 -fno-omit-frame-pointer -fno-exceptions -fno-rtti -ffunction-sections -fdata-sections -Wall -Wextra -Wimplicit-fallthrough=2 -Wpointer-arith -Wcast-qual -Wsign-compare -Wduplicated-branches -Wduplicated-cond -Walloc-zero -Wlogical-op -Wno-tautological-compare -Wpointer-arith -Wvla -Wnon-virtual-dtor -Wno-unused-parameter -Wconversion -Wno-sign-conversion -Wdeprecated -Wodr -flto-odr-type-merging -Wno-maybe-uninitialized CMakeFiles/cmTC_a6393.dir/src.cxx.o -o cmTC_a6393 
gmake[1]: Leaving directory '/github/home/telegram-bot-api/build/CMakeFiles/CMakeTmp'


Source file was:
int main() { return 0; }
Performing C++ SOURCE FILE Test HAVE_CXX_FLAG_WREDUNDANT_MOVE succeeded with the following output:
Change Dir: /github/home/telegram-bot-api/build/CMakeFiles/CMakeTmp

Run Build Command(s):/usr/bin/gmake -f Makefile cmTC_00bb5/fast && /usr/bin/gmake  -f CMakeFiles/cmTC_00bb5.dir/build.make CMakeFiles/cmTC_00bb5.dir/build
gmake[1]: Entering directory '/github/home/telegram-bot-api/build/CMakeFiles/CMakeTmp'
Building CXX object CMakeFiles/cmTC_00bb5.dir/src.cxx.o
/usr/bin/c++ -DHAVE_CXX_FLAG_WREDUNDANT_MOVE  -std=c++14 -fno-omit-frame-pointer -fno-exceptions -fno-rtti -ffunction-sections -fdata-sections -Wall -Wextra -Wimplicit-fallthrough=2 -Wpointer-arith -Wcast-qual -Wsign-compare -Wduplicated-branches -Wduplicated-cond -Walloc-zero -Wlogical-op -Wno-tautological-compare -Wpointer-arith -Wvla -Wnon-virtual-dtor -Wno-unused-parameter -Wconversion -Wno-sign-conversion -Wdeprecated -Wodr -flto-odr-type-merging -Wno-maybe-uninitialized -Wno-redundant-move   -Wredundant-move -o CMakeFiles/cmTC_00bb5.dir/src.cxx.o -c /github/home/telegram-bot-api/build/CMakeFiles/CMakeTmp/src.cxx
Linking CXX executable cmTC_00bb5
/usr/bin/cmake -E cmake_link_script CMakeFiles/cmTC_00bb5.dir/link.txt --verbose=1
/usr/bin/c++  -std=c++14 -fno-omit-frame-pointer -fno-exceptions -fno-rtti -ffunction-sections -fdata-sections -Wall -Wextra -Wimplicit-fallthrough=2 -Wpointer-arith -Wcast-qual -Wsign-compare -Wduplicated-branches -Wduplicated-cond -Walloc-zero -Wlogical-op -Wno-tautological-compare -Wpointer-arith -Wvla -Wnon-virtual-dtor -Wno-unused-parameter -Wconversion -Wno-sign-conversion -Wdeprecated -Wodr -flto-odr-type-merging -Wno-maybe-uninitialized -Wno-redundant-move CMakeFiles/cmTC_00bb5.dir/src.cxx.o -o cmTC_00bb5 
gmake[1]: Leaving directory '/github/home/telegram-bot-api/build/CMakeFiles/CMakeTmp'


Source file was:
int main() { return 0; }
Performing C++ SOURCE FILE Test COMPILER_HAS_HIDDEN_VISIBILITY succeeded with the following output:
Change Dir: /github/home/telegram-bot-api/build/CMakeFiles/CMakeTmp

Run Build Command(s):/usr/bin/gmake -f Makefile cmTC_b2450/fast && /usr/bin/gmake  -f CMakeFiles/cmTC_b2450.dir/build.make CMakeFiles/cmTC_b2450.dir/build
gmake[1]: Entering directory '/github/home/telegram-bot-api/build/CMakeFiles/CMakeTmp'
Building CXX object CMakeFiles/cmTC_b2450.dir/src.cxx.o
/usr/bin/c++ -DCOMPILER_HAS_HIDDEN_VISIBILITY  -std=c++14 -fno-omit-frame-pointer -fno-exceptions -fno-rtti -ffunction-sections -fdata-sections -Wall -Wextra -Wimplicit-fallthrough=2 -Wpointer-arith -Wcast-qual -Wsign-compare -Wduplicated-branches -Wduplicated-cond -Walloc-zero -Wlogical-op -Wno-tautological-compare -Wpointer-arith -Wvla -Wnon-virtual-dtor -Wno-unused-parameter -Wconversion -Wno-sign-conversion -Wdeprecated -Wodr -flto-odr-type-merging -Wno-maybe-uninitialized -Wno-redundant-move  -fPIE   -fvisibility=hidden -o CMakeFiles/cmTC_b2450.dir/src.cxx.o -c /github/home/telegram-bot-api/build/CMakeFiles/CMakeTmp/src.cxx
Linking CXX executable cmTC_b2450
/usr/bin/cmake -E cmake_link_script CMakeFiles/cmTC_b2450.dir/link.txt --verbose=1
/usr/bin/c++  -std=c++14 -fno-omit-frame-pointer -fno-exceptions -fno-rtti -ffunction-sections -fdata-sections -Wall -Wextra -Wimplicit-fallthrough=2 -Wpointer-arith -Wcast-qual -Wsign-compare -Wduplicated-branches -Wduplicated-cond -Walloc-zero -Wlogical-op -Wno-tautological-compare -Wpointer-arith -Wvla -Wnon-virtual-dtor -Wno-unused-parameter -Wconversion -Wno-sign-conversion -Wdeprecated -Wodr -flto-odr-type-merging -Wno-maybe-uninitialized -Wno-redundant-move  CMakeFiles/cmTC_b2450.dir/src.cxx.o -o cmTC_b2450 
gmake[1]: Leaving directory '/github/home/telegram-bot-api/build/CMakeFiles/CMakeTmp'


Source file was:
int main() { return 0; }
Performing C++ SOURCE FILE Test COMPILER_HAS_HIDDEN_INLINE_VISIBILITY succeeded with the following output:
Change Dir: /github/home/telegram-bot-api/build/CMakeFiles/CMakeTmp

Run Build Command(s):/usr/bin/gmake -f Makefile cmTC_f2eac/fast && /usr/bin/gmake  -f CMakeFiles/cmTC_f2eac.dir/build.make CMakeFiles/cmTC_f2eac.dir/build
gmake[1]: Entering directory '/github/home/telegram-bot-api/build/CMakeFiles/CMakeTmp'
Building CXX object CMakeFiles/cmTC_f2eac.dir/src.cxx.o
/usr/bin/c++ -DCOMPILER_HAS_HIDDEN_INLINE_VISIBILITY  -std=c++14 -fno-omit-frame-pointer -fno-exceptions -fno-rtti -ffunction-sections -fdata-sections -Wall -Wextra -Wimplicit-fallthrough=2 -Wpointer-arith -Wcast-qual -Wsign-compare -Wduplicated-branches -Wduplicated-cond -Walloc-zero -Wlogical-op -Wno-tautological-compare -Wpointer-arith -Wvla -Wnon-virtual-dtor -Wno-unused-parameter -Wconversion -Wno-sign-conversion -Wdeprecated -Wodr -flto-odr-type-merging -Wno-maybe-uninitialized -Wno-redundant-move  -fPIE   -fvisibility-inlines-hidden -o CMakeFiles/cmTC_f2eac.dir/src.cxx.o -c /github/home/telegram-bot-api/build/CMakeFiles/CMakeTmp/src.cxx
Linking CXX executable cmTC_f2eac
/usr/bin/cmake -E cmake_link_script CMakeFiles/cmTC_f2eac.dir/link.txt --verbose=1
/usr/bin/c++  -std=c++14 -fno-omit-frame-pointer -fno-exceptions -fno-rtti -ffunction-sections -fdata-sections -Wall -Wextra -Wimplicit-fallthrough=2 -Wpointer-arith -Wcast-qual -Wsign-compare -Wduplicated-branches -Wduplicated-cond -Walloc-zero -Wlogical-op -Wno-tautological-compare -Wpointer-arith -Wvla -Wnon-virtual-dtor -Wno-unused-parameter -Wconversion -Wno-sign-conversion -Wdeprecated -Wodr -flto-odr-type-merging -Wno-maybe-uninitialized -Wno-redundant-move  CMakeFiles/cmTC_f2eac.dir/src.cxx.o -o cmTC_f2eac 
gmake[1]: Leaving directory '/github/home/telegram-bot-api/build/CMakeFiles/CMakeTmp'


Source file was:
int main() { return 0; }
Performing C++ SOURCE FILE Test COMPILER_HAS_DEPRECATED_ATTR succeeded with the following output:
Change Dir: /github/home/telegram-bot-api/build/CMakeFiles/CMakeTmp

Run Build Command(s):/usr/bin/gmake -f Makefile cmTC_16993/fast && /usr/bin/gmake  -f CMakeFiles/cmTC_16993.dir/build.make CMakeFiles/cmTC_16993.dir/build
gmake[1]: Entering directory '/github/home/telegram-bot-api/build/CMakeFiles/CMakeTmp'
Building CXX object CMakeFiles/cmTC_16993.dir/src.cxx.o
/usr/bin/c++ -DCOMPILER_HAS_DEPRECATED_ATTR  -std=c++14 -fno-omit-frame-pointer -fno-exceptions -fno-rtti -ffunction-sections -fdata-sections -Wall -Wextra -Wimplicit-fallthrough=2 -Wpointer-arith -Wcast-qual -Wsign-compare -Wduplicated-branches -Wduplicated-cond -Walloc-zero -Wlogical-op -Wno-tautological-compare -Wpointer-arith -Wvla -Wnon-virtual-dtor -Wno-unused-parameter -Wconversion -Wno-sign-conversion -Wdeprecated -Wodr -flto-odr-type-merging -Wno-maybe-uninitialized -Wno-redundant-move  -fPIE -o CMakeFiles/cmTC_16993.dir/src.cxx.o -c /github/home/telegram-bot-api/build/CMakeFiles/CMakeTmp/src.cxx
/github/home/telegram-bot-api/build/CMakeFiles/CMakeTmp/src.cxx: In function 'int main()':
/github/home/telegram-bot-api/build/CMakeFiles/CMakeTmp/src.cxx:2:33: warning: 'int somefunc()' is deprecated [-Wdeprecated-declarations]
    2 |     int main() { return somefunc();}
      |                         ~~~~~~~~^~
/github/home/telegram-bot-api/build/CMakeFiles/CMakeTmp/src.cxx:1:37: note: declared here
    1 | __attribute__((__deprecated__)) int somefunc() { return 0; }
      |                                     ^~~~~~~~
Linking CXX executable cmTC_16993
/usr/bin/cmake -E cmake_link_script CMakeFiles/cmTC_16993.dir/link.txt --verbose=1
/usr/bin/c++  -std=c++14 -fno-omit-frame-pointer -fno-exceptions -fno-rtti -ffunction-sections -fdata-sections -Wall -Wextra -Wimplicit-fallthrough=2 -Wpointer-arith -Wcast-qual -Wsign-compare -Wduplicated-branches -Wduplicated-cond -Walloc-zero -Wlogical-op -Wno-tautological-compare -Wpointer-arith -Wvla -Wnon-virtual-dtor -Wno-unused-parameter -Wconversion -Wno-sign-conversion -Wdeprecated -Wodr -flto-odr-type-merging -Wno-maybe-uninitialized -Wno-redundant-move  CMakeFiles/cmTC_16993.dir/src.cxx.o -o cmTC_16993 
gmake[1]: Leaving directory '/github/home/telegram-bot-api/build/CMakeFiles/CMakeTmp'


Source file was:
__attribute__((__deprecated__)) int somefunc() { return 0; }
    int main() { return somefunc();}
