The system is: Linux - 5.13.0-1023-azure - x86_64
Compiling the CXX compiler identification source file "CMakeCXXCompilerId.cpp" succeeded.
Compiler: /usr/bin/c++ 
Build flags: 
Id flags:  

The output was:
0


Compilation of the CXX compiler identification source "CMakeCXXCompilerId.cpp" produced "a.out"

The CXX compiler identification is GNU, found in "/home/runner/telegram-bot-api/build/CMakeFiles/3.23.1/CompilerIdCXX/a.out"

Detecting CXX compiler ABI info compiled with the following output:
Change Dir: /home/runner/telegram-bot-api/build/CMakeFiles/CMakeTmp

Run Build Command(s):/usr/bin/make -f Makefile cmTC_a82ff/fast && /usr/bin/make  -f CMakeFiles/cmTC_a82ff.dir/build.make CMakeFiles/cmTC_a82ff.dir/build
make[1]: Entering directory '/home/runner/telegram-bot-api/build/CMakeFiles/CMakeTmp'
Building CXX object CMakeFiles/cmTC_a82ff.dir/CMakeCXXCompilerABI.cpp.o
/usr/bin/c++   -v -o CMakeFiles/cmTC_a82ff.dir/CMakeCXXCompilerABI.cpp.o -c /usr/local/share/cmake-3.23/Modules/CMakeCXXCompilerABI.cpp
Using built-in specs.
COLLECT_GCC=/usr/bin/c++
OFFLOAD_TARGET_NAMES=nvptx-none:hsa
OFFLOAD_TARGET_DEFAULT=1
Target: x86_64-linux-gnu
Configured with: ../src/configure -v --with-pkgversion='Ubuntu 9.4.0-1ubuntu1~20.04.1' --with-bugurl=file:///usr/share/doc/gcc-9/README.Bugs --enable-languages=c,ada,c++,go,brig,d,fortran,objc,obj-c++,gm2 --prefix=/usr --with-gcc-major-version-only --program-suffix=-9 --program-prefix=x86_64-linux-gnu- --enable-shared --enable-linker-build-id --libexecdir=/usr/lib --without-included-gettext --enable-threads=posix --libdir=/usr/lib --enable-nls --enable-clocale=gnu --enable-libstdcxx-debug --enable-libstdcxx-time=yes --with-default-libstdcxx-abi=new --enable-gnu-unique-object --disable-vtable-verify --enable-plugin --enable-default-pie --with-system-zlib --with-target-system-zlib=auto --enable-objc-gc=auto --enable-multiarch --disable-werror --with-arch-32=i686 --with-abi=m64 --with-multilib-list=m32,m64,mx32 --enable-multilib --with-tune=generic --enable-offload-targets=nvptx-none=/build/gcc-9-Av3uEd/gcc-9-9.4.0/debian/tmp-nvptx/usr,hsa --without-cuda-driver --enable-checking=release --build=x86_64-linux-gnu --host=x86_64-linux-gnu --target=x86_64-linux-gnu
Thread model: posix
gcc version 9.4.0 (Ubuntu 9.4.0-1ubuntu1~20.04.1) 
COLLECT_GCC_OPTIONS='-v' '-o' 'CMakeFiles/cmTC_a82ff.dir/CMakeCXXCompilerABI.cpp.o' '-c' '-shared-libgcc' '-mtune=generic' '-march=x86-64'
 /usr/lib/gcc/x86_64-linux-gnu/9/cc1plus -quiet -v -imultiarch x86_64-linux-gnu -D_GNU_SOURCE /usr/local/share/cmake-3.23/Modules/CMakeCXXCompilerABI.cpp -quiet -dumpbase CMakeCXXCompilerABI.cpp -mtune=generic -march=x86-64 -auxbase-strip CMakeFiles/cmTC_a82ff.dir/CMakeCXXCompilerABI.cpp.o -version -fasynchronous-unwind-tables -fstack-protector-strong -Wformat -Wformat-security -fstack-clash-protection -fcf-protection -o /tmp/ccSVM4el.s
GNU C++14 (Ubuntu 9.4.0-1ubuntu1~20.04.1) version 9.4.0 (x86_64-linux-gnu)
	compiled by GNU C version 9.4.0, GMP version 6.2.0, MPFR version 4.0.2, MPC version 1.1.0, isl version isl-0.22.1-GMP

GGC heuristics: --param ggc-min-expand=100 --param ggc-min-heapsize=131072
ignoring duplicate directory "/usr/include/x86_64-linux-gnu/c++/9"
ignoring nonexistent directory "/usr/local/include/x86_64-linux-gnu"
ignoring nonexistent directory "/usr/lib/gcc/x86_64-linux-gnu/9/include-fixed"
ignoring nonexistent directory "/usr/lib/gcc/x86_64-linux-gnu/9/../../../../x86_64-linux-gnu/include"
#include "..." search starts here:
#include <...> search starts here:
 /usr/include/c++/9
 /usr/include/x86_64-linux-gnu/c++/9
 /usr/include/c++/9/backward
 /usr/lib/gcc/x86_64-linux-gnu/9/include
 /usr/local/include
 /usr/include/x86_64-linux-gnu
 /usr/include
End of search list.
GNU C++14 (Ubuntu 9.4.0-1ubuntu1~20.04.1) version 9.4.0 (x86_64-linux-gnu)
	compiled by GNU C version 9.4.0, GMP version 6.2.0, MPFR version 4.0.2, MPC version 1.1.0, isl version isl-0.22.1-GMP

GGC heuristics: --param ggc-min-expand=100 --param ggc-min-heapsize=131072
Compiler executable checksum: 65fe925b83d3956b533de4aaba7dace0
COLLECT_GCC_OPTIONS='-v' '-o' 'CMakeFiles/cmTC_a82ff.dir/CMakeCXXCompilerABI.cpp.o' '-c' '-shared-libgcc' '-mtune=generic' '-march=x86-64'
 as -v --64 -o CMakeFiles/cmTC_a82ff.dir/CMakeCXXCompilerABI.cpp.o /tmp/ccSVM4el.s
GNU assembler version 2.34 (x86_64-linux-gnu) using BFD version (GNU Binutils for Ubuntu) 2.34
COMPILER_PATH=/usr/lib/gcc/x86_64-linux-gnu/9/:/usr/lib/gcc/x86_64-linux-gnu/9/:/usr/lib/gcc/x86_64-linux-gnu/:/usr/lib/gcc/x86_64-linux-gnu/9/:/usr/lib/gcc/x86_64-linux-gnu/
LIBRARY_PATH=/usr/lib/gcc/x86_64-linux-gnu/9/:/usr/lib/gcc/x86_64-linux-gnu/9/../../../x86_64-linux-gnu/:/usr/lib/gcc/x86_64-linux-gnu/9/../../../../lib/:/lib/x86_64-linux-gnu/:/lib/../lib/:/usr/lib/x86_64-linux-gnu/:/usr/lib/../lib/:/usr/lib/gcc/x86_64-linux-gnu/9/../../../:/lib/:/usr/lib/
COLLECT_GCC_OPTIONS='-v' '-o' 'CMakeFiles/cmTC_a82ff.dir/CMakeCXXCompilerABI.cpp.o' '-c' '-shared-libgcc' '-mtune=generic' '-march=x86-64'
Linking CXX executable cmTC_a82ff
/usr/local/bin/cmake -E cmake_link_script CMakeFiles/cmTC_a82ff.dir/link.txt --verbose=1
/usr/bin/c++  -v CMakeFiles/cmTC_a82ff.dir/CMakeCXXCompilerABI.cpp.o -o cmTC_a82ff 
Using built-in specs.
COLLECT_GCC=/usr/bin/c++
COLLECT_LTO_WRAPPER=/usr/lib/gcc/x86_64-linux-gnu/9/lto-wrapper
OFFLOAD_TARGET_NAMES=nvptx-none:hsa
OFFLOAD_TARGET_DEFAULT=1
Target: x86_64-linux-gnu
Configured with: ../src/configure -v --with-pkgversion='Ubuntu 9.4.0-1ubuntu1~20.04.1' --with-bugurl=file:///usr/share/doc/gcc-9/README.Bugs --enable-languages=c,ada,c++,go,brig,d,fortran,objc,obj-c++,gm2 --prefix=/usr --with-gcc-major-version-only --program-suffix=-9 --program-prefix=x86_64-linux-gnu- --enable-shared --enable-linker-build-id --libexecdir=/usr/lib --without-included-gettext --enable-threads=posix --libdir=/usr/lib --enable-nls --enable-clocale=gnu --enable-libstdcxx-debug --enable-libstdcxx-time=yes --with-default-libstdcxx-abi=new --enable-gnu-unique-object --disable-vtable-verify --enable-plugin --enable-default-pie --with-system-zlib --with-target-system-zlib=auto --enable-objc-gc=auto --enable-multiarch --disable-werror --with-arch-32=i686 --with-abi=m64 --with-multilib-list=m32,m64,mx32 --enable-multilib --with-tune=generic --enable-offload-targets=nvptx-none=/build/gcc-9-Av3uEd/gcc-9-9.4.0/debian/tmp-nvptx/usr,hsa --without-cuda-driver --enable-checking=release --build=x86_64-linux-gnu --host=x86_64-linux-gnu --target=x86_64-linux-gnu
Thread model: posix
gcc version 9.4.0 (Ubuntu 9.4.0-1ubuntu1~20.04.1) 
COMPILER_PATH=/usr/lib/gcc/x86_64-linux-gnu/9/:/usr/lib/gcc/x86_64-linux-gnu/9/:/usr/lib/gcc/x86_64-linux-gnu/:/usr/lib/gcc/x86_64-linux-gnu/9/:/usr/lib/gcc/x86_64-linux-gnu/
LIBRARY_PATH=/usr/lib/gcc/x86_64-linux-gnu/9/:/usr/lib/gcc/x86_64-linux-gnu/9/../../../x86_64-linux-gnu/:/usr/lib/gcc/x86_64-linux-gnu/9/../../../../lib/:/lib/x86_64-linux-gnu/:/lib/../lib/:/usr/lib/x86_64-linux-gnu/:/usr/lib/../lib/:/usr/lib/gcc/x86_64-linux-gnu/9/../../../:/lib/:/usr/lib/
COLLECT_GCC_OPTIONS='-v' '-o' 'cmTC_a82ff' '-shared-libgcc' '-mtune=generic' '-march=x86-64'
 /usr/lib/gcc/x86_64-linux-gnu/9/collect2 -plugin /usr/lib/gcc/x86_64-linux-gnu/9/liblto_plugin.so -plugin-opt=/usr/lib/gcc/x86_64-linux-gnu/9/lto-wrapper -plugin-opt=-fresolution=/tmp/cc9OgLVP.res -plugin-opt=-pass-through=-lgcc_s -plugin-opt=-pass-through=-lgcc -plugin-opt=-pass-through=-lc -plugin-opt=-pass-through=-lgcc_s -plugin-opt=-pass-through=-lgcc --build-id --eh-frame-hdr -m elf_x86_64 --hash-style=gnu --as-needed -dynamic-linker /lib64/ld-linux-x86-64.so.2 -pie -z now -z relro -o cmTC_a82ff /usr/lib/gcc/x86_64-linux-gnu/9/../../../x86_64-linux-gnu/Scrt1.o /usr/lib/gcc/x86_64-linux-gnu/9/../../../x86_64-linux-gnu/crti.o /usr/lib/gcc/x86_64-linux-gnu/9/crtbeginS.o -L/usr/lib/gcc/x86_64-linux-gnu/9 -L/usr/lib/gcc/x86_64-linux-gnu/9/../../../x86_64-linux-gnu -L/usr/lib/gcc/x86_64-linux-gnu/9/../../../../lib -L/lib/x86_64-linux-gnu -L/lib/../lib -L/usr/lib/x86_64-linux-gnu -L/usr/lib/../lib -L/usr/lib/gcc/x86_64-linux-gnu/9/../../.. CMakeFiles/cmTC_a82ff.dir/CMakeCXXCompilerABI.cpp.o -lstdc++ -lm -lgcc_s -lgcc -lc -lgcc_s -lgcc /usr/lib/gcc/x86_64-linux-gnu/9/crtendS.o /usr/lib/gcc/x86_64-linux-gnu/9/../../../x86_64-linux-gnu/crtn.o
COLLECT_GCC_OPTIONS='-v' '-o' 'cmTC_a82ff' '-shared-libgcc' '-mtune=generic' '-march=x86-64'
make[1]: Leaving directory '/home/runner/telegram-bot-api/build/CMakeFiles/CMakeTmp'



Parsed CXX implicit include dir info from above output: rv=done
  found start of include info
  found start of implicit include info
    add: [/usr/include/c++/9]
    add: [/usr/include/x86_64-linux-gnu/c++/9]
    add: [/usr/include/c++/9/backward]
    add: [/usr/lib/gcc/x86_64-linux-gnu/9/include]
    add: [/usr/local/include]
    add: [/usr/include/x86_64-linux-gnu]
    add: [/usr/include]
  end of search list found
  collapse include dir [/usr/include/c++/9] ==> [/usr/include/c++/9]
  collapse include dir [/usr/include/x86_64-linux-gnu/c++/9] ==> [/usr/include/x86_64-linux-gnu/c++/9]
  collapse include dir [/usr/include/c++/9/backward] ==> [/usr/include/c++/9/backward]
  collapse include dir [/usr/lib/gcc/x86_64-linux-gnu/9/include] ==> [/usr/lib/gcc/x86_64-linux-gnu/9/include]
  collapse include dir [/usr/local/include] ==> [/usr/local/include]
  collapse include dir [/usr/include/x86_64-linux-gnu] ==> [/usr/include/x86_64-linux-gnu]
  collapse include dir [/usr/include] ==> [/usr/include]
  implicit include dirs: [/usr/include/c++/9;/usr/include/x86_64-linux-gnu/c++/9;/usr/include/c++/9/backward;/usr/lib/gcc/x86_64-linux-gnu/9/include;/usr/local/include;/usr/include/x86_64-linux-gnu;/usr/include]


Parsed CXX implicit link information from above output:
  link line regex: [^( *|.*[/\])(ld|CMAKE_LINK_STARTFILE-NOTFOUND|([^/\]+-)?ld|collect2)[^/\]*( |$)]
  ignore line: [Change Dir: /home/runner/telegram-bot-api/build/CMakeFiles/CMakeTmp]
  ignore line: []
  ignore line: [Run Build Command(s):/usr/bin/make -f Makefile cmTC_a82ff/fast && /usr/bin/make  -f CMakeFiles/cmTC_a82ff.dir/build.make CMakeFiles/cmTC_a82ff.dir/build]
  ignore line: [make[1]: Entering directory '/home/runner/telegram-bot-api/build/CMakeFiles/CMakeTmp']
  ignore line: [Building CXX object CMakeFiles/cmTC_a82ff.dir/CMakeCXXCompilerABI.cpp.o]
  ignore line: [/usr/bin/c++   -v -o CMakeFiles/cmTC_a82ff.dir/CMakeCXXCompilerABI.cpp.o -c /usr/local/share/cmake-3.23/Modules/CMakeCXXCompilerABI.cpp]
  ignore line: [Using built-in specs.]
  ignore line: [COLLECT_GCC=/usr/bin/c++]
  ignore line: [OFFLOAD_TARGET_NAMES=nvptx-none:hsa]
  ignore line: [OFFLOAD_TARGET_DEFAULT=1]
  ignore line: [Target: x86_64-linux-gnu]
  ignore line: [Configured with: ../src/configure -v --with-pkgversion='Ubuntu 9.4.0-1ubuntu1~20.04.1' --with-bugurl=file:///usr/share/doc/gcc-9/README.Bugs --enable-languages=c ada c++ go brig d fortran objc obj-c++ gm2 --prefix=/usr --with-gcc-major-version-only --program-suffix=-9 --program-prefix=x86_64-linux-gnu- --enable-shared --enable-linker-build-id --libexecdir=/usr/lib --without-included-gettext --enable-threads=posix --libdir=/usr/lib --enable-nls --enable-clocale=gnu --enable-libstdcxx-debug --enable-libstdcxx-time=yes --with-default-libstdcxx-abi=new --enable-gnu-unique-object --disable-vtable-verify --enable-plugin --enable-default-pie --with-system-zlib --with-target-system-zlib=auto --enable-objc-gc=auto --enable-multiarch --disable-werror --with-arch-32=i686 --with-abi=m64 --with-multilib-list=m32 m64 mx32 --enable-multilib --with-tune=generic --enable-offload-targets=nvptx-none=/build/gcc-9-Av3uEd/gcc-9-9.4.0/debian/tmp-nvptx/usr hsa --without-cuda-driver --enable-checking=release --build=x86_64-linux-gnu --host=x86_64-linux-gnu --target=x86_64-linux-gnu]
  ignore line: [Thread model: posix]
  ignore line: [gcc version 9.4.0 (Ubuntu 9.4.0-1ubuntu1~20.04.1) ]
  ignore line: [COLLECT_GCC_OPTIONS='-v' '-o' 'CMakeFiles/cmTC_a82ff.dir/CMakeCXXCompilerABI.cpp.o' '-c' '-shared-libgcc' '-mtune=generic' '-march=x86-64']
  ignore line: [ /usr/lib/gcc/x86_64-linux-gnu/9/cc1plus -quiet -v -imultiarch x86_64-linux-gnu -D_GNU_SOURCE /usr/local/share/cmake-3.23/Modules/CMakeCXXCompilerABI.cpp -quiet -dumpbase CMakeCXXCompilerABI.cpp -mtune=generic -march=x86-64 -auxbase-strip CMakeFiles/cmTC_a82ff.dir/CMakeCXXCompilerABI.cpp.o -version -fasynchronous-unwind-tables -fstack-protector-strong -Wformat -Wformat-security -fstack-clash-protection -fcf-protection -o /tmp/ccSVM4el.s]
  ignore line: [GNU C++14 (Ubuntu 9.4.0-1ubuntu1~20.04.1) version 9.4.0 (x86_64-linux-gnu)]
  ignore line: [	compiled by GNU C version 9.4.0  GMP version 6.2.0  MPFR version 4.0.2  MPC version 1.1.0  isl version isl-0.22.1-GMP]
  ignore line: []
  ignore line: [GGC heuristics: --param ggc-min-expand=100 --param ggc-min-heapsize=131072]
  ignore line: [ignoring duplicate directory "/usr/include/x86_64-linux-gnu/c++/9"]
  ignore line: [ignoring nonexistent directory "/usr/local/include/x86_64-linux-gnu"]
  ignore line: [ignoring nonexistent directory "/usr/lib/gcc/x86_64-linux-gnu/9/include-fixed"]
  ignore line: [ignoring nonexistent directory "/usr/lib/gcc/x86_64-linux-gnu/9/../../../../x86_64-linux-gnu/include"]
  ignore line: [#include "..." search starts here:]
  ignore line: [#include <...> search starts here:]
  ignore line: [ /usr/include/c++/9]
  ignore line: [ /usr/include/x86_64-linux-gnu/c++/9]
  ignore line: [ /usr/include/c++/9/backward]
  ignore line: [ /usr/lib/gcc/x86_64-linux-gnu/9/include]
  ignore line: [ /usr/local/include]
  ignore line: [ /usr/include/x86_64-linux-gnu]
  ignore line: [ /usr/include]
  ignore line: [End of search list.]
  ignore line: [GNU C++14 (Ubuntu 9.4.0-1ubuntu1~20.04.1) version 9.4.0 (x86_64-linux-gnu)]
  ignore line: [	compiled by GNU C version 9.4.0  GMP version 6.2.0  MPFR version 4.0.2  MPC version 1.1.0  isl version isl-0.22.1-GMP]
  ignore line: []
  ignore line: [GGC heuristics: --param ggc-min-expand=100 --param ggc-min-heapsize=131072]
  ignore line: [Compiler executable checksum: 65fe925b83d3956b533de4aaba7dace0]
  ignore line: [COLLECT_GCC_OPTIONS='-v' '-o' 'CMakeFiles/cmTC_a82ff.dir/CMakeCXXCompilerABI.cpp.o' '-c' '-shared-libgcc' '-mtune=generic' '-march=x86-64']
  ignore line: [ as -v --64 -o CMakeFiles/cmTC_a82ff.dir/CMakeCXXCompilerABI.cpp.o /tmp/ccSVM4el.s]
  ignore line: [GNU assembler version 2.34 (x86_64-linux-gnu) using BFD version (GNU Binutils for Ubuntu) 2.34]
  ignore line: [COMPILER_PATH=/usr/lib/gcc/x86_64-linux-gnu/9/:/usr/lib/gcc/x86_64-linux-gnu/9/:/usr/lib/gcc/x86_64-linux-gnu/:/usr/lib/gcc/x86_64-linux-gnu/9/:/usr/lib/gcc/x86_64-linux-gnu/]
  ignore line: [LIBRARY_PATH=/usr/lib/gcc/x86_64-linux-gnu/9/:/usr/lib/gcc/x86_64-linux-gnu/9/../../../x86_64-linux-gnu/:/usr/lib/gcc/x86_64-linux-gnu/9/../../../../lib/:/lib/x86_64-linux-gnu/:/lib/../lib/:/usr/lib/x86_64-linux-gnu/:/usr/lib/../lib/:/usr/lib/gcc/x86_64-linux-gnu/9/../../../:/lib/:/usr/lib/]
  ignore line: [COLLECT_GCC_OPTIONS='-v' '-o' 'CMakeFiles/cmTC_a82ff.dir/CMakeCXXCompilerABI.cpp.o' '-c' '-shared-libgcc' '-mtune=generic' '-march=x86-64']
  ignore line: [Linking CXX executable cmTC_a82ff]
  ignore line: [/usr/local/bin/cmake -E cmake_link_script CMakeFiles/cmTC_a82ff.dir/link.txt --verbose=1]
  ignore line: [/usr/bin/c++  -v CMakeFiles/cmTC_a82ff.dir/CMakeCXXCompilerABI.cpp.o -o cmTC_a82ff ]
  ignore line: [Using built-in specs.]
  ignore line: [COLLECT_GCC=/usr/bin/c++]
  ignore line: [COLLECT_LTO_WRAPPER=/usr/lib/gcc/x86_64-linux-gnu/9/lto-wrapper]
  ignore line: [OFFLOAD_TARGET_NAMES=nvptx-none:hsa]
  ignore line: [OFFLOAD_TARGET_DEFAULT=1]
  ignore line: [Target: x86_64-linux-gnu]
  ignore line: [Configured with: ../src/configure -v --with-pkgversion='Ubuntu 9.4.0-1ubuntu1~20.04.1' --with-bugurl=file:///usr/share/doc/gcc-9/README.Bugs --enable-languages=c ada c++ go brig d fortran objc obj-c++ gm2 --prefix=/usr --with-gcc-major-version-only --program-suffix=-9 --program-prefix=x86_64-linux-gnu- --enable-shared --enable-linker-build-id --libexecdir=/usr/lib --without-included-gettext --enable-threads=posix --libdir=/usr/lib --enable-nls --enable-clocale=gnu --enable-libstdcxx-debug --enable-libstdcxx-time=yes --with-default-libstdcxx-abi=new --enable-gnu-unique-object --disable-vtable-verify --enable-plugin --enable-default-pie --with-system-zlib --with-target-system-zlib=auto --enable-objc-gc=auto --enable-multiarch --disable-werror --with-arch-32=i686 --with-abi=m64 --with-multilib-list=m32 m64 mx32 --enable-multilib --with-tune=generic --enable-offload-targets=nvptx-none=/build/gcc-9-Av3uEd/gcc-9-9.4.0/debian/tmp-nvptx/usr hsa --without-cuda-driver --enable-checking=release --build=x86_64-linux-gnu --host=x86_64-linux-gnu --target=x86_64-linux-gnu]
  ignore line: [Thread model: posix]
  ignore line: [gcc version 9.4.0 (Ubuntu 9.4.0-1ubuntu1~20.04.1) ]
  ignore line: [COMPILER_PATH=/usr/lib/gcc/x86_64-linux-gnu/9/:/usr/lib/gcc/x86_64-linux-gnu/9/:/usr/lib/gcc/x86_64-linux-gnu/:/usr/lib/gcc/x86_64-linux-gnu/9/:/usr/lib/gcc/x86_64-linux-gnu/]
  ignore line: [LIBRARY_PATH=/usr/lib/gcc/x86_64-linux-gnu/9/:/usr/lib/gcc/x86_64-linux-gnu/9/../../../x86_64-linux-gnu/:/usr/lib/gcc/x86_64-linux-gnu/9/../../../../lib/:/lib/x86_64-linux-gnu/:/lib/../lib/:/usr/lib/x86_64-linux-gnu/:/usr/lib/../lib/:/usr/lib/gcc/x86_64-linux-gnu/9/../../../:/lib/:/usr/lib/]
  ignore line: [COLLECT_GCC_OPTIONS='-v' '-o' 'cmTC_a82ff' '-shared-libgcc' '-mtune=generic' '-march=x86-64']
  link line: [ /usr/lib/gcc/x86_64-linux-gnu/9/collect2 -plugin /usr/lib/gcc/x86_64-linux-gnu/9/liblto_plugin.so -plugin-opt=/usr/lib/gcc/x86_64-linux-gnu/9/lto-wrapper -plugin-opt=-fresolution=/tmp/cc9OgLVP.res -plugin-opt=-pass-through=-lgcc_s -plugin-opt=-pass-through=-lgcc -plugin-opt=-pass-through=-lc -plugin-opt=-pass-through=-lgcc_s -plugin-opt=-pass-through=-lgcc --build-id --eh-frame-hdr -m elf_x86_64 --hash-style=gnu --as-needed -dynamic-linker /lib64/ld-linux-x86-64.so.2 -pie -z now -z relro -o cmTC_a82ff /usr/lib/gcc/x86_64-linux-gnu/9/../../../x86_64-linux-gnu/Scrt1.o /usr/lib/gcc/x86_64-linux-gnu/9/../../../x86_64-linux-gnu/crti.o /usr/lib/gcc/x86_64-linux-gnu/9/crtbeginS.o -L/usr/lib/gcc/x86_64-linux-gnu/9 -L/usr/lib/gcc/x86_64-linux-gnu/9/../../../x86_64-linux-gnu -L/usr/lib/gcc/x86_64-linux-gnu/9/../../../../lib -L/lib/x86_64-linux-gnu -L/lib/../lib -L/usr/lib/x86_64-linux-gnu -L/usr/lib/../lib -L/usr/lib/gcc/x86_64-linux-gnu/9/../../.. CMakeFiles/cmTC_a82ff.dir/CMakeCXXCompilerABI.cpp.o -lstdc++ -lm -lgcc_s -lgcc -lc -lgcc_s -lgcc /usr/lib/gcc/x86_64-linux-gnu/9/crtendS.o /usr/lib/gcc/x86_64-linux-gnu/9/../../../x86_64-linux-gnu/crtn.o]
    arg [/usr/lib/gcc/x86_64-linux-gnu/9/collect2] ==> ignore
    arg [-plugin] ==> ignore
    arg [/usr/lib/gcc/x86_64-linux-gnu/9/liblto_plugin.so] ==> ignore
    arg [-plugin-opt=/usr/lib/gcc/x86_64-linux-gnu/9/lto-wrapper] ==> ignore
    arg [-plugin-opt=-fresolution=/tmp/cc9OgLVP.res] ==> ignore
    arg [-plugin-opt=-pass-through=-lgcc_s] ==> ignore
    arg [-plugin-opt=-pass-through=-lgcc] ==> ignore
    arg [-plugin-opt=-pass-through=-lc] ==> ignore
    arg [-plugin-opt=-pass-through=-lgcc_s] ==> ignore
    arg [-plugin-opt=-pass-through=-lgcc] ==> ignore
    arg [--build-id] ==> ignore
    arg [--eh-frame-hdr] ==> ignore
    arg [-m] ==> ignore
    arg [elf_x86_64] ==> ignore
    arg [--hash-style=gnu] ==> ignore
    arg [--as-needed] ==> ignore
    arg [-dynamic-linker] ==> ignore
    arg [/lib64/ld-linux-x86-64.so.2] ==> ignore
    arg [-pie] ==> ignore
    arg [-znow] ==> ignore
    arg [-zrelro] ==> ignore
    arg [-o] ==> ignore
    arg [cmTC_a82ff] ==> ignore
    arg [/usr/lib/gcc/x86_64-linux-gnu/9/../../../x86_64-linux-gnu/Scrt1.o] ==> obj [/usr/lib/gcc/x86_64-linux-gnu/9/../../../x86_64-linux-gnu/Scrt1.o]
    arg [/usr/lib/gcc/x86_64-linux-gnu/9/../../../x86_64-linux-gnu/crti.o] ==> obj [/usr/lib/gcc/x86_64-linux-gnu/9/../../../x86_64-linux-gnu/crti.o]
    arg [/usr/lib/gcc/x86_64-linux-gnu/9/crtbeginS.o] ==> obj [/usr/lib/gcc/x86_64-linux-gnu/9/crtbeginS.o]
    arg [-L/usr/lib/gcc/x86_64-linux-gnu/9] ==> dir [/usr/lib/gcc/x86_64-linux-gnu/9]
    arg [-L/usr/lib/gcc/x86_64-linux-gnu/9/../../../x86_64-linux-gnu] ==> dir [/usr/lib/gcc/x86_64-linux-gnu/9/../../../x86_64-linux-gnu]
    arg [-L/usr/lib/gcc/x86_64-linux-gnu/9/../../../../lib] ==> dir [/usr/lib/gcc/x86_64-linux-gnu/9/../../../../lib]
    arg [-L/lib/x86_64-linux-gnu] ==> dir [/lib/x86_64-linux-gnu]
    arg [-L/lib/../lib] ==> dir [/lib/../lib]
    arg [-L/usr/lib/x86_64-linux-gnu] ==> dir [/usr/lib/x86_64-linux-gnu]
    arg [-L/usr/lib/../lib] ==> dir [/usr/lib/../lib]
    arg [-L/usr/lib/gcc/x86_64-linux-gnu/9/../../..] ==> dir [/usr/lib/gcc/x86_64-linux-gnu/9/../../..]
    arg [CMakeFiles/cmTC_a82ff.dir/CMakeCXXCompilerABI.cpp.o] ==> ignore
    arg [-lstdc++] ==> lib [stdc++]
    arg [-lm] ==> lib [m]
    arg [-lgcc_s] ==> lib [gcc_s]
    arg [-lgcc] ==> lib [gcc]
    arg [-lc] ==> lib [c]
    arg [-lgcc_s] ==> lib [gcc_s]
    arg [-lgcc] ==> lib [gcc]
    arg [/usr/lib/gcc/x86_64-linux-gnu/9/crtendS.o] ==> obj [/usr/lib/gcc/x86_64-linux-gnu/9/crtendS.o]
    arg [/usr/lib/gcc/x86_64-linux-gnu/9/../../../x86_64-linux-gnu/crtn.o] ==> obj [/usr/lib/gcc/x86_64-linux-gnu/9/../../../x86_64-linux-gnu/crtn.o]
  collapse obj [/usr/lib/gcc/x86_64-linux-gnu/9/../../../x86_64-linux-gnu/Scrt1.o] ==> [/usr/lib/x86_64-linux-gnu/Scrt1.o]
  collapse obj [/usr/lib/gcc/x86_64-linux-gnu/9/../../../x86_64-linux-gnu/crti.o] ==> [/usr/lib/x86_64-linux-gnu/crti.o]
  collapse obj [/usr/lib/gcc/x86_64-linux-gnu/9/../../../x86_64-linux-gnu/crtn.o] ==> [/usr/lib/x86_64-linux-gnu/crtn.o]
  collapse library dir [/usr/lib/gcc/x86_64-linux-gnu/9] ==> [/usr/lib/gcc/x86_64-linux-gnu/9]
  collapse library dir [/usr/lib/gcc/x86_64-linux-gnu/9/../../../x86_64-linux-gnu] ==> [/usr/lib/x86_64-linux-gnu]
  collapse library dir [/usr/lib/gcc/x86_64-linux-gnu/9/../../../../lib] ==> [/usr/lib]
  collapse library dir [/lib/x86_64-linux-gnu] ==> [/lib/x86_64-linux-gnu]
  collapse library dir [/lib/../lib] ==> [/lib]
  collapse library dir [/usr/lib/x86_64-linux-gnu] ==> [/usr/lib/x86_64-linux-gnu]
  collapse library dir [/usr/lib/../lib] ==> [/usr/lib]
  collapse library dir [/usr/lib/gcc/x86_64-linux-gnu/9/../../..] ==> [/usr/lib]
  implicit libs: [stdc++;m;gcc_s;gcc;c;gcc_s;gcc]
  implicit objs: [/usr/lib/x86_64-linux-gnu/Scrt1.o;/usr/lib/x86_64-linux-gnu/crti.o;/usr/lib/gcc/x86_64-linux-gnu/9/crtbeginS.o;/usr/lib/gcc/x86_64-linux-gnu/9/crtendS.o;/usr/lib/x86_64-linux-gnu/crtn.o]
  implicit dirs: [/usr/lib/gcc/x86_64-linux-gnu/9;/usr/lib/x86_64-linux-gnu;/usr/lib;/lib/x86_64-linux-gnu;/lib]
  implicit fwks: []


Compiling the C compiler identification source file "CMakeCCompilerId.c" succeeded.
Compiler: /usr/bin/cc 
Build flags: 
Id flags:  

The output was:
0


Compilation of the C compiler identification source "CMakeCCompilerId.c" produced "a.out"

The C compiler identification is GNU, found in "/home/runner/telegram-bot-api/build/CMakeFiles/3.23.1/CompilerIdC/a.out"

Detecting C compiler ABI info compiled with the following output:
Change Dir: /home/runner/telegram-bot-api/build/CMakeFiles/CMakeTmp

Run Build Command(s):/usr/bin/make -f Makefile cmTC_bd5b2/fast && /usr/bin/make  -f CMakeFiles/cmTC_bd5b2.dir/build.make CMakeFiles/cmTC_bd5b2.dir/build
make[1]: Entering directory '/home/runner/telegram-bot-api/build/CMakeFiles/CMakeTmp'
Building C object CMakeFiles/cmTC_bd5b2.dir/CMakeCCompilerABI.c.o
/usr/bin/cc   -v -o CMakeFiles/cmTC_bd5b2.dir/CMakeCCompilerABI.c.o -c /usr/local/share/cmake-3.23/Modules/CMakeCCompilerABI.c
Using built-in specs.
COLLECT_GCC=/usr/bin/cc
OFFLOAD_TARGET_NAMES=nvptx-none:hsa
OFFLOAD_TARGET_DEFAULT=1
Target: x86_64-linux-gnu
Configured with: ../src/configure -v --with-pkgversion='Ubuntu 9.4.0-1ubuntu1~20.04.1' --with-bugurl=file:///usr/share/doc/gcc-9/README.Bugs --enable-languages=c,ada,c++,go,brig,d,fortran,objc,obj-c++,gm2 --prefix=/usr --with-gcc-major-version-only --program-suffix=-9 --program-prefix=x86_64-linux-gnu- --enable-shared --enable-linker-build-id --libexecdir=/usr/lib --without-included-gettext --enable-threads=posix --libdir=/usr/lib --enable-nls --enable-clocale=gnu --enable-libstdcxx-debug --enable-libstdcxx-time=yes --with-default-libstdcxx-abi=new --enable-gnu-unique-object --disable-vtable-verify --enable-plugin --enable-default-pie --with-system-zlib --with-target-system-zlib=auto --enable-objc-gc=auto --enable-multiarch --disable-werror --with-arch-32=i686 --with-abi=m64 --with-multilib-list=m32,m64,mx32 --enable-multilib --with-tune=generic --enable-offload-targets=nvptx-none=/build/gcc-9-Av3uEd/gcc-9-9.4.0/debian/tmp-nvptx/usr,hsa --without-cuda-driver --enable-checking=release --build=x86_64-linux-gnu --host=x86_64-linux-gnu --target=x86_64-linux-gnu
Thread model: posix
gcc version 9.4.0 (Ubuntu 9.4.0-1ubuntu1~20.04.1) 
COLLECT_GCC_OPTIONS='-v' '-o' 'CMakeFiles/cmTC_bd5b2.dir/CMakeCCompilerABI.c.o' '-c' '-mtune=generic' '-march=x86-64'
 /usr/lib/gcc/x86_64-linux-gnu/9/cc1 -quiet -v -imultiarch x86_64-linux-gnu /usr/local/share/cmake-3.23/Modules/CMakeCCompilerABI.c -quiet -dumpbase CMakeCCompilerABI.c -mtune=generic -march=x86-64 -auxbase-strip CMakeFiles/cmTC_bd5b2.dir/CMakeCCompilerABI.c.o -version -fasynchronous-unwind-tables -fstack-protector-strong -Wformat -Wformat-security -fstack-clash-protection -fcf-protection -o /tmp/ccEFjHuN.s
GNU C17 (Ubuntu 9.4.0-1ubuntu1~20.04.1) version 9.4.0 (x86_64-linux-gnu)
	compiled by GNU C version 9.4.0, GMP version 6.2.0, MPFR version 4.0.2, MPC version 1.1.0, isl version isl-0.22.1-GMP

GGC heuristics: --param ggc-min-expand=100 --param ggc-min-heapsize=131072
ignoring nonexistent directory "/usr/local/include/x86_64-linux-gnu"
ignoring nonexistent directory "/usr/lib/gcc/x86_64-linux-gnu/9/include-fixed"
ignoring nonexistent directory "/usr/lib/gcc/x86_64-linux-gnu/9/../../../../x86_64-linux-gnu/include"
#include "..." search starts here:
#include <...> search starts here:
 /usr/lib/gcc/x86_64-linux-gnu/9/include
 /usr/local/include
 /usr/include/x86_64-linux-gnu
 /usr/include
End of search list.
GNU C17 (Ubuntu 9.4.0-1ubuntu1~20.04.1) version 9.4.0 (x86_64-linux-gnu)
	compiled by GNU C version 9.4.0, GMP version 6.2.0, MPFR version 4.0.2, MPC version 1.1.0, isl version isl-0.22.1-GMP

GGC heuristics: --param ggc-min-expand=100 --param ggc-min-heapsize=131072
Compiler executable checksum: c0c95c0b4209efec1c1892d5ff24030b
COLLECT_GCC_OPTIONS='-v' '-o' 'CMakeFiles/cmTC_bd5b2.dir/CMakeCCompilerABI.c.o' '-c' '-mtune=generic' '-march=x86-64'
 as -v --64 -o CMakeFiles/cmTC_bd5b2.dir/CMakeCCompilerABI.c.o /tmp/ccEFjHuN.s
GNU assembler version 2.34 (x86_64-linux-gnu) using BFD version (GNU Binutils for Ubuntu) 2.34
COMPILER_PATH=/usr/lib/gcc/x86_64-linux-gnu/9/:/usr/lib/gcc/x86_64-linux-gnu/9/:/usr/lib/gcc/x86_64-linux-gnu/:/usr/lib/gcc/x86_64-linux-gnu/9/:/usr/lib/gcc/x86_64-linux-gnu/
LIBRARY_PATH=/usr/lib/gcc/x86_64-linux-gnu/9/:/usr/lib/gcc/x86_64-linux-gnu/9/../../../x86_64-linux-gnu/:/usr/lib/gcc/x86_64-linux-gnu/9/../../../../lib/:/lib/x86_64-linux-gnu/:/lib/../lib/:/usr/lib/x86_64-linux-gnu/:/usr/lib/../lib/:/usr/lib/gcc/x86_64-linux-gnu/9/../../../:/lib/:/usr/lib/
COLLECT_GCC_OPTIONS='-v' '-o' 'CMakeFiles/cmTC_bd5b2.dir/CMakeCCompilerABI.c.o' '-c' '-mtune=generic' '-march=x86-64'
Linking C executable cmTC_bd5b2
/usr/local/bin/cmake -E cmake_link_script CMakeFiles/cmTC_bd5b2.dir/link.txt --verbose=1
/usr/bin/cc  -v CMakeFiles/cmTC_bd5b2.dir/CMakeCCompilerABI.c.o -o cmTC_bd5b2 
Using built-in specs.
COLLECT_GCC=/usr/bin/cc
COLLECT_LTO_WRAPPER=/usr/lib/gcc/x86_64-linux-gnu/9/lto-wrapper
OFFLOAD_TARGET_NAMES=nvptx-none:hsa
OFFLOAD_TARGET_DEFAULT=1
Target: x86_64-linux-gnu
Configured with: ../src/configure -v --with-pkgversion='Ubuntu 9.4.0-1ubuntu1~20.04.1' --with-bugurl=file:///usr/share/doc/gcc-9/README.Bugs --enable-languages=c,ada,c++,go,brig,d,fortran,objc,obj-c++,gm2 --prefix=/usr --with-gcc-major-version-only --program-suffix=-9 --program-prefix=x86_64-linux-gnu- --enable-shared --enable-linker-build-id --libexecdir=/usr/lib --without-included-gettext --enable-threads=posix --libdir=/usr/lib --enable-nls --enable-clocale=gnu --enable-libstdcxx-debug --enable-libstdcxx-time=yes --with-default-libstdcxx-abi=new --enable-gnu-unique-object --disable-vtable-verify --enable-plugin --enable-default-pie --with-system-zlib --with-target-system-zlib=auto --enable-objc-gc=auto --enable-multiarch --disable-werror --with-arch-32=i686 --with-abi=m64 --with-multilib-list=m32,m64,mx32 --enable-multilib --with-tune=generic --enable-offload-targets=nvptx-none=/build/gcc-9-Av3uEd/gcc-9-9.4.0/debian/tmp-nvptx/usr,hsa --without-cuda-driver --enable-checking=release --build=x86_64-linux-gnu --host=x86_64-linux-gnu --target=x86_64-linux-gnu
Thread model: posix
gcc version 9.4.0 (Ubuntu 9.4.0-1ubuntu1~20.04.1) 
COMPILER_PATH=/usr/lib/gcc/x86_64-linux-gnu/9/:/usr/lib/gcc/x86_64-linux-gnu/9/:/usr/lib/gcc/x86_64-linux-gnu/:/usr/lib/gcc/x86_64-linux-gnu/9/:/usr/lib/gcc/x86_64-linux-gnu/
LIBRARY_PATH=/usr/lib/gcc/x86_64-linux-gnu/9/:/usr/lib/gcc/x86_64-linux-gnu/9/../../../x86_64-linux-gnu/:/usr/lib/gcc/x86_64-linux-gnu/9/../../../../lib/:/lib/x86_64-linux-gnu/:/lib/../lib/:/usr/lib/x86_64-linux-gnu/:/usr/lib/../lib/:/usr/lib/gcc/x86_64-linux-gnu/9/../../../:/lib/:/usr/lib/
COLLECT_GCC_OPTIONS='-v' '-o' 'cmTC_bd5b2' '-mtune=generic' '-march=x86-64'
 /usr/lib/gcc/x86_64-linux-gnu/9/collect2 -plugin /usr/lib/gcc/x86_64-linux-gnu/9/liblto_plugin.so -plugin-opt=/usr/lib/gcc/x86_64-linux-gnu/9/lto-wrapper -plugin-opt=-fresolution=/tmp/cc2JQg5g.res -plugin-opt=-pass-through=-lgcc -plugin-opt=-pass-through=-lgcc_s -plugin-opt=-pass-through=-lc -plugin-opt=-pass-through=-lgcc -plugin-opt=-pass-through=-lgcc_s --build-id --eh-frame-hdr -m elf_x86_64 --hash-style=gnu --as-needed -dynamic-linker /lib64/ld-linux-x86-64.so.2 -pie -z now -z relro -o cmTC_bd5b2 /usr/lib/gcc/x86_64-linux-gnu/9/../../../x86_64-linux-gnu/Scrt1.o /usr/lib/gcc/x86_64-linux-gnu/9/../../../x86_64-linux-gnu/crti.o /usr/lib/gcc/x86_64-linux-gnu/9/crtbeginS.o -L/usr/lib/gcc/x86_64-linux-gnu/9 -L/usr/lib/gcc/x86_64-linux-gnu/9/../../../x86_64-linux-gnu -L/usr/lib/gcc/x86_64-linux-gnu/9/../../../../lib -L/lib/x86_64-linux-gnu -L/lib/../lib -L/usr/lib/x86_64-linux-gnu -L/usr/lib/../lib -L/usr/lib/gcc/x86_64-linux-gnu/9/../../.. CMakeFiles/cmTC_bd5b2.dir/CMakeCCompilerABI.c.o -lgcc --push-state --as-needed -lgcc_s --pop-state -lc -lgcc --push-state --as-needed -lgcc_s --pop-state /usr/lib/gcc/x86_64-linux-gnu/9/crtendS.o /usr/lib/gcc/x86_64-linux-gnu/9/../../../x86_64-linux-gnu/crtn.o
COLLECT_GCC_OPTIONS='-v' '-o' 'cmTC_bd5b2' '-mtune=generic' '-march=x86-64'
make[1]: Leaving directory '/home/runner/telegram-bot-api/build/CMakeFiles/CMakeTmp'



Parsed C implicit include dir info from above output: rv=done
  found start of include info
  found start of implicit include info
    add: [/usr/lib/gcc/x86_64-linux-gnu/9/include]
    add: [/usr/local/include]
    add: [/usr/include/x86_64-linux-gnu]
    add: [/usr/include]
  end of search list found
  collapse include dir [/usr/lib/gcc/x86_64-linux-gnu/9/include] ==> [/usr/lib/gcc/x86_64-linux-gnu/9/include]
  collapse include dir [/usr/local/include] ==> [/usr/local/include]
  collapse include dir [/usr/include/x86_64-linux-gnu] ==> [/usr/include/x86_64-linux-gnu]
  collapse include dir [/usr/include] ==> [/usr/include]
  implicit include dirs: [/usr/lib/gcc/x86_64-linux-gnu/9/include;/usr/local/include;/usr/include/x86_64-linux-gnu;/usr/include]


Parsed C implicit link information from above output:
  link line regex: [^( *|.*[/\])(ld|CMAKE_LINK_STARTFILE-NOTFOUND|([^/\]+-)?ld|collect2)[^/\]*( |$)]
  ignore line: [Change Dir: /home/runner/telegram-bot-api/build/CMakeFiles/CMakeTmp]
  ignore line: []
  ignore line: [Run Build Command(s):/usr/bin/make -f Makefile cmTC_bd5b2/fast && /usr/bin/make  -f CMakeFiles/cmTC_bd5b2.dir/build.make CMakeFiles/cmTC_bd5b2.dir/build]
  ignore line: [make[1]: Entering directory '/home/runner/telegram-bot-api/build/CMakeFiles/CMakeTmp']
  ignore line: [Building C object CMakeFiles/cmTC_bd5b2.dir/CMakeCCompilerABI.c.o]
  ignore line: [/usr/bin/cc   -v -o CMakeFiles/cmTC_bd5b2.dir/CMakeCCompilerABI.c.o -c /usr/local/share/cmake-3.23/Modules/CMakeCCompilerABI.c]
  ignore line: [Using built-in specs.]
  ignore line: [COLLECT_GCC=/usr/bin/cc]
  ignore line: [OFFLOAD_TARGET_NAMES=nvptx-none:hsa]
  ignore line: [OFFLOAD_TARGET_DEFAULT=1]
  ignore line: [Target: x86_64-linux-gnu]
  ignore line: [Configured with: ../src/configure -v --with-pkgversion='Ubuntu 9.4.0-1ubuntu1~20.04.1' --with-bugurl=file:///usr/share/doc/gcc-9/README.Bugs --enable-languages=c ada c++ go brig d fortran objc obj-c++ gm2 --prefix=/usr --with-gcc-major-version-only --program-suffix=-9 --program-prefix=x86_64-linux-gnu- --enable-shared --enable-linker-build-id --libexecdir=/usr/lib --without-included-gettext --enable-threads=posix --libdir=/usr/lib --enable-nls --enable-clocale=gnu --enable-libstdcxx-debug --enable-libstdcxx-time=yes --with-default-libstdcxx-abi=new --enable-gnu-unique-object --disable-vtable-verify --enable-plugin --enable-default-pie --with-system-zlib --with-target-system-zlib=auto --enable-objc-gc=auto --enable-multiarch --disable-werror --with-arch-32=i686 --with-abi=m64 --with-multilib-list=m32 m64 mx32 --enable-multilib --with-tune=generic --enable-offload-targets=nvptx-none=/build/gcc-9-Av3uEd/gcc-9-9.4.0/debian/tmp-nvptx/usr hsa --without-cuda-driver --enable-checking=release --build=x86_64-linux-gnu --host=x86_64-linux-gnu --target=x86_64-linux-gnu]
  ignore line: [Thread model: posix]
  ignore line: [gcc version 9.4.0 (Ubuntu 9.4.0-1ubuntu1~20.04.1) ]
  ignore line: [COLLECT_GCC_OPTIONS='-v' '-o' 'CMakeFiles/cmTC_bd5b2.dir/CMakeCCompilerABI.c.o' '-c' '-mtune=generic' '-march=x86-64']
  ignore line: [ /usr/lib/gcc/x86_64-linux-gnu/9/cc1 -quiet -v -imultiarch x86_64-linux-gnu /usr/local/share/cmake-3.23/Modules/CMakeCCompilerABI.c -quiet -dumpbase CMakeCCompilerABI.c -mtune=generic -march=x86-64 -auxbase-strip CMakeFiles/cmTC_bd5b2.dir/CMakeCCompilerABI.c.o -version -fasynchronous-unwind-tables -fstack-protector-strong -Wformat -Wformat-security -fstack-clash-protection -fcf-protection -o /tmp/ccEFjHuN.s]
  ignore line: [GNU C17 (Ubuntu 9.4.0-1ubuntu1~20.04.1) version 9.4.0 (x86_64-linux-gnu)]
  ignore line: [	compiled by GNU C version 9.4.0  GMP version 6.2.0  MPFR version 4.0.2  MPC version 1.1.0  isl version isl-0.22.1-GMP]
  ignore line: []
  ignore line: [GGC heuristics: --param ggc-min-expand=100 --param ggc-min-heapsize=131072]
  ignore line: [ignoring nonexistent directory "/usr/local/include/x86_64-linux-gnu"]
  ignore line: [ignoring nonexistent directory "/usr/lib/gcc/x86_64-linux-gnu/9/include-fixed"]
  ignore line: [ignoring nonexistent directory "/usr/lib/gcc/x86_64-linux-gnu/9/../../../../x86_64-linux-gnu/include"]
  ignore line: [#include "..." search starts here:]
  ignore line: [#include <...> search starts here:]
  ignore line: [ /usr/lib/gcc/x86_64-linux-gnu/9/include]
  ignore line: [ /usr/local/include]
  ignore line: [ /usr/include/x86_64-linux-gnu]
  ignore line: [ /usr/include]
  ignore line: [End of search list.]
  ignore line: [GNU C17 (Ubuntu 9.4.0-1ubuntu1~20.04.1) version 9.4.0 (x86_64-linux-gnu)]
  ignore line: [	compiled by GNU C version 9.4.0  GMP version 6.2.0  MPFR version 4.0.2  MPC version 1.1.0  isl version isl-0.22.1-GMP]
  ignore line: []
  ignore line: [GGC heuristics: --param ggc-min-expand=100 --param ggc-min-heapsize=131072]
  ignore line: [Compiler executable checksum: c0c95c0b4209efec1c1892d5ff24030b]
  ignore line: [COLLECT_GCC_OPTIONS='-v' '-o' 'CMakeFiles/cmTC_bd5b2.dir/CMakeCCompilerABI.c.o' '-c' '-mtune=generic' '-march=x86-64']
  ignore line: [ as -v --64 -o CMakeFiles/cmTC_bd5b2.dir/CMakeCCompilerABI.c.o /tmp/ccEFjHuN.s]
  ignore line: [GNU assembler version 2.34 (x86_64-linux-gnu) using BFD version (GNU Binutils for Ubuntu) 2.34]
  ignore line: [COMPILER_PATH=/usr/lib/gcc/x86_64-linux-gnu/9/:/usr/lib/gcc/x86_64-linux-gnu/9/:/usr/lib/gcc/x86_64-linux-gnu/:/usr/lib/gcc/x86_64-linux-gnu/9/:/usr/lib/gcc/x86_64-linux-gnu/]
  ignore line: [LIBRARY_PATH=/usr/lib/gcc/x86_64-linux-gnu/9/:/usr/lib/gcc/x86_64-linux-gnu/9/../../../x86_64-linux-gnu/:/usr/lib/gcc/x86_64-linux-gnu/9/../../../../lib/:/lib/x86_64-linux-gnu/:/lib/../lib/:/usr/lib/x86_64-linux-gnu/:/usr/lib/../lib/:/usr/lib/gcc/x86_64-linux-gnu/9/../../../:/lib/:/usr/lib/]
  ignore line: [COLLECT_GCC_OPTIONS='-v' '-o' 'CMakeFiles/cmTC_bd5b2.dir/CMakeCCompilerABI.c.o' '-c' '-mtune=generic' '-march=x86-64']
  ignore line: [Linking C executable cmTC_bd5b2]
  ignore line: [/usr/local/bin/cmake -E cmake_link_script CMakeFiles/cmTC_bd5b2.dir/link.txt --verbose=1]
  ignore line: [/usr/bin/cc  -v CMakeFiles/cmTC_bd5b2.dir/CMakeCCompilerABI.c.o -o cmTC_bd5b2 ]
  ignore line: [Using built-in specs.]
  ignore line: [COLLECT_GCC=/usr/bin/cc]
  ignore line: [COLLECT_LTO_WRAPPER=/usr/lib/gcc/x86_64-linux-gnu/9/lto-wrapper]
  ignore line: [OFFLOAD_TARGET_NAMES=nvptx-none:hsa]
  ignore line: [OFFLOAD_TARGET_DEFAULT=1]
  ignore line: [Target: x86_64-linux-gnu]
  ignore line: [Configured with: ../src/configure -v --with-pkgversion='Ubuntu 9.4.0-1ubuntu1~20.04.1' --with-bugurl=file:///usr/share/doc/gcc-9/README.Bugs --enable-languages=c ada c++ go brig d fortran objc obj-c++ gm2 --prefix=/usr --with-gcc-major-version-only --program-suffix=-9 --program-prefix=x86_64-linux-gnu- --enable-shared --enable-linker-build-id --libexecdir=/usr/lib --without-included-gettext --enable-threads=posix --libdir=/usr/lib --enable-nls --enable-clocale=gnu --enable-libstdcxx-debug --enable-libstdcxx-time=yes --with-default-libstdcxx-abi=new --enable-gnu-unique-object --disable-vtable-verify --enable-plugin --enable-default-pie --with-system-zlib --with-target-system-zlib=auto --enable-objc-gc=auto --enable-multiarch --disable-werror --with-arch-32=i686 --with-abi=m64 --with-multilib-list=m32 m64 mx32 --enable-multilib --with-tune=generic --enable-offload-targets=nvptx-none=/build/gcc-9-Av3uEd/gcc-9-9.4.0/debian/tmp-nvptx/usr hsa --without-cuda-driver --enable-checking=release --build=x86_64-linux-gnu --host=x86_64-linux-gnu --target=x86_64-linux-gnu]
  ignore line: [Thread model: posix]
  ignore line: [gcc version 9.4.0 (Ubuntu 9.4.0-1ubuntu1~20.04.1) ]
  ignore line: [COMPILER_PATH=/usr/lib/gcc/x86_64-linux-gnu/9/:/usr/lib/gcc/x86_64-linux-gnu/9/:/usr/lib/gcc/x86_64-linux-gnu/:/usr/lib/gcc/x86_64-linux-gnu/9/:/usr/lib/gcc/x86_64-linux-gnu/]
  ignore line: [LIBRARY_PATH=/usr/lib/gcc/x86_64-linux-gnu/9/:/usr/lib/gcc/x86_64-linux-gnu/9/../../../x86_64-linux-gnu/:/usr/lib/gcc/x86_64-linux-gnu/9/../../../../lib/:/lib/x86_64-linux-gnu/:/lib/../lib/:/usr/lib/x86_64-linux-gnu/:/usr/lib/../lib/:/usr/lib/gcc/x86_64-linux-gnu/9/../../../:/lib/:/usr/lib/]
  ignore line: [COLLECT_GCC_OPTIONS='-v' '-o' 'cmTC_bd5b2' '-mtune=generic' '-march=x86-64']
  link line: [ /usr/lib/gcc/x86_64-linux-gnu/9/collect2 -plugin /usr/lib/gcc/x86_64-linux-gnu/9/liblto_plugin.so -plugin-opt=/usr/lib/gcc/x86_64-linux-gnu/9/lto-wrapper -plugin-opt=-fresolution=/tmp/cc2JQg5g.res -plugin-opt=-pass-through=-lgcc -plugin-opt=-pass-through=-lgcc_s -plugin-opt=-pass-through=-lc -plugin-opt=-pass-through=-lgcc -plugin-opt=-pass-through=-lgcc_s --build-id --eh-frame-hdr -m elf_x86_64 --hash-style=gnu --as-needed -dynamic-linker /lib64/ld-linux-x86-64.so.2 -pie -z now -z relro -o cmTC_bd5b2 /usr/lib/gcc/x86_64-linux-gnu/9/../../../x86_64-linux-gnu/Scrt1.o /usr/lib/gcc/x86_64-linux-gnu/9/../../../x86_64-linux-gnu/crti.o /usr/lib/gcc/x86_64-linux-gnu/9/crtbeginS.o -L/usr/lib/gcc/x86_64-linux-gnu/9 -L/usr/lib/gcc/x86_64-linux-gnu/9/../../../x86_64-linux-gnu -L/usr/lib/gcc/x86_64-linux-gnu/9/../../../../lib -L/lib/x86_64-linux-gnu -L/lib/../lib -L/usr/lib/x86_64-linux-gnu -L/usr/lib/../lib -L/usr/lib/gcc/x86_64-linux-gnu/9/../../.. CMakeFiles/cmTC_bd5b2.dir/CMakeCCompilerABI.c.o -lgcc --push-state --as-needed -lgcc_s --pop-state -lc -lgcc --push-state --as-needed -lgcc_s --pop-state /usr/lib/gcc/x86_64-linux-gnu/9/crtendS.o /usr/lib/gcc/x86_64-linux-gnu/9/../../../x86_64-linux-gnu/crtn.o]
    arg [/usr/lib/gcc/x86_64-linux-gnu/9/collect2] ==> ignore
    arg [-plugin] ==> ignore
    arg [/usr/lib/gcc/x86_64-linux-gnu/9/liblto_plugin.so] ==> ignore
    arg [-plugin-opt=/usr/lib/gcc/x86_64-linux-gnu/9/lto-wrapper] ==> ignore
    arg [-plugin-opt=-fresolution=/tmp/cc2JQg5g.res] ==> ignore
    arg [-plugin-opt=-pass-through=-lgcc] ==> ignore
    arg [-plugin-opt=-pass-through=-lgcc_s] ==> ignore
    arg [-plugin-opt=-pass-through=-lc] ==> ignore
    arg [-plugin-opt=-pass-through=-lgcc] ==> ignore
    arg [-plugin-opt=-pass-through=-lgcc_s] ==> ignore
    arg [--build-id] ==> ignore
    arg [--eh-frame-hdr] ==> ignore
    arg [-m] ==> ignore
    arg [elf_x86_64] ==> ignore
    arg [--hash-style=gnu] ==> ignore
    arg [--as-needed] ==> ignore
    arg [-dynamic-linker] ==> ignore
    arg [/lib64/ld-linux-x86-64.so.2] ==> ignore
    arg [-pie] ==> ignore
    arg [-znow] ==> ignore
    arg [-zrelro] ==> ignore
    arg [-o] ==> ignore
    arg [cmTC_bd5b2] ==> ignore
    arg [/usr/lib/gcc/x86_64-linux-gnu/9/../../../x86_64-linux-gnu/Scrt1.o] ==> obj [/usr/lib/gcc/x86_64-linux-gnu/9/../../../x86_64-linux-gnu/Scrt1.o]
    arg [/usr/lib/gcc/x86_64-linux-gnu/9/../../../x86_64-linux-gnu/crti.o] ==> obj [/usr/lib/gcc/x86_64-linux-gnu/9/../../../x86_64-linux-gnu/crti.o]
    arg [/usr/lib/gcc/x86_64-linux-gnu/9/crtbeginS.o] ==> obj [/usr/lib/gcc/x86_64-linux-gnu/9/crtbeginS.o]
    arg [-L/usr/lib/gcc/x86_64-linux-gnu/9] ==> dir [/usr/lib/gcc/x86_64-linux-gnu/9]
    arg [-L/usr/lib/gcc/x86_64-linux-gnu/9/../../../x86_64-linux-gnu] ==> dir [/usr/lib/gcc/x86_64-linux-gnu/9/../../../x86_64-linux-gnu]
    arg [-L/usr/lib/gcc/x86_64-linux-gnu/9/../../../../lib] ==> dir [/usr/lib/gcc/x86_64-linux-gnu/9/../../../../lib]
    arg [-L/lib/x86_64-linux-gnu] ==> dir [/lib/x86_64-linux-gnu]
    arg [-L/lib/../lib] ==> dir [/lib/../lib]
    arg [-L/usr/lib/x86_64-linux-gnu] ==> dir [/usr/lib/x86_64-linux-gnu]
    arg [-L/usr/lib/../lib] ==> dir [/usr/lib/../lib]
    arg [-L/usr/lib/gcc/x86_64-linux-gnu/9/../../..] ==> dir [/usr/lib/gcc/x86_64-linux-gnu/9/../../..]
    arg [CMakeFiles/cmTC_bd5b2.dir/CMakeCCompilerABI.c.o] ==> ignore
    arg [-lgcc] ==> lib [gcc]
    arg [--push-state] ==> ignore
    arg [--as-needed] ==> ignore
    arg [-lgcc_s] ==> lib [gcc_s]
    arg [--pop-state] ==> ignore
    arg [-lc] ==> lib [c]
    arg [-lgcc] ==> lib [gcc]
    arg [--push-state] ==> ignore
    arg [--as-needed] ==> ignore
    arg [-lgcc_s] ==> lib [gcc_s]
    arg [--pop-state] ==> ignore
    arg [/usr/lib/gcc/x86_64-linux-gnu/9/crtendS.o] ==> obj [/usr/lib/gcc/x86_64-linux-gnu/9/crtendS.o]
    arg [/usr/lib/gcc/x86_64-linux-gnu/9/../../../x86_64-linux-gnu/crtn.o] ==> obj [/usr/lib/gcc/x86_64-linux-gnu/9/../../../x86_64-linux-gnu/crtn.o]
  collapse obj [/usr/lib/gcc/x86_64-linux-gnu/9/../../../x86_64-linux-gnu/Scrt1.o] ==> [/usr/lib/x86_64-linux-gnu/Scrt1.o]
  collapse obj [/usr/lib/gcc/x86_64-linux-gnu/9/../../../x86_64-linux-gnu/crti.o] ==> [/usr/lib/x86_64-linux-gnu/crti.o]
  collapse obj [/usr/lib/gcc/x86_64-linux-gnu/9/../../../x86_64-linux-gnu/crtn.o] ==> [/usr/lib/x86_64-linux-gnu/crtn.o]
  collapse library dir [/usr/lib/gcc/x86_64-linux-gnu/9] ==> [/usr/lib/gcc/x86_64-linux-gnu/9]
  collapse library dir [/usr/lib/gcc/x86_64-linux-gnu/9/../../../x86_64-linux-gnu] ==> [/usr/lib/x86_64-linux-gnu]
  collapse library dir [/usr/lib/gcc/x86_64-linux-gnu/9/../../../../lib] ==> [/usr/lib]
  collapse library dir [/lib/x86_64-linux-gnu] ==> [/lib/x86_64-linux-gnu]
  collapse library dir [/lib/../lib] ==> [/lib]
  collapse library dir [/usr/lib/x86_64-linux-gnu] ==> [/usr/lib/x86_64-linux-gnu]
  collapse library dir [/usr/lib/../lib] ==> [/usr/lib]
  collapse library dir [/usr/lib/gcc/x86_64-linux-gnu/9/../../..] ==> [/usr/lib]
  implicit libs: [gcc;gcc_s;c;gcc;gcc_s]
  implicit objs: [/usr/lib/x86_64-linux-gnu/Scrt1.o;/usr/lib/x86_64-linux-gnu/crti.o;/usr/lib/gcc/x86_64-linux-gnu/9/crtbeginS.o;/usr/lib/gcc/x86_64-linux-gnu/9/crtendS.o;/usr/lib/x86_64-linux-gnu/crtn.o]
  implicit dirs: [/usr/lib/gcc/x86_64-linux-gnu/9;/usr/lib/x86_64-linux-gnu;/usr/lib;/lib/x86_64-linux-gnu;/lib]
  implicit fwks: []


Determining if the include file pthread.h exists passed with the following output:
Change Dir: /home/runner/telegram-bot-api/build/CMakeFiles/CMakeTmp

Run Build Command(s):/usr/bin/make -f Makefile cmTC_83a86/fast && /usr/bin/make  -f CMakeFiles/cmTC_83a86.dir/build.make CMakeFiles/cmTC_83a86.dir/build
make[1]: Entering directory '/home/runner/telegram-bot-api/build/CMakeFiles/CMakeTmp'
Building C object CMakeFiles/cmTC_83a86.dir/CheckIncludeFile.c.o
/usr/bin/cc    -o CMakeFiles/cmTC_83a86.dir/CheckIncludeFile.c.o -c /home/runner/telegram-bot-api/build/CMakeFiles/CMakeTmp/CheckIncludeFile.c
Linking C executable cmTC_83a86
/usr/local/bin/cmake -E cmake_link_script CMakeFiles/cmTC_83a86.dir/link.txt --verbose=1
/usr/bin/cc CMakeFiles/cmTC_83a86.dir/CheckIncludeFile.c.o -o cmTC_83a86 
make[1]: Leaving directory '/home/runner/telegram-bot-api/build/CMakeFiles/CMakeTmp'



Performing C++ SOURCE FILE Test HAVE_STD14 succeeded with the following output:
Change Dir: /home/runner/telegram-bot-api/build/CMakeFiles/CMakeTmp

Run Build Command(s):/usr/bin/make -f Makefile cmTC_00b2a/fast && /usr/bin/make  -f CMakeFiles/cmTC_00b2a.dir/build.make CMakeFiles/cmTC_00b2a.dir/build
make[1]: Entering directory '/home/runner/telegram-bot-api/build/CMakeFiles/CMakeTmp'
Building CXX object CMakeFiles/cmTC_00b2a.dir/src.cxx.o
/usr/bin/c++ -DHAVE_STD14  -pthread    -std=c++14 -o CMakeFiles/cmTC_00b2a.dir/src.cxx.o -c /home/runner/telegram-bot-api/build/CMakeFiles/CMakeTmp/src.cxx
Linking CXX executable cmTC_00b2a
/usr/local/bin/cmake -E cmake_link_script CMakeFiles/cmTC_00b2a.dir/link.txt --verbose=1
/usr/bin/c++  -pthread  CMakeFiles/cmTC_00b2a.dir/src.cxx.o -o cmTC_00b2a 
make[1]: Leaving directory '/home/runner/telegram-bot-api/build/CMakeFiles/CMakeTmp'


Source file was:
int main() { return 0; }
Performing C++ SOURCE FILE Test HAVE_CXX_FLAG_WALL succeeded with the following output:
Change Dir: /home/runner/telegram-bot-api/build/CMakeFiles/CMakeTmp

Run Build Command(s):/usr/bin/make -f Makefile cmTC_72152/fast && /usr/bin/make  -f CMakeFiles/cmTC_72152.dir/build.make CMakeFiles/cmTC_72152.dir/build
make[1]: Entering directory '/home/runner/telegram-bot-api/build/CMakeFiles/CMakeTmp'
Building CXX object CMakeFiles/cmTC_72152.dir/src.cxx.o
/usr/bin/c++ -DHAVE_CXX_FLAG_WALL  -pthread -std=c++14 -fno-omit-frame-pointer -fno-exceptions -fno-rtti -ffunction-sections -fdata-sections -Wall   -Wall -o CMakeFiles/cmTC_72152.dir/src.cxx.o -c /home/runner/telegram-bot-api/build/CMakeFiles/CMakeTmp/src.cxx
Linking CXX executable cmTC_72152
/usr/local/bin/cmake -E cmake_link_script CMakeFiles/cmTC_72152.dir/link.txt --verbose=1
/usr/bin/c++  -pthread -std=c++14 -fno-omit-frame-pointer -fno-exceptions -fno-rtti -ffunction-sections -fdata-sections -Wall CMakeFiles/cmTC_72152.dir/src.cxx.o -o cmTC_72152 
make[1]: Leaving directory '/home/runner/telegram-bot-api/build/CMakeFiles/CMakeTmp'


Source file was:
int main() { return 0; }
Performing C++ SOURCE FILE Test HAVE_CXX_FLAG_WEXTRA succeeded with the following output:
Change Dir: /home/runner/telegram-bot-api/build/CMakeFiles/CMakeTmp

Run Build Command(s):/usr/bin/make -f Makefile cmTC_709ba/fast && /usr/bin/make  -f CMakeFiles/cmTC_709ba.dir/build.make CMakeFiles/cmTC_709ba.dir/build
make[1]: Entering directory '/home/runner/telegram-bot-api/build/CMakeFiles/CMakeTmp'
Building CXX object CMakeFiles/cmTC_709ba.dir/src.cxx.o
/usr/bin/c++ -DHAVE_CXX_FLAG_WEXTRA  -pthread -std=c++14 -fno-omit-frame-pointer -fno-exceptions -fno-rtti -ffunction-sections -fdata-sections -Wall -Wextra   -Wextra -o CMakeFiles/cmTC_709ba.dir/src.cxx.o -c /home/runner/telegram-bot-api/build/CMakeFiles/CMakeTmp/src.cxx
Linking CXX executable cmTC_709ba
/usr/local/bin/cmake -E cmake_link_script CMakeFiles/cmTC_709ba.dir/link.txt --verbose=1
/usr/bin/c++  -pthread -std=c++14 -fno-omit-frame-pointer -fno-exceptions -fno-rtti -ffunction-sections -fdata-sections -Wall -Wextra CMakeFiles/cmTC_709ba.dir/src.cxx.o -o cmTC_709ba 
make[1]: Leaving directory '/home/runner/telegram-bot-api/build/CMakeFiles/CMakeTmp'


Source file was:
int main() { return 0; }
Performing C++ SOURCE FILE Test HAVE_CXX_FLAG_WIMPLICIT_FALLTHROUGH_2 succeeded with the following output:
Change Dir: /home/runner/telegram-bot-api/build/CMakeFiles/CMakeTmp

Run Build Command(s):/usr/bin/make -f Makefile cmTC_5bc79/fast && /usr/bin/make  -f CMakeFiles/cmTC_5bc79.dir/build.make CMakeFiles/cmTC_5bc79.dir/build
make[1]: Entering directory '/home/runner/telegram-bot-api/build/CMakeFiles/CMakeTmp'
Building CXX object CMakeFiles/cmTC_5bc79.dir/src.cxx.o
/usr/bin/c++ -DHAVE_CXX_FLAG_WIMPLICIT_FALLTHROUGH_2  -pthread -std=c++14 -fno-omit-frame-pointer -fno-exceptions -fno-rtti -ffunction-sections -fdata-sections -Wall -Wextra -Wimplicit-fallthrough=2   -Wimplicit-fallthrough=2 -o CMakeFiles/cmTC_5bc79.dir/src.cxx.o -c /home/runner/telegram-bot-api/build/CMakeFiles/CMakeTmp/src.cxx
Linking CXX executable cmTC_5bc79
/usr/local/bin/cmake -E cmake_link_script CMakeFiles/cmTC_5bc79.dir/link.txt --verbose=1
/usr/bin/c++  -pthread -std=c++14 -fno-omit-frame-pointer -fno-exceptions -fno-rtti -ffunction-sections -fdata-sections -Wall -Wextra -Wimplicit-fallthrough=2 CMakeFiles/cmTC_5bc79.dir/src.cxx.o -o cmTC_5bc79 
make[1]: Leaving directory '/home/runner/telegram-bot-api/build/CMakeFiles/CMakeTmp'


Source file was:
int main() { return 0; }
Performing C++ SOURCE FILE Test HAVE_CXX_FLAG_WPOINTER_ARITH succeeded with the following output:
Change Dir: /home/runner/telegram-bot-api/build/CMakeFiles/CMakeTmp

Run Build Command(s):/usr/bin/make -f Makefile cmTC_627c8/fast && /usr/bin/make  -f CMakeFiles/cmTC_627c8.dir/build.make CMakeFiles/cmTC_627c8.dir/build
make[1]: Entering directory '/home/runner/telegram-bot-api/build/CMakeFiles/CMakeTmp'
Building CXX object CMakeFiles/cmTC_627c8.dir/src.cxx.o
/usr/bin/c++ -DHAVE_CXX_FLAG_WPOINTER_ARITH  -pthread -std=c++14 -fno-omit-frame-pointer -fno-exceptions -fno-rtti -ffunction-sections -fdata-sections -Wall -Wextra -Wimplicit-fallthrough=2 -Wpointer-arith   -Wpointer-arith -o CMakeFiles/cmTC_627c8.dir/src.cxx.o -c /home/runner/telegram-bot-api/build/CMakeFiles/CMakeTmp/src.cxx
Linking CXX executable cmTC_627c8
/usr/local/bin/cmake -E cmake_link_script CMakeFiles/cmTC_627c8.dir/link.txt --verbose=1
/usr/bin/c++  -pthread -std=c++14 -fno-omit-frame-pointer -fno-exceptions -fno-rtti -ffunction-sections -fdata-sections -Wall -Wextra -Wimplicit-fallthrough=2 -Wpointer-arith CMakeFiles/cmTC_627c8.dir/src.cxx.o -o cmTC_627c8 
make[1]: Leaving directory '/home/runner/telegram-bot-api/build/CMakeFiles/CMakeTmp'


Source file was:
int main() { return 0; }
Performing C++ SOURCE FILE Test HAVE_CXX_FLAG_WCAST_QUAL succeeded with the following output:
Change Dir: /home/runner/telegram-bot-api/build/CMakeFiles/CMakeTmp

Run Build Command(s):/usr/bin/make -f Makefile cmTC_5e075/fast && /usr/bin/make  -f CMakeFiles/cmTC_5e075.dir/build.make CMakeFiles/cmTC_5e075.dir/build
make[1]: Entering directory '/home/runner/telegram-bot-api/build/CMakeFiles/CMakeTmp'
Building CXX object CMakeFiles/cmTC_5e075.dir/src.cxx.o
/usr/bin/c++ -DHAVE_CXX_FLAG_WCAST_QUAL  -pthread -std=c++14 -fno-omit-frame-pointer -fno-exceptions -fno-rtti -ffunction-sections -fdata-sections -Wall -Wextra -Wimplicit-fallthrough=2 -Wpointer-arith -Wcast-qual   -Wcast-qual -o CMakeFiles/cmTC_5e075.dir/src.cxx.o -c /home/runner/telegram-bot-api/build/CMakeFiles/CMakeTmp/src.cxx
Linking CXX executable cmTC_5e075
/usr/local/bin/cmake -E cmake_link_script CMakeFiles/cmTC_5e075.dir/link.txt --verbose=1
/usr/bin/c++  -pthread -std=c++14 -fno-omit-frame-pointer -fno-exceptions -fno-rtti -ffunction-sections -fdata-sections -Wall -Wextra -Wimplicit-fallthrough=2 -Wpointer-arith -Wcast-qual CMakeFiles/cmTC_5e075.dir/src.cxx.o -o cmTC_5e075 
make[1]: Leaving directory '/home/runner/telegram-bot-api/build/CMakeFiles/CMakeTmp'


Source file was:
int main() { return 0; }
Performing C++ SOURCE FILE Test HAVE_CXX_FLAG_WSIGN_COMPARE succeeded with the following output:
Change Dir: /home/runner/telegram-bot-api/build/CMakeFiles/CMakeTmp

Run Build Command(s):/usr/bin/make -f Makefile cmTC_e590e/fast && /usr/bin/make  -f CMakeFiles/cmTC_e590e.dir/build.make CMakeFiles/cmTC_e590e.dir/build
make[1]: Entering directory '/home/runner/telegram-bot-api/build/CMakeFiles/CMakeTmp'
Building CXX object CMakeFiles/cmTC_e590e.dir/src.cxx.o
/usr/bin/c++ -DHAVE_CXX_FLAG_WSIGN_COMPARE  -pthread -std=c++14 -fno-omit-frame-pointer -fno-exceptions -fno-rtti -ffunction-sections -fdata-sections -Wall -Wextra -Wimplicit-fallthrough=2 -Wpointer-arith -Wcast-qual -Wsign-compare   -Wsign-compare -o CMakeFiles/cmTC_e590e.dir/src.cxx.o -c /home/runner/telegram-bot-api/build/CMakeFiles/CMakeTmp/src.cxx
Linking CXX executable cmTC_e590e
/usr/local/bin/cmake -E cmake_link_script CMakeFiles/cmTC_e590e.dir/link.txt --verbose=1
/usr/bin/c++  -pthread -std=c++14 -fno-omit-frame-pointer -fno-exceptions -fno-rtti -ffunction-sections -fdata-sections -Wall -Wextra -Wimplicit-fallthrough=2 -Wpointer-arith -Wcast-qual -Wsign-compare CMakeFiles/cmTC_e590e.dir/src.cxx.o -o cmTC_e590e 
make[1]: Leaving directory '/home/runner/telegram-bot-api/build/CMakeFiles/CMakeTmp'


Source file was:
int main() { return 0; }
Performing C++ SOURCE FILE Test HAVE_CXX_FLAG_WDUPLICATED_BRANCHES succeeded with the following output:
Change Dir: /home/runner/telegram-bot-api/build/CMakeFiles/CMakeTmp

Run Build Command(s):/usr/bin/make -f Makefile cmTC_f5bed/fast && /usr/bin/make  -f CMakeFiles/cmTC_f5bed.dir/build.make CMakeFiles/cmTC_f5bed.dir/build
make[1]: Entering directory '/home/runner/telegram-bot-api/build/CMakeFiles/CMakeTmp'
Building CXX object CMakeFiles/cmTC_f5bed.dir/src.cxx.o
/usr/bin/c++ -DHAVE_CXX_FLAG_WDUPLICATED_BRANCHES  -pthread -std=c++14 -fno-omit-frame-pointer -fno-exceptions -fno-rtti -ffunction-sections -fdata-sections -Wall -Wextra -Wimplicit-fallthrough=2 -Wpointer-arith -Wcast-qual -Wsign-compare -Wduplicated-branches   -Wduplicated-branches -o CMakeFiles/cmTC_f5bed.dir/src.cxx.o -c /home/runner/telegram-bot-api/build/CMakeFiles/CMakeTmp/src.cxx
Linking CXX executable cmTC_f5bed
/usr/local/bin/cmake -E cmake_link_script CMakeFiles/cmTC_f5bed.dir/link.txt --verbose=1
/usr/bin/c++  -pthread -std=c++14 -fno-omit-frame-pointer -fno-exceptions -fno-rtti -ffunction-sections -fdata-sections -Wall -Wextra -Wimplicit-fallthrough=2 -Wpointer-arith -Wcast-qual -Wsign-compare -Wduplicated-branches CMakeFiles/cmTC_f5bed.dir/src.cxx.o -o cmTC_f5bed 
make[1]: Leaving directory '/home/runner/telegram-bot-api/build/CMakeFiles/CMakeTmp'


Source file was:
int main() { return 0; }
Performing C++ SOURCE FILE Test HAVE_CXX_FLAG_WDUPLICATED_COND succeeded with the following output:
Change Dir: /home/runner/telegram-bot-api/build/CMakeFiles/CMakeTmp

Run Build Command(s):/usr/bin/make -f Makefile cmTC_6dc59/fast && /usr/bin/make  -f CMakeFiles/cmTC_6dc59.dir/build.make CMakeFiles/cmTC_6dc59.dir/build
make[1]: Entering directory '/home/runner/telegram-bot-api/build/CMakeFiles/CMakeTmp'
Building CXX object CMakeFiles/cmTC_6dc59.dir/src.cxx.o
/usr/bin/c++ -DHAVE_CXX_FLAG_WDUPLICATED_COND  -pthread -std=c++14 -fno-omit-frame-pointer -fno-exceptions -fno-rtti -ffunction-sections -fdata-sections -Wall -Wextra -Wimplicit-fallthrough=2 -Wpointer-arith -Wcast-qual -Wsign-compare -Wduplicated-branches -Wduplicated-cond   -Wduplicated-cond -o CMakeFiles/cmTC_6dc59.dir/src.cxx.o -c /home/runner/telegram-bot-api/build/CMakeFiles/CMakeTmp/src.cxx
Linking CXX executable cmTC_6dc59
/usr/local/bin/cmake -E cmake_link_script CMakeFiles/cmTC_6dc59.dir/link.txt --verbose=1
/usr/bin/c++  -pthread -std=c++14 -fno-omit-frame-pointer -fno-exceptions -fno-rtti -ffunction-sections -fdata-sections -Wall -Wextra -Wimplicit-fallthrough=2 -Wpointer-arith -Wcast-qual -Wsign-compare -Wduplicated-branches -Wduplicated-cond CMakeFiles/cmTC_6dc59.dir/src.cxx.o -o cmTC_6dc59 
make[1]: Leaving directory '/home/runner/telegram-bot-api/build/CMakeFiles/CMakeTmp'


Source file was:
int main() { return 0; }
Performing C++ SOURCE FILE Test HAVE_CXX_FLAG_WALLOC_ZERO succeeded with the following output:
Change Dir: /home/runner/telegram-bot-api/build/CMakeFiles/CMakeTmp

Run Build Command(s):/usr/bin/make -f Makefile cmTC_fb1b4/fast && /usr/bin/make  -f CMakeFiles/cmTC_fb1b4.dir/build.make CMakeFiles/cmTC_fb1b4.dir/build
make[1]: Entering directory '/home/runner/telegram-bot-api/build/CMakeFiles/CMakeTmp'
Building CXX object CMakeFiles/cmTC_fb1b4.dir/src.cxx.o
/usr/bin/c++ -DHAVE_CXX_FLAG_WALLOC_ZERO  -pthread -std=c++14 -fno-omit-frame-pointer -fno-exceptions -fno-rtti -ffunction-sections -fdata-sections -Wall -Wextra -Wimplicit-fallthrough=2 -Wpointer-arith -Wcast-qual -Wsign-compare -Wduplicated-branches -Wduplicated-cond -Walloc-zero   -Walloc-zero -o CMakeFiles/cmTC_fb1b4.dir/src.cxx.o -c /home/runner/telegram-bot-api/build/CMakeFiles/CMakeTmp/src.cxx
Linking CXX executable cmTC_fb1b4
/usr/local/bin/cmake -E cmake_link_script CMakeFiles/cmTC_fb1b4.dir/link.txt --verbose=1
/usr/bin/c++  -pthread -std=c++14 -fno-omit-frame-pointer -fno-exceptions -fno-rtti -ffunction-sections -fdata-sections -Wall -Wextra -Wimplicit-fallthrough=2 -Wpointer-arith -Wcast-qual -Wsign-compare -Wduplicated-branches -Wduplicated-cond -Walloc-zero CMakeFiles/cmTC_fb1b4.dir/src.cxx.o -o cmTC_fb1b4 
make[1]: Leaving directory '/home/runner/telegram-bot-api/build/CMakeFiles/CMakeTmp'


Source file was:
int main() { return 0; }
Performing C++ SOURCE FILE Test HAVE_CXX_FLAG_WLOGICAL_OP succeeded with the following output:
Change Dir: /home/runner/telegram-bot-api/build/CMakeFiles/CMakeTmp

Run Build Command(s):/usr/bin/make -f Makefile cmTC_abe69/fast && /usr/bin/make  -f CMakeFiles/cmTC_abe69.dir/build.make CMakeFiles/cmTC_abe69.dir/build
make[1]: Entering directory '/home/runner/telegram-bot-api/build/CMakeFiles/CMakeTmp'
Building CXX object CMakeFiles/cmTC_abe69.dir/src.cxx.o
/usr/bin/c++ -DHAVE_CXX_FLAG_WLOGICAL_OP  -pthread -std=c++14 -fno-omit-frame-pointer -fno-exceptions -fno-rtti -ffunction-sections -fdata-sections -Wall -Wextra -Wimplicit-fallthrough=2 -Wpointer-arith -Wcast-qual -Wsign-compare -Wduplicated-branches -Wduplicated-cond -Walloc-zero -Wlogical-op   -Wlogical-op -o CMakeFiles/cmTC_abe69.dir/src.cxx.o -c /home/runner/telegram-bot-api/build/CMakeFiles/CMakeTmp/src.cxx
Linking CXX executable cmTC_abe69
/usr/local/bin/cmake -E cmake_link_script CMakeFiles/cmTC_abe69.dir/link.txt --verbose=1
/usr/bin/c++  -pthread -std=c++14 -fno-omit-frame-pointer -fno-exceptions -fno-rtti -ffunction-sections -fdata-sections -Wall -Wextra -Wimplicit-fallthrough=2 -Wpointer-arith -Wcast-qual -Wsign-compare -Wduplicated-branches -Wduplicated-cond -Walloc-zero -Wlogical-op CMakeFiles/cmTC_abe69.dir/src.cxx.o -o cmTC_abe69 
make[1]: Leaving directory '/home/runner/telegram-bot-api/build/CMakeFiles/CMakeTmp'


Source file was:
int main() { return 0; }
Performing C++ SOURCE FILE Test HAVE_CXX_FLAG_WTAUTOLOGICAL_COMPARE succeeded with the following output:
Change Dir: /home/runner/telegram-bot-api/build/CMakeFiles/CMakeTmp

Run Build Command(s):/usr/bin/make -f Makefile cmTC_a9cf0/fast && /usr/bin/make  -f CMakeFiles/cmTC_a9cf0.dir/build.make CMakeFiles/cmTC_a9cf0.dir/build
make[1]: Entering directory '/home/runner/telegram-bot-api/build/CMakeFiles/CMakeTmp'
Building CXX object CMakeFiles/cmTC_a9cf0.dir/src.cxx.o
/usr/bin/c++ -DHAVE_CXX_FLAG_WTAUTOLOGICAL_COMPARE  -pthread -std=c++14 -fno-omit-frame-pointer -fno-exceptions -fno-rtti -ffunction-sections -fdata-sections -Wall -Wextra -Wimplicit-fallthrough=2 -Wpointer-arith -Wcast-qual -Wsign-compare -Wduplicated-branches -Wduplicated-cond -Walloc-zero -Wlogical-op -Wno-tautological-compare   -Wtautological-compare -o CMakeFiles/cmTC_a9cf0.dir/src.cxx.o -c /home/runner/telegram-bot-api/build/CMakeFiles/CMakeTmp/src.cxx
Linking CXX executable cmTC_a9cf0
/usr/local/bin/cmake -E cmake_link_script CMakeFiles/cmTC_a9cf0.dir/link.txt --verbose=1
/usr/bin/c++  -pthread -std=c++14 -fno-omit-frame-pointer -fno-exceptions -fno-rtti -ffunction-sections -fdata-sections -Wall -Wextra -Wimplicit-fallthrough=2 -Wpointer-arith -Wcast-qual -Wsign-compare -Wduplicated-branches -Wduplicated-cond -Walloc-zero -Wlogical-op -Wno-tautological-compare CMakeFiles/cmTC_a9cf0.dir/src.cxx.o -o cmTC_a9cf0 
make[1]: Leaving directory '/home/runner/telegram-bot-api/build/CMakeFiles/CMakeTmp'


Source file was:
int main() { return 0; }
Performing C++ SOURCE FILE Test HAVE_CXX_FLAG_WVLA succeeded with the following output:
Change Dir: /home/runner/telegram-bot-api/build/CMakeFiles/CMakeTmp

Run Build Command(s):/usr/bin/make -f Makefile cmTC_6fcaa/fast && /usr/bin/make  -f CMakeFiles/cmTC_6fcaa.dir/build.make CMakeFiles/cmTC_6fcaa.dir/build
make[1]: Entering directory '/home/runner/telegram-bot-api/build/CMakeFiles/CMakeTmp'
Building CXX object CMakeFiles/cmTC_6fcaa.dir/src.cxx.o
/usr/bin/c++ -DHAVE_CXX_FLAG_WVLA  -pthread -std=c++14 -fno-omit-frame-pointer -fno-exceptions -fno-rtti -ffunction-sections -fdata-sections -Wall -Wextra -Wimplicit-fallthrough=2 -Wpointer-arith -Wcast-qual -Wsign-compare -Wduplicated-branches -Wduplicated-cond -Walloc-zero -Wlogical-op -Wno-tautological-compare -Wpointer-arith -Wvla   -Wvla -o CMakeFiles/cmTC_6fcaa.dir/src.cxx.o -c /home/runner/telegram-bot-api/build/CMakeFiles/CMakeTmp/src.cxx
Linking CXX executable cmTC_6fcaa
/usr/local/bin/cmake -E cmake_link_script CMakeFiles/cmTC_6fcaa.dir/link.txt --verbose=1
/usr/bin/c++  -pthread -std=c++14 -fno-omit-frame-pointer -fno-exceptions -fno-rtti -ffunction-sections -fdata-sections -Wall -Wextra -Wimplicit-fallthrough=2 -Wpointer-arith -Wcast-qual -Wsign-compare -Wduplicated-branches -Wduplicated-cond -Walloc-zero -Wlogical-op -Wno-tautological-compare -Wpointer-arith -Wvla CMakeFiles/cmTC_6fcaa.dir/src.cxx.o -o cmTC_6fcaa 
make[1]: Leaving directory '/home/runner/telegram-bot-api/build/CMakeFiles/CMakeTmp'


Source file was:
int main() { return 0; }
Performing C++ SOURCE FILE Test HAVE_CXX_FLAG_WNON_VIRTUAL_DTOR succeeded with the following output:
Change Dir: /home/runner/telegram-bot-api/build/CMakeFiles/CMakeTmp

Run Build Command(s):/usr/bin/make -f Makefile cmTC_4812d/fast && /usr/bin/make  -f CMakeFiles/cmTC_4812d.dir/build.make CMakeFiles/cmTC_4812d.dir/build
make[1]: Entering directory '/home/runner/telegram-bot-api/build/CMakeFiles/CMakeTmp'
Building CXX object CMakeFiles/cmTC_4812d.dir/src.cxx.o
/usr/bin/c++ -DHAVE_CXX_FLAG_WNON_VIRTUAL_DTOR  -pthread -std=c++14 -fno-omit-frame-pointer -fno-exceptions -fno-rtti -ffunction-sections -fdata-sections -Wall -Wextra -Wimplicit-fallthrough=2 -Wpointer-arith -Wcast-qual -Wsign-compare -Wduplicated-branches -Wduplicated-cond -Walloc-zero -Wlogical-op -Wno-tautological-compare -Wpointer-arith -Wvla -Wnon-virtual-dtor   -Wnon-virtual-dtor -o CMakeFiles/cmTC_4812d.dir/src.cxx.o -c /home/runner/telegram-bot-api/build/CMakeFiles/CMakeTmp/src.cxx
Linking CXX executable cmTC_4812d
/usr/local/bin/cmake -E cmake_link_script CMakeFiles/cmTC_4812d.dir/link.txt --verbose=1
/usr/bin/c++  -pthread -std=c++14 -fno-omit-frame-pointer -fno-exceptions -fno-rtti -ffunction-sections -fdata-sections -Wall -Wextra -Wimplicit-fallthrough=2 -Wpointer-arith -Wcast-qual -Wsign-compare -Wduplicated-branches -Wduplicated-cond -Walloc-zero -Wlogical-op -Wno-tautological-compare -Wpointer-arith -Wvla -Wnon-virtual-dtor CMakeFiles/cmTC_4812d.dir/src.cxx.o -o cmTC_4812d 
make[1]: Leaving directory '/home/runner/telegram-bot-api/build/CMakeFiles/CMakeTmp'


Source file was:
int main() { return 0; }
Performing C++ SOURCE FILE Test HAVE_CXX_FLAG_WUNUSED_PARAMETER succeeded with the following output:
Change Dir: /home/runner/telegram-bot-api/build/CMakeFiles/CMakeTmp

Run Build Command(s):/usr/bin/make -f Makefile cmTC_609ca/fast && /usr/bin/make  -f CMakeFiles/cmTC_609ca.dir/build.make CMakeFiles/cmTC_609ca.dir/build
make[1]: Entering directory '/home/runner/telegram-bot-api/build/CMakeFiles/CMakeTmp'
Building CXX object CMakeFiles/cmTC_609ca.dir/src.cxx.o
/usr/bin/c++ -DHAVE_CXX_FLAG_WUNUSED_PARAMETER  -pthread -std=c++14 -fno-omit-frame-pointer -fno-exceptions -fno-rtti -ffunction-sections -fdata-sections -Wall -Wextra -Wimplicit-fallthrough=2 -Wpointer-arith -Wcast-qual -Wsign-compare -Wduplicated-branches -Wduplicated-cond -Walloc-zero -Wlogical-op -Wno-tautological-compare -Wpointer-arith -Wvla -Wnon-virtual-dtor -Wno-unused-parameter   -Wunused-parameter -o CMakeFiles/cmTC_609ca.dir/src.cxx.o -c /home/runner/telegram-bot-api/build/CMakeFiles/CMakeTmp/src.cxx
Linking CXX executable cmTC_609ca
/usr/local/bin/cmake -E cmake_link_script CMakeFiles/cmTC_609ca.dir/link.txt --verbose=1
/usr/bin/c++  -pthread -std=c++14 -fno-omit-frame-pointer -fno-exceptions -fno-rtti -ffunction-sections -fdata-sections -Wall -Wextra -Wimplicit-fallthrough=2 -Wpointer-arith -Wcast-qual -Wsign-compare -Wduplicated-branches -Wduplicated-cond -Walloc-zero -Wlogical-op -Wno-tautological-compare -Wpointer-arith -Wvla -Wnon-virtual-dtor -Wno-unused-parameter CMakeFiles/cmTC_609ca.dir/src.cxx.o -o cmTC_609ca 
make[1]: Leaving directory '/home/runner/telegram-bot-api/build/CMakeFiles/CMakeTmp'


Source file was:
int main() { return 0; }
Performing C++ SOURCE FILE Test HAVE_CXX_FLAG_WCONVERSION succeeded with the following output:
Change Dir: /home/runner/telegram-bot-api/build/CMakeFiles/CMakeTmp

Run Build Command(s):/usr/bin/make -f Makefile cmTC_14fe3/fast && /usr/bin/make  -f CMakeFiles/cmTC_14fe3.dir/build.make CMakeFiles/cmTC_14fe3.dir/build
make[1]: Entering directory '/home/runner/telegram-bot-api/build/CMakeFiles/CMakeTmp'
Building CXX object CMakeFiles/cmTC_14fe3.dir/src.cxx.o
/usr/bin/c++ -DHAVE_CXX_FLAG_WCONVERSION  -pthread -std=c++14 -fno-omit-frame-pointer -fno-exceptions -fno-rtti -ffunction-sections -fdata-sections -Wall -Wextra -Wimplicit-fallthrough=2 -Wpointer-arith -Wcast-qual -Wsign-compare -Wduplicated-branches -Wduplicated-cond -Walloc-zero -Wlogical-op -Wno-tautological-compare -Wpointer-arith -Wvla -Wnon-virtual-dtor -Wno-unused-parameter -Wconversion   -Wconversion -o CMakeFiles/cmTC_14fe3.dir/src.cxx.o -c /home/runner/telegram-bot-api/build/CMakeFiles/CMakeTmp/src.cxx
Linking CXX executable cmTC_14fe3
/usr/local/bin/cmake -E cmake_link_script CMakeFiles/cmTC_14fe3.dir/link.txt --verbose=1
/usr/bin/c++  -pthread -std=c++14 -fno-omit-frame-pointer -fno-exceptions -fno-rtti -ffunction-sections -fdata-sections -Wall -Wextra -Wimplicit-fallthrough=2 -Wpointer-arith -Wcast-qual -Wsign-compare -Wduplicated-branches -Wduplicated-cond -Walloc-zero -Wlogical-op -Wno-tautological-compare -Wpointer-arith -Wvla -Wnon-virtual-dtor -Wno-unused-parameter -Wconversion CMakeFiles/cmTC_14fe3.dir/src.cxx.o -o cmTC_14fe3 
make[1]: Leaving directory '/home/runner/telegram-bot-api/build/CMakeFiles/CMakeTmp'


Source file was:
int main() { return 0; }
Performing C++ SOURCE FILE Test HAVE_CXX_FLAG_WSIGN_CONVERSION succeeded with the following output:
Change Dir: /home/runner/telegram-bot-api/build/CMakeFiles/CMakeTmp

Run Build Command(s):/usr/bin/make -f Makefile cmTC_78874/fast && /usr/bin/make  -f CMakeFiles/cmTC_78874.dir/build.make CMakeFiles/cmTC_78874.dir/build
make[1]: Entering directory '/home/runner/telegram-bot-api/build/CMakeFiles/CMakeTmp'
Building CXX object CMakeFiles/cmTC_78874.dir/src.cxx.o
/usr/bin/c++ -DHAVE_CXX_FLAG_WSIGN_CONVERSION  -pthread -std=c++14 -fno-omit-frame-pointer -fno-exceptions -fno-rtti -ffunction-sections -fdata-sections -Wall -Wextra -Wimplicit-fallthrough=2 -Wpointer-arith -Wcast-qual -Wsign-compare -Wduplicated-branches -Wduplicated-cond -Walloc-zero -Wlogical-op -Wno-tautological-compare -Wpointer-arith -Wvla -Wnon-virtual-dtor -Wno-unused-parameter -Wconversion -Wno-sign-conversion   -Wsign-conversion -o CMakeFiles/cmTC_78874.dir/src.cxx.o -c /home/runner/telegram-bot-api/build/CMakeFiles/CMakeTmp/src.cxx
Linking CXX executable cmTC_78874
/usr/local/bin/cmake -E cmake_link_script CMakeFiles/cmTC_78874.dir/link.txt --verbose=1
/usr/bin/c++  -pthread -std=c++14 -fno-omit-frame-pointer -fno-exceptions -fno-rtti -ffunction-sections -fdata-sections -Wall -Wextra -Wimplicit-fallthrough=2 -Wpointer-arith -Wcast-qual -Wsign-compare -Wduplicated-branches -Wduplicated-cond -Walloc-zero -Wlogical-op -Wno-tautological-compare -Wpointer-arith -Wvla -Wnon-virtual-dtor -Wno-unused-parameter -Wconversion -Wno-sign-conversion CMakeFiles/cmTC_78874.dir/src.cxx.o -o cmTC_78874 
make[1]: Leaving directory '/home/runner/telegram-bot-api/build/CMakeFiles/CMakeTmp'


Source file was:
int main() { return 0; }
Performing C++ SOURCE FILE Test HAVE_CXX_FLAG_WDEPRECATED succeeded with the following output:
Change Dir: /home/runner/telegram-bot-api/build/CMakeFiles/CMakeTmp

Run Build Command(s):/usr/bin/make -f Makefile cmTC_d33fb/fast && /usr/bin/make  -f CMakeFiles/cmTC_d33fb.dir/build.make CMakeFiles/cmTC_d33fb.dir/build
make[1]: Entering directory '/home/runner/telegram-bot-api/build/CMakeFiles/CMakeTmp'
Building CXX object CMakeFiles/cmTC_d33fb.dir/src.cxx.o
/usr/bin/c++ -DHAVE_CXX_FLAG_WDEPRECATED  -pthread -std=c++14 -fno-omit-frame-pointer -fno-exceptions -fno-rtti -ffunction-sections -fdata-sections -Wall -Wextra -Wimplicit-fallthrough=2 -Wpointer-arith -Wcast-qual -Wsign-compare -Wduplicated-branches -Wduplicated-cond -Walloc-zero -Wlogical-op -Wno-tautological-compare -Wpointer-arith -Wvla -Wnon-virtual-dtor -Wno-unused-parameter -Wconversion -Wno-sign-conversion -Wdeprecated   -Wdeprecated -o CMakeFiles/cmTC_d33fb.dir/src.cxx.o -c /home/runner/telegram-bot-api/build/CMakeFiles/CMakeTmp/src.cxx
Linking CXX executable cmTC_d33fb
/usr/local/bin/cmake -E cmake_link_script CMakeFiles/cmTC_d33fb.dir/link.txt --verbose=1
/usr/bin/c++  -pthread -std=c++14 -fno-omit-frame-pointer -fno-exceptions -fno-rtti -ffunction-sections -fdata-sections -Wall -Wextra -Wimplicit-fallthrough=2 -Wpointer-arith -Wcast-qual -Wsign-compare -Wduplicated-branches -Wduplicated-cond -Walloc-zero -Wlogical-op -Wno-tautological-compare -Wpointer-arith -Wvla -Wnon-virtual-dtor -Wno-unused-parameter -Wconversion -Wno-sign-conversion -Wdeprecated CMakeFiles/cmTC_d33fb.dir/src.cxx.o -o cmTC_d33fb 
make[1]: Leaving directory '/home/runner/telegram-bot-api/build/CMakeFiles/CMakeTmp'


Source file was:
int main() { return 0; }
Performing C++ SOURCE FILE Test HAVE_CXX_FLAG_WODR succeeded with the following output:
Change Dir: /home/runner/telegram-bot-api/build/CMakeFiles/CMakeTmp

Run Build Command(s):/usr/bin/make -f Makefile cmTC_6fb25/fast && /usr/bin/make  -f CMakeFiles/cmTC_6fb25.dir/build.make CMakeFiles/cmTC_6fb25.dir/build
make[1]: Entering directory '/home/runner/telegram-bot-api/build/CMakeFiles/CMakeTmp'
Building CXX object CMakeFiles/cmTC_6fb25.dir/src.cxx.o
/usr/bin/c++ -DHAVE_CXX_FLAG_WODR  -pthread -std=c++14 -fno-omit-frame-pointer -fno-exceptions -fno-rtti -ffunction-sections -fdata-sections -Wall -Wextra -Wimplicit-fallthrough=2 -Wpointer-arith -Wcast-qual -Wsign-compare -Wduplicated-branches -Wduplicated-cond -Walloc-zero -Wlogical-op -Wno-tautological-compare -Wpointer-arith -Wvla -Wnon-virtual-dtor -Wno-unused-parameter -Wconversion -Wno-sign-conversion -Wdeprecated -Wodr   -Wodr -o CMakeFiles/cmTC_6fb25.dir/src.cxx.o -c /home/runner/telegram-bot-api/build/CMakeFiles/CMakeTmp/src.cxx
Linking CXX executable cmTC_6fb25
/usr/local/bin/cmake -E cmake_link_script CMakeFiles/cmTC_6fb25.dir/link.txt --verbose=1
/usr/bin/c++  -pthread -std=c++14 -fno-omit-frame-pointer -fno-exceptions -fno-rtti -ffunction-sections -fdata-sections -Wall -Wextra -Wimplicit-fallthrough=2 -Wpointer-arith -Wcast-qual -Wsign-compare -Wduplicated-branches -Wduplicated-cond -Walloc-zero -Wlogical-op -Wno-tautological-compare -Wpointer-arith -Wvla -Wnon-virtual-dtor -Wno-unused-parameter -Wconversion -Wno-sign-conversion -Wdeprecated -Wodr CMakeFiles/cmTC_6fb25.dir/src.cxx.o -o cmTC_6fb25 
make[1]: Leaving directory '/home/runner/telegram-bot-api/build/CMakeFiles/CMakeTmp'


Source file was:
int main() { return 0; }
Performing C++ SOURCE FILE Test HAVE_CXX_FLAG_FLTO_ODR_TYPE_MERGING succeeded with the following output:
Change Dir: /home/runner/telegram-bot-api/build/CMakeFiles/CMakeTmp

Run Build Command(s):/usr/bin/make -f Makefile cmTC_5873d/fast && /usr/bin/make  -f CMakeFiles/cmTC_5873d.dir/build.make CMakeFiles/cmTC_5873d.dir/build
make[1]: Entering directory '/home/runner/telegram-bot-api/build/CMakeFiles/CMakeTmp'
Building CXX object CMakeFiles/cmTC_5873d.dir/src.cxx.o
/usr/bin/c++ -DHAVE_CXX_FLAG_FLTO_ODR_TYPE_MERGING  -pthread -std=c++14 -fno-omit-frame-pointer -fno-exceptions -fno-rtti -ffunction-sections -fdata-sections -Wall -Wextra -Wimplicit-fallthrough=2 -Wpointer-arith -Wcast-qual -Wsign-compare -Wduplicated-branches -Wduplicated-cond -Walloc-zero -Wlogical-op -Wno-tautological-compare -Wpointer-arith -Wvla -Wnon-virtual-dtor -Wno-unused-parameter -Wconversion -Wno-sign-conversion -Wdeprecated -Wodr -flto-odr-type-merging   -flto-odr-type-merging -o CMakeFiles/cmTC_5873d.dir/src.cxx.o -c /home/runner/telegram-bot-api/build/CMakeFiles/CMakeTmp/src.cxx
Linking CXX executable cmTC_5873d
/usr/local/bin/cmake -E cmake_link_script CMakeFiles/cmTC_5873d.dir/link.txt --verbose=1
/usr/bin/c++  -pthread -std=c++14 -fno-omit-frame-pointer -fno-exceptions -fno-rtti -ffunction-sections -fdata-sections -Wall -Wextra -Wimplicit-fallthrough=2 -Wpointer-arith -Wcast-qual -Wsign-compare -Wduplicated-branches -Wduplicated-cond -Walloc-zero -Wlogical-op -Wno-tautological-compare -Wpointer-arith -Wvla -Wnon-virtual-dtor -Wno-unused-parameter -Wconversion -Wno-sign-conversion -Wdeprecated -Wodr -flto-odr-type-merging CMakeFiles/cmTC_5873d.dir/src.cxx.o -o cmTC_5873d 
make[1]: Leaving directory '/home/runner/telegram-bot-api/build/CMakeFiles/CMakeTmp'


Source file was:
int main() { return 0; }
Performing C++ SOURCE FILE Test HAVE_CXX_FLAG_WMAYBE_UNINITIALIZED succeeded with the following output:
Change Dir: /home/runner/telegram-bot-api/build/CMakeFiles/CMakeTmp

Run Build Command(s):/usr/bin/make -f Makefile cmTC_47fbe/fast && /usr/bin/make  -f CMakeFiles/cmTC_47fbe.dir/build.make CMakeFiles/cmTC_47fbe.dir/build
make[1]: Entering directory '/home/runner/telegram-bot-api/build/CMakeFiles/CMakeTmp'
Building CXX object CMakeFiles/cmTC_47fbe.dir/src.cxx.o
/usr/bin/c++ -DHAVE_CXX_FLAG_WMAYBE_UNINITIALIZED  -pthread -std=c++14 -fno-omit-frame-pointer -fno-exceptions -fno-rtti -ffunction-sections -fdata-sections -Wall -Wextra -Wimplicit-fallthrough=2 -Wpointer-arith -Wcast-qual -Wsign-compare -Wduplicated-branches -Wduplicated-cond -Walloc-zero -Wlogical-op -Wno-tautological-compare -Wpointer-arith -Wvla -Wnon-virtual-dtor -Wno-unused-parameter -Wconversion -Wno-sign-conversion -Wdeprecated -Wodr -flto-odr-type-merging -Wno-maybe-uninitialized   -Wmaybe-uninitialized -o CMakeFiles/cmTC_47fbe.dir/src.cxx.o -c /home/runner/telegram-bot-api/build/CMakeFiles/CMakeTmp/src.cxx
Linking CXX executable cmTC_47fbe
/usr/local/bin/cmake -E cmake_link_script CMakeFiles/cmTC_47fbe.dir/link.txt --verbose=1
/usr/bin/c++  -pthread -std=c++14 -fno-omit-frame-pointer -fno-exceptions -fno-rtti -ffunction-sections -fdata-sections -Wall -Wextra -Wimplicit-fallthrough=2 -Wpointer-arith -Wcast-qual -Wsign-compare -Wduplicated-branches -Wduplicated-cond -Walloc-zero -Wlogical-op -Wno-tautological-compare -Wpointer-arith -Wvla -Wnon-virtual-dtor -Wno-unused-parameter -Wconversion -Wno-sign-conversion -Wdeprecated -Wodr -flto-odr-type-merging -Wno-maybe-uninitialized CMakeFiles/cmTC_47fbe.dir/src.cxx.o -o cmTC_47fbe 
make[1]: Leaving directory '/home/runner/telegram-bot-api/build/CMakeFiles/CMakeTmp'


Source file was:
int main() { return 0; }
Performing C++ SOURCE FILE Test HAVE_CXX_FLAG_WREDUNDANT_MOVE succeeded with the following output:
Change Dir: /home/runner/telegram-bot-api/build/CMakeFiles/CMakeTmp

Run Build Command(s):/usr/bin/make -f Makefile cmTC_9d7e8/fast && /usr/bin/make  -f CMakeFiles/cmTC_9d7e8.dir/build.make CMakeFiles/cmTC_9d7e8.dir/build
make[1]: Entering directory '/home/runner/telegram-bot-api/build/CMakeFiles/CMakeTmp'
Building CXX object CMakeFiles/cmTC_9d7e8.dir/src.cxx.o
/usr/bin/c++ -DHAVE_CXX_FLAG_WREDUNDANT_MOVE  -pthread -std=c++14 -fno-omit-frame-pointer -fno-exceptions -fno-rtti -ffunction-sections -fdata-sections -Wall -Wextra -Wimplicit-fallthrough=2 -Wpointer-arith -Wcast-qual -Wsign-compare -Wduplicated-branches -Wduplicated-cond -Walloc-zero -Wlogical-op -Wno-tautological-compare -Wpointer-arith -Wvla -Wnon-virtual-dtor -Wno-unused-parameter -Wconversion -Wno-sign-conversion -Wdeprecated -Wodr -flto-odr-type-merging -Wno-maybe-uninitialized -Wno-redundant-move   -Wredundant-move -o CMakeFiles/cmTC_9d7e8.dir/src.cxx.o -c /home/runner/telegram-bot-api/build/CMakeFiles/CMakeTmp/src.cxx
Linking CXX executable cmTC_9d7e8
/usr/local/bin/cmake -E cmake_link_script CMakeFiles/cmTC_9d7e8.dir/link.txt --verbose=1
/usr/bin/c++  -pthread -std=c++14 -fno-omit-frame-pointer -fno-exceptions -fno-rtti -ffunction-sections -fdata-sections -Wall -Wextra -Wimplicit-fallthrough=2 -Wpointer-arith -Wcast-qual -Wsign-compare -Wduplicated-branches -Wduplicated-cond -Walloc-zero -Wlogical-op -Wno-tautological-compare -Wpointer-arith -Wvla -Wnon-virtual-dtor -Wno-unused-parameter -Wconversion -Wno-sign-conversion -Wdeprecated -Wodr -flto-odr-type-merging -Wno-maybe-uninitialized -Wno-redundant-move CMakeFiles/cmTC_9d7e8.dir/src.cxx.o -o cmTC_9d7e8 
make[1]: Leaving directory '/home/runner/telegram-bot-api/build/CMakeFiles/CMakeTmp'


Source file was:
int main() { return 0; }
Performing C++ SOURCE FILE Test COMPILER_HAS_HIDDEN_VISIBILITY succeeded with the following output:
Change Dir: /home/runner/telegram-bot-api/build/CMakeFiles/CMakeTmp

Run Build Command(s):/usr/bin/make -f Makefile cmTC_23add/fast && /usr/bin/make  -f CMakeFiles/cmTC_23add.dir/build.make CMakeFiles/cmTC_23add.dir/build
make[1]: Entering directory '/home/runner/telegram-bot-api/build/CMakeFiles/CMakeTmp'
Building CXX object CMakeFiles/cmTC_23add.dir/src.cxx.o
/usr/bin/c++ -DCOMPILER_HAS_HIDDEN_VISIBILITY  -pthread -std=c++14 -fno-omit-frame-pointer -fno-exceptions -fno-rtti -ffunction-sections -fdata-sections -Wall -Wextra -Wimplicit-fallthrough=2 -Wpointer-arith -Wcast-qual -Wsign-compare -Wduplicated-branches -Wduplicated-cond -Walloc-zero -Wlogical-op -Wno-tautological-compare -Wpointer-arith -Wvla -Wnon-virtual-dtor -Wno-unused-parameter -Wconversion -Wno-sign-conversion -Wdeprecated -Wodr -flto-odr-type-merging -Wno-maybe-uninitialized -Wno-redundant-move  -fPIE   -fvisibility=hidden -o CMakeFiles/cmTC_23add.dir/src.cxx.o -c /home/runner/telegram-bot-api/build/CMakeFiles/CMakeTmp/src.cxx
Linking CXX executable cmTC_23add
/usr/local/bin/cmake -E cmake_link_script CMakeFiles/cmTC_23add.dir/link.txt --verbose=1
/usr/bin/c++  -pthread -std=c++14 -fno-omit-frame-pointer -fno-exceptions -fno-rtti -ffunction-sections -fdata-sections -Wall -Wextra -Wimplicit-fallthrough=2 -Wpointer-arith -Wcast-qual -Wsign-compare -Wduplicated-branches -Wduplicated-cond -Walloc-zero -Wlogical-op -Wno-tautological-compare -Wpointer-arith -Wvla -Wnon-virtual-dtor -Wno-unused-parameter -Wconversion -Wno-sign-conversion -Wdeprecated -Wodr -flto-odr-type-merging -Wno-maybe-uninitialized -Wno-redundant-move  CMakeFiles/cmTC_23add.dir/src.cxx.o -o cmTC_23add 
make[1]: Leaving directory '/home/runner/telegram-bot-api/build/CMakeFiles/CMakeTmp'


Source file was:
int main() { return 0; }
Performing C++ SOURCE FILE Test COMPILER_HAS_HIDDEN_INLINE_VISIBILITY succeeded with the following output:
Change Dir: /home/runner/telegram-bot-api/build/CMakeFiles/CMakeTmp

Run Build Command(s):/usr/bin/make -f Makefile cmTC_d062b/fast && /usr/bin/make  -f CMakeFiles/cmTC_d062b.dir/build.make CMakeFiles/cmTC_d062b.dir/build
make[1]: Entering directory '/home/runner/telegram-bot-api/build/CMakeFiles/CMakeTmp'
Building CXX object CMakeFiles/cmTC_d062b.dir/src.cxx.o
/usr/bin/c++ -DCOMPILER_HAS_HIDDEN_INLINE_VISIBILITY  -pthread -std=c++14 -fno-omit-frame-pointer -fno-exceptions -fno-rtti -ffunction-sections -fdata-sections -Wall -Wextra -Wimplicit-fallthrough=2 -Wpointer-arith -Wcast-qual -Wsign-compare -Wduplicated-branches -Wduplicated-cond -Walloc-zero -Wlogical-op -Wno-tautological-compare -Wpointer-arith -Wvla -Wnon-virtual-dtor -Wno-unused-parameter -Wconversion -Wno-sign-conversion -Wdeprecated -Wodr -flto-odr-type-merging -Wno-maybe-uninitialized -Wno-redundant-move  -fPIE   -fvisibility-inlines-hidden -o CMakeFiles/cmTC_d062b.dir/src.cxx.o -c /home/runner/telegram-bot-api/build/CMakeFiles/CMakeTmp/src.cxx
Linking CXX executable cmTC_d062b
/usr/local/bin/cmake -E cmake_link_script CMakeFiles/cmTC_d062b.dir/link.txt --verbose=1
/usr/bin/c++  -pthread -std=c++14 -fno-omit-frame-pointer -fno-exceptions -fno-rtti -ffunction-sections -fdata-sections -Wall -Wextra -Wimplicit-fallthrough=2 -Wpointer-arith -Wcast-qual -Wsign-compare -Wduplicated-branches -Wduplicated-cond -Walloc-zero -Wlogical-op -Wno-tautological-compare -Wpointer-arith -Wvla -Wnon-virtual-dtor -Wno-unused-parameter -Wconversion -Wno-sign-conversion -Wdeprecated -Wodr -flto-odr-type-merging -Wno-maybe-uninitialized -Wno-redundant-move  CMakeFiles/cmTC_d062b.dir/src.cxx.o -o cmTC_d062b 
make[1]: Leaving directory '/home/runner/telegram-bot-api/build/CMakeFiles/CMakeTmp'


Source file was:
int main() { return 0; }
Performing C++ SOURCE FILE Test COMPILER_HAS_DEPRECATED_ATTR succeeded with the following output:
Change Dir: /home/runner/telegram-bot-api/build/CMakeFiles/CMakeTmp

Run Build Command(s):/usr/bin/make -f Makefile cmTC_24101/fast && /usr/bin/make  -f CMakeFiles/cmTC_24101.dir/build.make CMakeFiles/cmTC_24101.dir/build
make[1]: Entering directory '/home/runner/telegram-bot-api/build/CMakeFiles/CMakeTmp'
Building CXX object CMakeFiles/cmTC_24101.dir/src.cxx.o
/usr/bin/c++ -DCOMPILER_HAS_DEPRECATED_ATTR  -pthread -std=c++14 -fno-omit-frame-pointer -fno-exceptions -fno-rtti -ffunction-sections -fdata-sections -Wall -Wextra -Wimplicit-fallthrough=2 -Wpointer-arith -Wcast-qual -Wsign-compare -Wduplicated-branches -Wduplicated-cond -Walloc-zero -Wlogical-op -Wno-tautological-compare -Wpointer-arith -Wvla -Wnon-virtual-dtor -Wno-unused-parameter -Wconversion -Wno-sign-conversion -Wdeprecated -Wodr -flto-odr-type-merging -Wno-maybe-uninitialized -Wno-redundant-move  -fPIE -o CMakeFiles/cmTC_24101.dir/src.cxx.o -c /home/runner/telegram-bot-api/build/CMakeFiles/CMakeTmp/src.cxx
/home/runner/telegram-bot-api/build/CMakeFiles/CMakeTmp/src.cxx: In function int main():
/home/runner/telegram-bot-api/build/CMakeFiles/CMakeTmp/src.cxx:2:34: warning: int somefunc() is deprecated [-Wdeprecated-declarations]
    2 |     int main() { return somefunc();}
      |                                  ^
/home/runner/telegram-bot-api/build/CMakeFiles/CMakeTmp/src.cxx:1:37: note: declared here
    1 | __attribute__((__deprecated__)) int somefunc() { return 0; }
      |                                     ^~~~~~~~
/home/runner/telegram-bot-api/build/CMakeFiles/CMakeTmp/src.cxx:2:34: warning: int somefunc() is deprecated [-Wdeprecated-declarations]
    2 |     int main() { return somefunc();}
      |                                  ^
/home/runner/telegram-bot-api/build/CMakeFiles/CMakeTmp/src.cxx:1:37: note: declared here
    1 | __attribute__((__deprecated__)) int somefunc() { return 0; }
      |                                     ^~~~~~~~
Linking CXX executable cmTC_24101
/usr/local/bin/cmake -E cmake_link_script CMakeFiles/cmTC_24101.dir/link.txt --verbose=1
/usr/bin/c++  -pthread -std=c++14 -fno-omit-frame-pointer -fno-exceptions -fno-rtti -ffunction-sections -fdata-sections -Wall -Wextra -Wimplicit-fallthrough=2 -Wpointer-arith -Wcast-qual -Wsign-compare -Wduplicated-branches -Wduplicated-cond -Walloc-zero -Wlogical-op -Wno-tautological-compare -Wpointer-arith -Wvla -Wnon-virtual-dtor -Wno-unused-parameter -Wconversion -Wno-sign-conversion -Wdeprecated -Wodr -flto-odr-type-merging -Wno-maybe-uninitialized -Wno-redundant-move  CMakeFiles/cmTC_24101.dir/src.cxx.o -o cmTC_24101 
make[1]: Leaving directory '/home/runner/telegram-bot-api/build/CMakeFiles/CMakeTmp'


Source file was:
__attribute__((__deprecated__)) int somefunc() { return 0; }
    int main() { return somefunc();}
Performing C++ SOURCE FILE Test GNU_READLINE_FOUND succeeded with the following output:
Change Dir: /home/runner/telegram-bot-api/build/CMakeFiles/CMakeTmp

Run Build Command(s):/usr/bin/make -f Makefile cmTC_a306d/fast && /usr/bin/make  -f CMakeFiles/cmTC_a306d.dir/build.make CMakeFiles/cmTC_a306d.dir/build
make[1]: Entering directory '/home/runner/telegram-bot-api/build/CMakeFiles/CMakeTmp'
Building CXX object CMakeFiles/cmTC_a306d.dir/src.cxx.o
/usr/bin/c++ -DGNU_READLINE_FOUND  -pthread -std=c++14 -fno-omit-frame-pointer -fno-exceptions -fno-rtti -ffunction-sections -fdata-sections -Wall -Wextra -Wimplicit-fallthrough=2 -Wpointer-arith -Wcast-qual -Wsign-compare -Wduplicated-branches -Wduplicated-cond -Walloc-zero -Wlogical-op -Wno-tautological-compare -Wpointer-arith -Wvla -Wnon-virtual-dtor -Wno-unused-parameter -Wconversion -Wno-sign-conversion -Wdeprecated -Wodr -flto-odr-type-merging -Wno-maybe-uninitialized -Wno-redundant-move  -fPIE -o CMakeFiles/cmTC_a306d.dir/src.cxx.o -c /home/runner/telegram-bot-api/build/CMakeFiles/CMakeTmp/src.cxx
Linking CXX executable cmTC_a306d
/usr/local/bin/cmake -E cmake_link_script CMakeFiles/cmTC_a306d.dir/link.txt --verbose=1
/usr/bin/c++  -pthread -std=c++14 -fno-omit-frame-pointer -fno-exceptions -fno-rtti -ffunction-sections -fdata-sections -Wall -Wextra -Wimplicit-fallthrough=2 -Wpointer-arith -Wcast-qual -Wsign-compare -Wduplicated-branches -Wduplicated-cond -Walloc-zero -Wlogical-op -Wno-tautological-compare -Wpointer-arith -Wvla -Wnon-virtual-dtor -Wno-unused-parameter -Wconversion -Wno-sign-conversion -Wdeprecated -Wodr -flto-odr-type-merging -Wno-maybe-uninitialized -Wno-redundant-move  CMakeFiles/cmTC_a306d.dir/src.cxx.o -o cmTC_a306d  /usr/lib/x86_64-linux-gnu/libreadline.so 
make[1]: Leaving directory '/home/runner/telegram-bot-api/build/CMakeFiles/CMakeTmp'


Source file was:
#include <stdio.h>
#include <readline/readline.h>
int main() { rl_replace_line("", 0); }
Performing C++ SOURCE FILE Test USABLE_READLINE_FOUND succeeded with the following output:
Change Dir: /home/runner/telegram-bot-api/build/CMakeFiles/CMakeTmp

Run Build Command(s):/usr/bin/make -f Makefile cmTC_ac491/fast && /usr/bin/make  -f CMakeFiles/cmTC_ac491.dir/build.make CMakeFiles/cmTC_ac491.dir/build
make[1]: Entering directory '/home/runner/telegram-bot-api/build/CMakeFiles/CMakeTmp'
Building CXX object CMakeFiles/cmTC_ac491.dir/src.cxx.o
/usr/bin/c++ -DUSABLE_READLINE_FOUND  -pthread -std=c++14 -fno-omit-frame-pointer -fno-exceptions -fno-rtti -ffunction-sections -fdata-sections -Wall -Wextra -Wimplicit-fallthrough=2 -Wpointer-arith -Wcast-qual -Wsign-compare -Wduplicated-branches -Wduplicated-cond -Walloc-zero -Wlogical-op -Wno-tautological-compare -Wpointer-arith -Wvla -Wnon-virtual-dtor -Wno-unused-parameter -Wconversion -Wno-sign-conversion -Wdeprecated -Wodr -flto-odr-type-merging -Wno-maybe-uninitialized -Wno-redundant-move  -fPIE -o CMakeFiles/cmTC_ac491.dir/src.cxx.o -c /home/runner/telegram-bot-api/build/CMakeFiles/CMakeTmp/src.cxx
Linking CXX executable cmTC_ac491
/usr/local/bin/cmake -E cmake_link_script CMakeFiles/cmTC_ac491.dir/link.txt --verbose=1
/usr/bin/c++  -pthread -std=c++14 -fno-omit-frame-pointer -fno-exceptions -fno-rtti -ffunction-sections -fdata-sections -Wall -Wextra -Wimplicit-fallthrough=2 -Wpointer-arith -Wcast-qual -Wsign-compare -Wduplicated-branches -Wduplicated-cond -Walloc-zero -Wlogical-op -Wno-tautological-compare -Wpointer-arith -Wvla -Wnon-virtual-dtor -Wno-unused-parameter -Wconversion -Wno-sign-conversion -Wdeprecated -Wodr -flto-odr-type-merging -Wno-maybe-uninitialized -Wno-redundant-move  CMakeFiles/cmTC_ac491.dir/src.cxx.o -o cmTC_ac491  /usr/lib/x86_64-linux-gnu/libreadline.so 
make[1]: Leaving directory '/home/runner/telegram-bot-api/build/CMakeFiles/CMakeTmp'


Source file was:
#include <stdio.h>
#include <readline/readline.h>
int main() { rl_free(0); }
