Performing C SOURCE FILE Test CMAKE_HAVE_LIBC_PTHREAD failed with the following output:
Change Dir: /home/runner/telegram-bot-api/build/CMakeFiles/CMakeTmp

Run Build Command(s):/usr/bin/make -f Makefile cmTC_8dd88/fast && /usr/bin/make  -f CMakeFiles/cmTC_8dd88.dir/build.make CMakeFiles/cmTC_8dd88.dir/build
make[1]: Entering directory '/home/runner/telegram-bot-api/build/CMakeFiles/CMakeTmp'
Building C object CMakeFiles/cmTC_8dd88.dir/src.c.o
/usr/bin/cc -DCMAKE_HAVE_LIBC_PTHREAD   -o CMakeFiles/cmTC_8dd88.dir/src.c.o -c /home/runner/telegram-bot-api/build/CMakeFiles/CMakeTmp/src.c
Linking C executable cmTC_8dd88
/usr/local/bin/cmake -E cmake_link_script CMakeFiles/cmTC_8dd88.dir/link.txt --verbose=1
/usr/bin/cc CMakeFiles/cmTC_8dd88.dir/src.c.o -o cmTC_8dd88 
/usr/bin/ld: CMakeFiles/cmTC_8dd88.dir/src.c.o: in function `main':
src.c:(.text+0x46): undefined reference to `pthread_create'
/usr/bin/ld: src.c:(.text+0x52): undefined reference to `pthread_detach'
/usr/bin/ld: src.c:(.text+0x5e): undefined reference to `pthread_cancel'
/usr/bin/ld: src.c:(.text+0x6f): undefined reference to `pthread_join'
collect2: error: ld returned 1 exit status
make[1]: *** [CMakeFiles/cmTC_8dd88.dir/build.make:99: cmTC_8dd88] Error 1
make[1]: Leaving directory '/home/runner/telegram-bot-api/build/CMakeFiles/CMakeTmp'
make: *** [Makefile:127: cmTC_8dd88/fast] Error 2


Source file was:
#include <pthread.h>

static void* test_func(void* data)
{
  return data;
}

int main(void)
{
  pthread_t thread;
  pthread_create(&thread, NULL, test_func, NULL);
  pthread_detach(thread);
  pthread_cancel(thread);
  pthread_join(thread, NULL);
  pthread_atfork(NULL, NULL, NULL);
  pthread_exit(NULL);

  return 0;
}

Performing C++ SOURCE FILE Test HAVE_CXX_FLAG_WCXX14_COMPAT_PEDANTIC failed with the following output:
Change Dir: /home/runner/telegram-bot-api/build/CMakeFiles/CMakeTmp

Run Build Command(s):/usr/bin/make -f Makefile cmTC_dcfca/fast && /usr/bin/make  -f CMakeFiles/cmTC_dcfca.dir/build.make CMakeFiles/cmTC_dcfca.dir/build
make[1]: Entering directory '/home/runner/telegram-bot-api/build/CMakeFiles/CMakeTmp'
Building CXX object CMakeFiles/cmTC_dcfca.dir/src.cxx.o
/usr/bin/c++ -DHAVE_CXX_FLAG_WCXX14_COMPAT_PEDANTIC  -pthread -std=c++14 -fno-omit-frame-pointer -fno-exceptions -fno-rtti -ffunction-sections -fdata-sections -Wall -Wextra -Wimplicit-fallthrough=2 -Wpointer-arith -Wcast-qual -Wsign-compare -Wduplicated-branches -Wduplicated-cond -Walloc-zero -Wlogical-op -Wno-tautological-compare -Wpointer-arith -Wvla -Wnon-virtual-dtor -Wno-unused-parameter -Wconversion -Wno-sign-conversion -Wc++14-compat-pedantic   -Wc++14-compat-pedantic -o CMakeFiles/cmTC_dcfca.dir/src.cxx.o -c /home/runner/telegram-bot-api/build/CMakeFiles/CMakeTmp/src.cxx
c++: error: unrecognized command line option '-Wc++14-compat-pedantic'
c++: error: unrecognized command line option '-Wc++14-compat-pedantic'
make[1]: *** [CMakeFiles/cmTC_dcfca.dir/build.make:78: CMakeFiles/cmTC_dcfca.dir/src.cxx.o] Error 1
make[1]: Leaving directory '/home/runner/telegram-bot-api/build/CMakeFiles/CMakeTmp'
make: *** [Makefile:127: cmTC_dcfca/fast] Error 2


Source file was:
int main() { return 0; }
Performing C++ SOURCE FILE Test HAVE_CXX_FLAG_WUNUSED_COMMAND_LINE_ARGUMENT failed with the following output:
Change Dir: /home/runner/telegram-bot-api/build/CMakeFiles/CMakeTmp

Run Build Command(s):/usr/bin/make -f Makefile cmTC_ba4c7/fast && /usr/bin/make  -f CMakeFiles/cmTC_ba4c7.dir/build.make CMakeFiles/cmTC_ba4c7.dir/build
make[1]: Entering directory '/home/runner/telegram-bot-api/build/CMakeFiles/CMakeTmp'
Building CXX object CMakeFiles/cmTC_ba4c7.dir/src.cxx.o
/usr/bin/c++ -DHAVE_CXX_FLAG_WUNUSED_COMMAND_LINE_ARGUMENT  -pthread -std=c++14 -fno-omit-frame-pointer -fno-exceptions -fno-rtti -ffunction-sections -fdata-sections -Wall -Wextra -Wimplicit-fallthrough=2 -Wpointer-arith -Wcast-qual -Wsign-compare -Wduplicated-branches -Wduplicated-cond -Walloc-zero -Wlogical-op -Wno-tautological-compare -Wpointer-arith -Wvla -Wnon-virtual-dtor -Wno-unused-parameter -Wconversion -Wno-sign-conversion -Wdeprecated -Wno-unused-command-line-argument   -Wunused-command-line-argument -o CMakeFiles/cmTC_ba4c7.dir/src.cxx.o -c /home/runner/telegram-bot-api/build/CMakeFiles/CMakeTmp/src.cxx
c++: error: unrecognized command line option '-Wunused-command-line-argument'; did you mean '-Wunused-dummy-argument'?
make[1]: *** [CMakeFiles/cmTC_ba4c7.dir/build.make:78: CMakeFiles/cmTC_ba4c7.dir/src.cxx.o] Error 1
make[1]: Leaving directory '/home/runner/telegram-bot-api/build/CMakeFiles/CMakeTmp'
make: *** [Makefile:127: cmTC_ba4c7/fast] Error 2


Source file was:
int main() { return 0; }
Performing C++ SOURCE FILE Test HAVE_CXX_FLAG_QUNUSED_ARGUMENTS failed with the following output:
Change Dir: /home/runner/telegram-bot-api/build/CMakeFiles/CMakeTmp

Run Build Command(s):/usr/bin/make -f Makefile cmTC_39ab5/fast && /usr/bin/make  -f CMakeFiles/cmTC_39ab5.dir/build.make CMakeFiles/cmTC_39ab5.dir/build
make[1]: Entering directory '/home/runner/telegram-bot-api/build/CMakeFiles/CMakeTmp'
Building CXX object CMakeFiles/cmTC_39ab5.dir/src.cxx.o
/usr/bin/c++ -DHAVE_CXX_FLAG_QUNUSED_ARGUMENTS  -pthread -std=c++14 -fno-omit-frame-pointer -fno-exceptions -fno-rtti -ffunction-sections -fdata-sections -Wall -Wextra -Wimplicit-fallthrough=2 -Wpointer-arith -Wcast-qual -Wsign-compare -Wduplicated-branches -Wduplicated-cond -Walloc-zero -Wlogical-op -Wno-tautological-compare -Wpointer-arith -Wvla -Wnon-virtual-dtor -Wno-unused-parameter -Wconversion -Wno-sign-conversion -Wdeprecated -Qunused-arguments   -Qunused-arguments -o CMakeFiles/cmTC_39ab5.dir/src.cxx.o -c /home/runner/telegram-bot-api/build/CMakeFiles/CMakeTmp/src.cxx
c++: error: unrecognized command line option '-Qunused-arguments'
c++: error: unrecognized command line option '-Qunused-arguments'
make[1]: *** [CMakeFiles/cmTC_39ab5.dir/build.make:78: CMakeFiles/cmTC_39ab5.dir/src.cxx.o] Error 1
make[1]: Leaving directory '/home/runner/telegram-bot-api/build/CMakeFiles/CMakeTmp'
make: *** [Makefile:127: cmTC_39ab5/fast] Error 2


Source file was:
int main() { return 0; }
